#
# There is insufficient memory for the Java Runtime Environment to continue.
# Native memory allocation (malloc) failed to allocate 1215824 bytes for Chunk::new
# Possible reasons:
#   The system is out of physical RAM or swap space
#   The process is running with CompressedOops enabled, and the Java Heap may be blocking the growth of the native heap
# Possible solutions:
#   Reduce memory load on the system
#   Increase physical memory or swap space
#   Check if swap backing store is full
#   Decrease Java heap size (-Xmx/-Xms)
#   Decrease number of Java threads
#   Decrease Java thread stack sizes (-Xss)
#   Set larger code cache with -XX:ReservedCodeCacheSize=
#   JVM is running with Unscaled Compressed Oops mode in which the Java heap is
#     placed in the first 4GB address space. The Java Heap base address is the
#     maximum limit for the native heap growth. Please use -XX:HeapBaseMinAddress
#     to set the Java Heap base and to place the Java Heap above 4GB virtual address.
# This output file may be truncated or incomplete.
#
#  Out of Memory Error (arena.cpp:189), pid=14624, tid=25428
#
# JRE version: OpenJDK Runtime Environment Temurin-17.0.2+8 (17.0.2+8) (build 17.0.2+8)
# Java VM: OpenJDK 64-Bit Server VM Temurin-17.0.2+8 (17.0.2+8, mixed mode, tiered, compressed oops, compressed class ptrs, g1 gc, windows-amd64)
# No core dump will be written. Minidumps are not enabled by default on client versions of Windows
#

---------------  S U M M A R Y ------------

Command Line: C:\Users\KOMODO~1\AppData\Local\Temp\surefire13463459778901227964\surefirebooter11296499279340845194.jar C:\Users\komodo-pc\AppData\Local\Temp\surefire13463459778901227964 2023-10-09T17-33-15_875-jvmRun1 surefire3552227540423019075tmp surefire_05475795955289828048tmp

Host: Intel(R) Core(TM) i7-3770 CPU @ 3.40GHz, 8 cores, 7G,  Windows 10 , 64 bit Build 19041 (10.0.19041.3393)
Time: Mon Oct  9 17:33:16 2023 SE Asia Standard Time elapsed time: 0.678632 seconds (0d 0h 0m 0s)

---------------  T H R E A D  ---------------

Current thread (0x0000019b13da89b0):  JavaThread "C2 CompilerThread1" daemon [_thread_in_native, id=25428, stack(0x0000005475500000,0x0000005475600000)]


Current CompileTask:
C2:    678  770       4       java.util.jar.JarFile::getEntry (35 bytes)

Stack: [0x0000005475500000,0x0000005475600000]
Native frames: (J=compiled Java code, j=interpreted, Vv=VM code, C=native code)
V  [jvm.dll+0x67564a]
V  [jvm.dll+0x82fc04]
V  [jvm.dll+0x8313ae]
V  [jvm.dll+0x831a13]
V  [jvm.dll+0x245235]
V  [jvm.dll+0xabd7b]
V  [jvm.dll+0xac30c]
V  [jvm.dll+0x3631f7]
V  [jvm.dll+0x1bb8e8]
V  [jvm.dll+0x218229]
V  [jvm.dll+0x2174f1]
V  [jvm.dll+0x1a3a8d]
V  [jvm.dll+0x226ef8]
V  [jvm.dll+0x22503c]
V  [jvm.dll+0x7e596b]
V  [jvm.dll+0x7dff2a]
V  [jvm.dll+0x6744d5]
C  [ucrtbase.dll+0x21bb2]
C  [KERNEL32.DLL+0x17344]
C  [ntdll.dll+0x526b1]


---------------  P R O C E S S  ---------------

Threads class SMR info:
_java_thread_list=0x0000019b13cf6f50, length=15, elements={
0x0000019b7882b270, 0x0000019b7f7fb9c0, 0x0000019b7f7fc830, 0x0000019b7f806300,
0x0000019b7f806eb0, 0x0000019b7f846820, 0x0000019b7f8470e0, 0x0000019b7f8483d0,
0x0000019b13908070, 0x0000019b1390ee90, 0x0000019b13a80ed0, 0x0000019b13a8b7d0,
0x0000019b13af0c60, 0x0000019b13bffb80, 0x0000019b13da89b0
}

Java Threads: ( => current thread )
  0x0000019b7882b270 JavaThread "main" [_thread_in_vm, id=23828, stack(0x0000005474000000,0x0000005474100000)]
  0x0000019b7f7fb9c0 JavaThread "Reference Handler" daemon [_thread_blocked, id=9016, stack(0x0000005474700000,0x0000005474800000)]
  0x0000019b7f7fc830 JavaThread "Finalizer" daemon [_thread_blocked, id=7656, stack(0x0000005474800000,0x0000005474900000)]
  0x0000019b7f806300 JavaThread "Signal Dispatcher" daemon [_thread_blocked, id=17932, stack(0x0000005474900000,0x0000005474a00000)]
  0x0000019b7f806eb0 JavaThread "Attach Listener" daemon [_thread_blocked, id=2264, stack(0x0000005474a00000,0x0000005474b00000)]
  0x0000019b7f846820 JavaThread "Service Thread" daemon [_thread_blocked, id=8564, stack(0x0000005474b00000,0x0000005474c00000)]
  0x0000019b7f8470e0 JavaThread "Monitor Deflation Thread" daemon [_thread_blocked, id=22968, stack(0x0000005474c00000,0x0000005474d00000)]
  0x0000019b7f8483d0 JavaThread "C2 CompilerThread0" daemon [_thread_in_native, id=18288, stack(0x0000005474d00000,0x0000005474e00000)]
  0x0000019b13908070 JavaThread "C1 CompilerThread0" daemon [_thread_in_vm, id=13688, stack(0x0000005474e00000,0x0000005474f00000)]
  0x0000019b1390ee90 JavaThread "Sweeper thread" daemon [_thread_blocked, id=17344, stack(0x0000005474f00000,0x0000005475000000)]
  0x0000019b13a80ed0 JavaThread "Notification Thread" daemon [_thread_blocked, id=4236, stack(0x0000005475000000,0x0000005475100000)]
  0x0000019b13a8b7d0 JavaThread "Common-Cleaner" daemon [_thread_blocked, id=12548, stack(0x0000005475200000,0x0000005475300000)]
  0x0000019b13af0c60 JavaThread "surefire-forkedjvm-command-thread" daemon [_thread_in_native, id=19836, stack(0x0000005475300000,0x0000005475400000)]
  0x0000019b13bffb80 JavaThread "surefire-forkedjvm-ping-30s" daemon [_thread_blocked, id=19584, stack(0x0000005475400000,0x0000005475500000)]
=>0x0000019b13da89b0 JavaThread "C2 CompilerThread1" daemon [_thread_in_native, id=25428, stack(0x0000005475500000,0x0000005475600000)]

Other Threads:
  0x0000019b7f7a0a70 VMThread "VM Thread" [stack: 0x0000005474600000,0x0000005474700000] [id=25044]
  0x0000019b788935f0 WatcherThread [stack: 0x0000005475100000,0x0000005475200000] [id=1028]
  0x0000019b7886b8a0 GCTaskThread "GC Thread#0" [stack: 0x0000005474100000,0x0000005474200000] [id=21256]
  0x0000019b7887dc90 ConcurrentGCThread "G1 Main Marker" [stack: 0x0000005474200000,0x0000005474300000] [id=24436]
  0x0000019b7887e6a0 ConcurrentGCThread "G1 Conc#0" [stack: 0x0000005474300000,0x0000005474400000] [id=25072]
  0x0000019b7890b530 ConcurrentGCThread "G1 Refine#0" [stack: 0x0000005474400000,0x0000005474500000] [id=22876]
  0x0000019b7890bf50 ConcurrentGCThread "G1 Service" [stack: 0x0000005474500000,0x0000005474600000] [id=20152]

Threads with active compile tasks:
C2 CompilerThread0      707 1068       4       java.lang.StringLatin1::toLowerCase (186 bytes)
C1 CompilerThread0      707 1088       3       java.lang.invoke.InfoFromMemberName::getMethodType (8 bytes)
C2 CompilerThread1      707  770       4       java.util.jar.JarFile::getEntry (35 bytes)

VM state: not at safepoint (normal execution)

VM Mutex/Monitor currently owned by a thread: None

Heap address: 0x0000000081c00000, size: 2020 MB, Compressed Oops mode: 32-bit

CDS archive(s) not mapped
Compressed class space mapped at: 0x0000000100000000-0x0000000140000000, reserved size: 1073741824
Narrow klass base: 0x0000000000000000, Narrow klass shift: 3, Narrow klass range: 0x140000000

GC Precious Log:
 CPUs: 8 total, 8 available
 Memory: 8078M
 Large Page Support: Disabled
 NUMA Support: Disabled
 Compressed Oops: Enabled (32-bit)
 Heap Region Size: 1M
 Heap Min Capacity: 8M
 Heap Initial Capacity: 128M
 Heap Max Capacity: 2020M
 Pre-touch: Disabled
 Parallel Workers: 8
 Concurrent Workers: 2
 Concurrent Refinement Workers: 8
 Periodic GC: Disabled

Heap:
 garbage-first heap   total 131072K, used 22528K [0x0000000081c00000, 0x0000000100000000)
  region size 1024K, 22 young (22528K), 0 survivors (0K)
 Metaspace       used 13136K, committed 13248K, reserved 1064960K
  class space    used 1311K, committed 1344K, reserved 1048576K

Heap Regions: E=young(eden), S=young(survivor), O=old, HS=humongous(starts), HC=humongous(continues), CS=collection set, F=free, OA=open archive, CA=closed archive, TAMS=top-at-mark-start (previous, next)
|   0|0x0000000081c00000, 0x0000000081d00000, 0x0000000081d00000|100%|HS|  |TAMS 0x0000000081c00000, 0x0000000081c00000| Complete 
|   1|0x0000000081d00000, 0x0000000081d00000, 0x0000000081e00000|  0%| F|  |TAMS 0x0000000081d00000, 0x0000000081d00000| Untracked 
|   2|0x0000000081e00000, 0x0000000081e00000, 0x0000000081f00000|  0%| F|  |TAMS 0x0000000081e00000, 0x0000000081e00000| Untracked 
|   3|0x0000000081f00000, 0x0000000081f00000, 0x0000000082000000|  0%| F|  |TAMS 0x0000000081f00000, 0x0000000081f00000| Untracked 
|   4|0x0000000082000000, 0x0000000082000000, 0x0000000082100000|  0%| F|  |TAMS 0x0000000082000000, 0x0000000082000000| Untracked 
|   5|0x0000000082100000, 0x0000000082100000, 0x0000000082200000|  0%| F|  |TAMS 0x0000000082100000, 0x0000000082100000| Untracked 
|   6|0x0000000082200000, 0x0000000082200000, 0x0000000082300000|  0%| F|  |TAMS 0x0000000082200000, 0x0000000082200000| Untracked 
|   7|0x0000000082300000, 0x0000000082300000, 0x0000000082400000|  0%| F|  |TAMS 0x0000000082300000, 0x0000000082300000| Untracked 
|   8|0x0000000082400000, 0x0000000082400000, 0x0000000082500000|  0%| F|  |TAMS 0x0000000082400000, 0x0000000082400000| Untracked 
|   9|0x0000000082500000, 0x0000000082500000, 0x0000000082600000|  0%| F|  |TAMS 0x0000000082500000, 0x0000000082500000| Untracked 
|  10|0x0000000082600000, 0x0000000082600000, 0x0000000082700000|  0%| F|  |TAMS 0x0000000082600000, 0x0000000082600000| Untracked 
|  11|0x0000000082700000, 0x0000000082700000, 0x0000000082800000|  0%| F|  |TAMS 0x0000000082700000, 0x0000000082700000| Untracked 
|  12|0x0000000082800000, 0x0000000082800000, 0x0000000082900000|  0%| F|  |TAMS 0x0000000082800000, 0x0000000082800000| Untracked 
|  13|0x0000000082900000, 0x0000000082900000, 0x0000000082a00000|  0%| F|  |TAMS 0x0000000082900000, 0x0000000082900000| Untracked 
|  14|0x0000000082a00000, 0x0000000082a00000, 0x0000000082b00000|  0%| F|  |TAMS 0x0000000082a00000, 0x0000000082a00000| Untracked 
|  15|0x0000000082b00000, 0x0000000082b00000, 0x0000000082c00000|  0%| F|  |TAMS 0x0000000082b00000, 0x0000000082b00000| Untracked 
|  16|0x0000000082c00000, 0x0000000082c00000, 0x0000000082d00000|  0%| F|  |TAMS 0x0000000082c00000, 0x0000000082c00000| Untracked 
|  17|0x0000000082d00000, 0x0000000082d00000, 0x0000000082e00000|  0%| F|  |TAMS 0x0000000082d00000, 0x0000000082d00000| Untracked 
|  18|0x0000000082e00000, 0x0000000082e00000, 0x0000000082f00000|  0%| F|  |TAMS 0x0000000082e00000, 0x0000000082e00000| Untracked 
|  19|0x0000000082f00000, 0x0000000082f00000, 0x0000000083000000|  0%| F|  |TAMS 0x0000000082f00000, 0x0000000082f00000| Untracked 
|  20|0x0000000083000000, 0x0000000083000000, 0x0000000083100000|  0%| F|  |TAMS 0x0000000083000000, 0x0000000083000000| Untracked 
|  21|0x0000000083100000, 0x0000000083100000, 0x0000000083200000|  0%| F|  |TAMS 0x0000000083100000, 0x0000000083100000| Untracked 
|  22|0x0000000083200000, 0x0000000083200000, 0x0000000083300000|  0%| F|  |TAMS 0x0000000083200000, 0x0000000083200000| Untracked 
|  23|0x0000000083300000, 0x0000000083300000, 0x0000000083400000|  0%| F|  |TAMS 0x0000000083300000, 0x0000000083300000| Untracked 
|  24|0x0000000083400000, 0x0000000083400000, 0x0000000083500000|  0%| F|  |TAMS 0x0000000083400000, 0x0000000083400000| Untracked 
|  25|0x0000000083500000, 0x0000000083500000, 0x0000000083600000|  0%| F|  |TAMS 0x0000000083500000, 0x0000000083500000| Untracked 
|  26|0x0000000083600000, 0x0000000083600000, 0x0000000083700000|  0%| F|  |TAMS 0x0000000083600000, 0x0000000083600000| Untracked 
|  27|0x0000000083700000, 0x0000000083700000, 0x0000000083800000|  0%| F|  |TAMS 0x0000000083700000, 0x0000000083700000| Untracked 
|  28|0x0000000083800000, 0x0000000083800000, 0x0000000083900000|  0%| F|  |TAMS 0x0000000083800000, 0x0000000083800000| Untracked 
|  29|0x0000000083900000, 0x0000000083900000, 0x0000000083a00000|  0%| F|  |TAMS 0x0000000083900000, 0x0000000083900000| Untracked 
|  30|0x0000000083a00000, 0x0000000083a00000, 0x0000000083b00000|  0%| F|  |TAMS 0x0000000083a00000, 0x0000000083a00000| Untracked 
|  31|0x0000000083b00000, 0x0000000083b00000, 0x0000000083c00000|  0%| F|  |TAMS 0x0000000083b00000, 0x0000000083b00000| Untracked 
|  32|0x0000000083c00000, 0x0000000083c00000, 0x0000000083d00000|  0%| F|  |TAMS 0x0000000083c00000, 0x0000000083c00000| Untracked 
|  33|0x0000000083d00000, 0x0000000083d00000, 0x0000000083e00000|  0%| F|  |TAMS 0x0000000083d00000, 0x0000000083d00000| Untracked 
|  34|0x0000000083e00000, 0x0000000083e00000, 0x0000000083f00000|  0%| F|  |TAMS 0x0000000083e00000, 0x0000000083e00000| Untracked 
|  35|0x0000000083f00000, 0x0000000083f00000, 0x0000000084000000|  0%| F|  |TAMS 0x0000000083f00000, 0x0000000083f00000| Untracked 
|  36|0x0000000084000000, 0x0000000084000000, 0x0000000084100000|  0%| F|  |TAMS 0x0000000084000000, 0x0000000084000000| Untracked 
|  37|0x0000000084100000, 0x0000000084100000, 0x0000000084200000|  0%| F|  |TAMS 0x0000000084100000, 0x0000000084100000| Untracked 
|  38|0x0000000084200000, 0x0000000084200000, 0x0000000084300000|  0%| F|  |TAMS 0x0000000084200000, 0x0000000084200000| Untracked 
|  39|0x0000000084300000, 0x0000000084300000, 0x0000000084400000|  0%| F|  |TAMS 0x0000000084300000, 0x0000000084300000| Untracked 
|  40|0x0000000084400000, 0x0000000084400000, 0x0000000084500000|  0%| F|  |TAMS 0x0000000084400000, 0x0000000084400000| Untracked 
|  41|0x0000000084500000, 0x0000000084500000, 0x0000000084600000|  0%| F|  |TAMS 0x0000000084500000, 0x0000000084500000| Untracked 
|  42|0x0000000084600000, 0x0000000084600000, 0x0000000084700000|  0%| F|  |TAMS 0x0000000084600000, 0x0000000084600000| Untracked 
|  43|0x0000000084700000, 0x0000000084700000, 0x0000000084800000|  0%| F|  |TAMS 0x0000000084700000, 0x0000000084700000| Untracked 
|  44|0x0000000084800000, 0x0000000084800000, 0x0000000084900000|  0%| F|  |TAMS 0x0000000084800000, 0x0000000084800000| Untracked 
|  45|0x0000000084900000, 0x0000000084900000, 0x0000000084a00000|  0%| F|  |TAMS 0x0000000084900000, 0x0000000084900000| Untracked 
|  46|0x0000000084a00000, 0x0000000084a00000, 0x0000000084b00000|  0%| F|  |TAMS 0x0000000084a00000, 0x0000000084a00000| Untracked 
|  47|0x0000000084b00000, 0x0000000084b00000, 0x0000000084c00000|  0%| F|  |TAMS 0x0000000084b00000, 0x0000000084b00000| Untracked 
|  48|0x0000000084c00000, 0x0000000084c00000, 0x0000000084d00000|  0%| F|  |TAMS 0x0000000084c00000, 0x0000000084c00000| Untracked 
|  49|0x0000000084d00000, 0x0000000084d00000, 0x0000000084e00000|  0%| F|  |TAMS 0x0000000084d00000, 0x0000000084d00000| Untracked 
|  50|0x0000000084e00000, 0x0000000084e00000, 0x0000000084f00000|  0%| F|  |TAMS 0x0000000084e00000, 0x0000000084e00000| Untracked 
|  51|0x0000000084f00000, 0x0000000084f00000, 0x0000000085000000|  0%| F|  |TAMS 0x0000000084f00000, 0x0000000084f00000| Untracked 
|  52|0x0000000085000000, 0x0000000085000000, 0x0000000085100000|  0%| F|  |TAMS 0x0000000085000000, 0x0000000085000000| Untracked 
|  53|0x0000000085100000, 0x0000000085100000, 0x0000000085200000|  0%| F|  |TAMS 0x0000000085100000, 0x0000000085100000| Untracked 
|  54|0x0000000085200000, 0x0000000085200000, 0x0000000085300000|  0%| F|  |TAMS 0x0000000085200000, 0x0000000085200000| Untracked 
|  55|0x0000000085300000, 0x0000000085300000, 0x0000000085400000|  0%| F|  |TAMS 0x0000000085300000, 0x0000000085300000| Untracked 
|  56|0x0000000085400000, 0x0000000085400000, 0x0000000085500000|  0%| F|  |TAMS 0x0000000085400000, 0x0000000085400000| Untracked 
|  57|0x0000000085500000, 0x0000000085500000, 0x0000000085600000|  0%| F|  |TAMS 0x0000000085500000, 0x0000000085500000| Untracked 
|  58|0x0000000085600000, 0x0000000085600000, 0x0000000085700000|  0%| F|  |TAMS 0x0000000085600000, 0x0000000085600000| Untracked 
|  59|0x0000000085700000, 0x0000000085700000, 0x0000000085800000|  0%| F|  |TAMS 0x0000000085700000, 0x0000000085700000| Untracked 
|  60|0x0000000085800000, 0x0000000085800000, 0x0000000085900000|  0%| F|  |TAMS 0x0000000085800000, 0x0000000085800000| Untracked 
|  61|0x0000000085900000, 0x0000000085900000, 0x0000000085a00000|  0%| F|  |TAMS 0x0000000085900000, 0x0000000085900000| Untracked 
|  62|0x0000000085a00000, 0x0000000085a00000, 0x0000000085b00000|  0%| F|  |TAMS 0x0000000085a00000, 0x0000000085a00000| Untracked 
|  63|0x0000000085b00000, 0x0000000085b00000, 0x0000000085c00000|  0%| F|  |TAMS 0x0000000085b00000, 0x0000000085b00000| Untracked 
|  64|0x0000000085c00000, 0x0000000085c00000, 0x0000000085d00000|  0%| F|  |TAMS 0x0000000085c00000, 0x0000000085c00000| Untracked 
|  65|0x0000000085d00000, 0x0000000085d00000, 0x0000000085e00000|  0%| F|  |TAMS 0x0000000085d00000, 0x0000000085d00000| Untracked 
|  66|0x0000000085e00000, 0x0000000085e00000, 0x0000000085f00000|  0%| F|  |TAMS 0x0000000085e00000, 0x0000000085e00000| Untracked 
|  67|0x0000000085f00000, 0x0000000085f00000, 0x0000000086000000|  0%| F|  |TAMS 0x0000000085f00000, 0x0000000085f00000| Untracked 
|  68|0x0000000086000000, 0x0000000086000000, 0x0000000086100000|  0%| F|  |TAMS 0x0000000086000000, 0x0000000086000000| Untracked 
|  69|0x0000000086100000, 0x0000000086100000, 0x0000000086200000|  0%| F|  |TAMS 0x0000000086100000, 0x0000000086100000| Untracked 
|  70|0x0000000086200000, 0x0000000086200000, 0x0000000086300000|  0%| F|  |TAMS 0x0000000086200000, 0x0000000086200000| Untracked 
|  71|0x0000000086300000, 0x0000000086300000, 0x0000000086400000|  0%| F|  |TAMS 0x0000000086300000, 0x0000000086300000| Untracked 
|  72|0x0000000086400000, 0x0000000086400000, 0x0000000086500000|  0%| F|  |TAMS 0x0000000086400000, 0x0000000086400000| Untracked 
|  73|0x0000000086500000, 0x0000000086500000, 0x0000000086600000|  0%| F|  |TAMS 0x0000000086500000, 0x0000000086500000| Untracked 
|  74|0x0000000086600000, 0x0000000086600000, 0x0000000086700000|  0%| F|  |TAMS 0x0000000086600000, 0x0000000086600000| Untracked 
|  75|0x0000000086700000, 0x0000000086700000, 0x0000000086800000|  0%| F|  |TAMS 0x0000000086700000, 0x0000000086700000| Untracked 
|  76|0x0000000086800000, 0x0000000086800000, 0x0000000086900000|  0%| F|  |TAMS 0x0000000086800000, 0x0000000086800000| Untracked 
|  77|0x0000000086900000, 0x0000000086900000, 0x0000000086a00000|  0%| F|  |TAMS 0x0000000086900000, 0x0000000086900000| Untracked 
|  78|0x0000000086a00000, 0x0000000086a00000, 0x0000000086b00000|  0%| F|  |TAMS 0x0000000086a00000, 0x0000000086a00000| Untracked 
|  79|0x0000000086b00000, 0x0000000086b00000, 0x0000000086c00000|  0%| F|  |TAMS 0x0000000086b00000, 0x0000000086b00000| Untracked 
|  80|0x0000000086c00000, 0x0000000086c00000, 0x0000000086d00000|  0%| F|  |TAMS 0x0000000086c00000, 0x0000000086c00000| Untracked 
|  81|0x0000000086d00000, 0x0000000086d00000, 0x0000000086e00000|  0%| F|  |TAMS 0x0000000086d00000, 0x0000000086d00000| Untracked 
|  82|0x0000000086e00000, 0x0000000086e00000, 0x0000000086f00000|  0%| F|  |TAMS 0x0000000086e00000, 0x0000000086e00000| Untracked 
|  83|0x0000000086f00000, 0x0000000086f00000, 0x0000000087000000|  0%| F|  |TAMS 0x0000000086f00000, 0x0000000086f00000| Untracked 
|  84|0x0000000087000000, 0x0000000087000000, 0x0000000087100000|  0%| F|  |TAMS 0x0000000087000000, 0x0000000087000000| Untracked 
|  85|0x0000000087100000, 0x0000000087100000, 0x0000000087200000|  0%| F|  |TAMS 0x0000000087100000, 0x0000000087100000| Untracked 
|  86|0x0000000087200000, 0x0000000087200000, 0x0000000087300000|  0%| F|  |TAMS 0x0000000087200000, 0x0000000087200000| Untracked 
|  87|0x0000000087300000, 0x0000000087300000, 0x0000000087400000|  0%| F|  |TAMS 0x0000000087300000, 0x0000000087300000| Untracked 
|  88|0x0000000087400000, 0x0000000087400000, 0x0000000087500000|  0%| F|  |TAMS 0x0000000087400000, 0x0000000087400000| Untracked 
|  89|0x0000000087500000, 0x0000000087500000, 0x0000000087600000|  0%| F|  |TAMS 0x0000000087500000, 0x0000000087500000| Untracked 
|  90|0x0000000087600000, 0x0000000087600000, 0x0000000087700000|  0%| F|  |TAMS 0x0000000087600000, 0x0000000087600000| Untracked 
|  91|0x0000000087700000, 0x0000000087700000, 0x0000000087800000|  0%| F|  |TAMS 0x0000000087700000, 0x0000000087700000| Untracked 
|  92|0x0000000087800000, 0x0000000087800000, 0x0000000087900000|  0%| F|  |TAMS 0x0000000087800000, 0x0000000087800000| Untracked 
|  93|0x0000000087900000, 0x0000000087900000, 0x0000000087a00000|  0%| F|  |TAMS 0x0000000087900000, 0x0000000087900000| Untracked 
|  94|0x0000000087a00000, 0x0000000087a00000, 0x0000000087b00000|  0%| F|  |TAMS 0x0000000087a00000, 0x0000000087a00000| Untracked 
|  95|0x0000000087b00000, 0x0000000087b00000, 0x0000000087c00000|  0%| F|  |TAMS 0x0000000087b00000, 0x0000000087b00000| Untracked 
|  96|0x0000000087c00000, 0x0000000087c00000, 0x0000000087d00000|  0%| F|  |TAMS 0x0000000087c00000, 0x0000000087c00000| Untracked 
|  97|0x0000000087d00000, 0x0000000087d00000, 0x0000000087e00000|  0%| F|  |TAMS 0x0000000087d00000, 0x0000000087d00000| Untracked 
|  98|0x0000000087e00000, 0x0000000087e00000, 0x0000000087f00000|  0%| F|  |TAMS 0x0000000087e00000, 0x0000000087e00000| Untracked 
|  99|0x0000000087f00000, 0x0000000087f00000, 0x0000000088000000|  0%| F|  |TAMS 0x0000000087f00000, 0x0000000087f00000| Untracked 
| 100|0x0000000088000000, 0x0000000088000000, 0x0000000088100000|  0%| F|  |TAMS 0x0000000088000000, 0x0000000088000000| Untracked 
| 101|0x0000000088100000, 0x0000000088100000, 0x0000000088200000|  0%| F|  |TAMS 0x0000000088100000, 0x0000000088100000| Untracked 
| 102|0x0000000088200000, 0x0000000088200000, 0x0000000088300000|  0%| F|  |TAMS 0x0000000088200000, 0x0000000088200000| Untracked 
| 103|0x0000000088300000, 0x0000000088300000, 0x0000000088400000|  0%| F|  |TAMS 0x0000000088300000, 0x0000000088300000| Untracked 
| 104|0x0000000088400000, 0x0000000088400000, 0x0000000088500000|  0%| F|  |TAMS 0x0000000088400000, 0x0000000088400000| Untracked 
| 105|0x0000000088500000, 0x0000000088500000, 0x0000000088600000|  0%| F|  |TAMS 0x0000000088500000, 0x0000000088500000| Untracked 
| 106|0x0000000088600000, 0x00000000886ee0c0, 0x0000000088700000| 92%| E|  |TAMS 0x0000000088600000, 0x0000000088600000| Complete 
| 107|0x0000000088700000, 0x0000000088800000, 0x0000000088800000|100%| E|CS|TAMS 0x0000000088700000, 0x0000000088700000| Complete 
| 108|0x0000000088800000, 0x0000000088900000, 0x0000000088900000|100%| E|CS|TAMS 0x0000000088800000, 0x0000000088800000| Complete 
| 109|0x0000000088900000, 0x0000000088a00000, 0x0000000088a00000|100%| E|CS|TAMS 0x0000000088900000, 0x0000000088900000| Complete 
| 110|0x0000000088a00000, 0x0000000088b00000, 0x0000000088b00000|100%| E|CS|TAMS 0x0000000088a00000, 0x0000000088a00000| Complete 
| 111|0x0000000088b00000, 0x0000000088c00000, 0x0000000088c00000|100%| E|CS|TAMS 0x0000000088b00000, 0x0000000088b00000| Complete 
| 112|0x0000000088c00000, 0x0000000088d00000, 0x0000000088d00000|100%| E|CS|TAMS 0x0000000088c00000, 0x0000000088c00000| Complete 
| 113|0x0000000088d00000, 0x0000000088e00000, 0x0000000088e00000|100%| E|CS|TAMS 0x0000000088d00000, 0x0000000088d00000| Complete 
| 114|0x0000000088e00000, 0x0000000088f00000, 0x0000000088f00000|100%| E|CS|TAMS 0x0000000088e00000, 0x0000000088e00000| Complete 
| 115|0x0000000088f00000, 0x0000000089000000, 0x0000000089000000|100%| E|CS|TAMS 0x0000000088f00000, 0x0000000088f00000| Complete 
| 116|0x0000000089000000, 0x0000000089100000, 0x0000000089100000|100%| E|CS|TAMS 0x0000000089000000, 0x0000000089000000| Complete 
| 117|0x0000000089100000, 0x0000000089200000, 0x0000000089200000|100%| E|CS|TAMS 0x0000000089100000, 0x0000000089100000| Complete 
| 118|0x0000000089200000, 0x0000000089300000, 0x0000000089300000|100%| E|CS|TAMS 0x0000000089200000, 0x0000000089200000| Complete 
| 119|0x0000000089300000, 0x0000000089400000, 0x0000000089400000|100%| E|CS|TAMS 0x0000000089300000, 0x0000000089300000| Complete 
| 120|0x0000000089400000, 0x0000000089500000, 0x0000000089500000|100%| E|CS|TAMS 0x0000000089400000, 0x0000000089400000| Complete 
| 121|0x0000000089500000, 0x0000000089600000, 0x0000000089600000|100%| E|CS|TAMS 0x0000000089500000, 0x0000000089500000| Complete 
| 122|0x0000000089600000, 0x0000000089700000, 0x0000000089700000|100%| E|CS|TAMS 0x0000000089600000, 0x0000000089600000| Complete 
| 123|0x0000000089700000, 0x0000000089800000, 0x0000000089800000|100%| E|CS|TAMS 0x0000000089700000, 0x0000000089700000| Complete 
| 124|0x0000000089800000, 0x0000000089900000, 0x0000000089900000|100%| E|CS|TAMS 0x0000000089800000, 0x0000000089800000| Complete 
| 125|0x0000000089900000, 0x0000000089a00000, 0x0000000089a00000|100%| E|CS|TAMS 0x0000000089900000, 0x0000000089900000| Complete 
| 126|0x0000000089a00000, 0x0000000089b00000, 0x0000000089b00000|100%| E|CS|TAMS 0x0000000089a00000, 0x0000000089a00000| Complete 
| 127|0x0000000089b00000, 0x0000000089c00000, 0x0000000089c00000|100%| E|CS|TAMS 0x0000000089b00000, 0x0000000089b00000| Complete 

Card table byte_map: [0x0000019b7c630000,0x0000019b7ca30000] _byte_map_base: 0x0000019b7c222000

Marking Bits (Prev, Next): (CMBitMap*) 0x0000019b7886cec0, (CMBitMap*) 0x0000019b7886cf00
 Prev Bits: [0x0000019b7ce30000, 0x0000019b7edc0000)
 Next Bits: [0x0000019b0f000000, 0x0000019b10f90000)

Polling page: 0x0000019b767e0000

Metaspace:

Usage:
  Non-class:     11.64 MB used.
      Class:      1.30 MB used.
       Both:     12.94 MB used.

Virtual space:
  Non-class space:       16.00 MB reserved,      11.75 MB ( 73%) committed,  2 nodes.
      Class space:        1.00 GB reserved,       1.44 MB ( <1%) committed,  1 nodes.
             Both:        1.02 GB reserved,      13.19 MB (  1%) committed. 

Chunk freelists:
   Non-Class:  3.85 MB
       Class:  2.50 MB
        Both:  6.35 MB

MaxMetaspaceSize: unlimited
CompressedClassSpaceSize: 1.00 GB
Initial GC threshold: 21.00 MB
Current GC threshold: 21.00 MB
CDS: off
MetaspaceReclaimPolicy: balanced
 - commit_granule_bytes: 65536.
 - commit_granule_words: 8192.
 - virtual_space_node_default_size: 1048576.
 - enlarge_chunks_in_place: 1.
 - new_chunks_are_fully_committed: 0.
 - uncommit_free_chunks: 1.
 - use_allocation_guard: 0.
 - handle_deallocations: 1.


Internal statistics:

num_allocs_failed_limit: 0.
num_arena_births: 86.
num_arena_deaths: 0.
num_vsnodes_births: 3.
num_vsnodes_deaths: 0.
num_space_committed: 211.
num_space_uncommitted: 0.
num_chunks_returned_to_freelist: 0.
num_chunks_taken_from_freelist: 264.
num_chunk_merges: 0.
num_chunk_splits: 127.
num_chunks_enlarged: 78.
num_purges: 0.
num_inconsistent_stats: 0.

CodeHeap 'non-profiled nmethods': size=120000Kb used=379Kb max_used=379Kb free=119620Kb
 bounds [0x0000019b07ad0000, 0x0000019b07d40000, 0x0000019b0f000000]
CodeHeap 'profiled nmethods': size=120000Kb used=2073Kb max_used=2073Kb free=117926Kb
 bounds [0x0000019b005a0000, 0x0000019b00810000, 0x0000019b07ad0000]
CodeHeap 'non-nmethods': size=5760Kb used=1148Kb max_used=1177Kb free=4612Kb
 bounds [0x0000019b00000000, 0x0000019b00270000, 0x0000019b005a0000]
 total_blobs=1532 nmethods=1095 adapters=350
 compilation: enabled
              stopped_count=0, restarted_count=0
 full_count=0

Compilation events (20 events):
Event: 0.665 Thread 0x0000019b13908070 nmethod 1039 0x0000019b00783890 code [0x0000019b00783a40, 0x0000019b00783d38]
Event: 0.665 Thread 0x0000019b13908070 1040       3       java.lang.ClassLoader::compareCerts (197 bytes)
Event: 0.665 Thread 0x0000019b13908070 nmethod 1040 0x0000019b00783e10 code [0x0000019b00784020, 0x0000019b007848d8]
Event: 0.667 Thread 0x0000019b13908070 1042       3       jdk.internal.org.objectweb.asm.ClassWriter::<init> (7 bytes)
Event: 0.667 Thread 0x0000019b13908070 nmethod 1042 0x0000019b00784b90 code [0x0000019b00784d40, 0x0000019b00784e88]
Event: 0.667 Thread 0x0000019b13908070 1044       3       jdk.internal.org.objectweb.asm.SymbolTable::addTypeInternal (85 bytes)
Event: 0.667 Thread 0x0000019b13908070 nmethod 1044 0x0000019b00784f10 code [0x0000019b007850e0, 0x0000019b007856f8]
Event: 0.667 Thread 0x0000019b13908070 1043       3       jdk.internal.org.objectweb.asm.ClassWriter::<init> (68 bytes)
Event: 0.667 Thread 0x0000019b13908070 nmethod 1043 0x0000019b00785890 code [0x0000019b00785a60, 0x0000019b00785ee8]
Event: 0.667 Thread 0x0000019b13908070 1045       3       jdk.internal.org.objectweb.asm.SymbolTable::putConstantPool (28 bytes)
Event: 0.667 Thread 0x0000019b13908070 nmethod 1045 0x0000019b00786090 code [0x0000019b00786240, 0x0000019b00786418]
Event: 0.668 Thread 0x0000019b13908070 1046       3       java.util.LinkedHashMap$LinkedValueIterator::next (8 bytes)
Event: 0.668 Thread 0x0000019b13908070 nmethod 1046 0x0000019b00786510 code [0x0000019b007866c0, 0x0000019b00786808]
Event: 0.668 Thread 0x0000019b13908070 1047       3       org.junit.platform.commons.util.Preconditions::notNull (15 bytes)
Event: 0.669 Thread 0x0000019b13908070 nmethod 1047 0x0000019b00786910 code [0x0000019b00786ac0, 0x0000019b00786d68]
Event: 0.669 Thread 0x0000019b13908070 1049       3       java.lang.Character::valueOf (21 bytes)
Event: 0.669 Thread 0x0000019b13908070 nmethod 1049 0x0000019b00786e90 code [0x0000019b00787040, 0x0000019b007872d8]
Event: 0.669 Thread 0x0000019b13908070 1048       3       java.util.stream.AbstractPipeline::isParallel (8 bytes)
Event: 0.669 Thread 0x0000019b13908070 nmethod 1048 0x0000019b00787410 code [0x0000019b007875a0, 0x0000019b007876b8]
Event: 0.676 Thread 0x0000019b13908070 1050       3       java.lang.invoke.LambdaForm$NamedFunction::methodType (23 bytes)

GC Heap History (0 events):
No events

Deoptimization events (20 events):
Event: 0.563 Thread 0x0000019b7882b270 Uncommon trap: trap_request=0xffffffde fr.pc=0x0000019b07b07a6c relative=0x000000000000078c
Event: 0.563 Thread 0x0000019b7882b270 Uncommon trap: reason=class_check action=maybe_recompile pc=0x0000019b07b07a6c method=java.util.HashMap.putVal(ILjava/lang/Object;Ljava/lang/Object;ZZ)Ljava/lang/Object; @ 253 c2
Event: 0.563 Thread 0x0000019b7882b270 DEOPT PACKING pc=0x0000019b07b07a6c sp=0x00000054740fdbb0
Event: 0.564 Thread 0x0000019b7882b270 DEOPT UNPACKING pc=0x0000019b000523a3 sp=0x00000054740fdae8 mode 2
Event: 0.581 Thread 0x0000019b7882b270 Uncommon trap: trap_request=0xffffffde fr.pc=0x0000019b07b07a6c relative=0x000000000000078c
Event: 0.581 Thread 0x0000019b7882b270 Uncommon trap: reason=class_check action=maybe_recompile pc=0x0000019b07b07a6c method=java.util.HashMap.putVal(ILjava/lang/Object;Ljava/lang/Object;ZZ)Ljava/lang/Object; @ 253 c2
Event: 0.581 Thread 0x0000019b7882b270 DEOPT PACKING pc=0x0000019b07b07a6c sp=0x00000054740fdc90
Event: 0.581 Thread 0x0000019b7882b270 DEOPT UNPACKING pc=0x0000019b000523a3 sp=0x00000054740fdbc8 mode 2
Event: 0.584 Thread 0x0000019b7882b270 Uncommon trap: trap_request=0xffffffde fr.pc=0x0000019b07b07a6c relative=0x000000000000078c
Event: 0.584 Thread 0x0000019b7882b270 Uncommon trap: reason=class_check action=maybe_recompile pc=0x0000019b07b07a6c method=java.util.HashMap.putVal(ILjava/lang/Object;Ljava/lang/Object;ZZ)Ljava/lang/Object; @ 253 c2
Event: 0.584 Thread 0x0000019b7882b270 DEOPT PACKING pc=0x0000019b07b07a6c sp=0x00000054740fdca0
Event: 0.584 Thread 0x0000019b7882b270 DEOPT UNPACKING pc=0x0000019b000523a3 sp=0x00000054740fdbd8 mode 2
Event: 0.588 Thread 0x0000019b7882b270 Uncommon trap: trap_request=0xffffffde fr.pc=0x0000019b07b07a6c relative=0x000000000000078c
Event: 0.588 Thread 0x0000019b7882b270 Uncommon trap: reason=class_check action=maybe_recompile pc=0x0000019b07b07a6c method=java.util.HashMap.putVal(ILjava/lang/Object;Ljava/lang/Object;ZZ)Ljava/lang/Object; @ 253 c2
Event: 0.588 Thread 0x0000019b7882b270 DEOPT PACKING pc=0x0000019b07b07a6c sp=0x00000054740fdb40
Event: 0.588 Thread 0x0000019b7882b270 DEOPT UNPACKING pc=0x0000019b000523a3 sp=0x00000054740fda78 mode 2
Event: 0.595 Thread 0x0000019b7882b270 Uncommon trap: trap_request=0xffffffde fr.pc=0x0000019b07b06ae0 relative=0x0000000000000880
Event: 0.595 Thread 0x0000019b7882b270 Uncommon trap: reason=class_check action=maybe_recompile pc=0x0000019b07b06ae0 method=java.util.HashMap.putVal(ILjava/lang/Object;Ljava/lang/Object;ZZ)Ljava/lang/Object; @ 253 c2
Event: 0.595 Thread 0x0000019b7882b270 DEOPT PACKING pc=0x0000019b07b06ae0 sp=0x00000054740fd960
Event: 0.595 Thread 0x0000019b7882b270 DEOPT UNPACKING pc=0x0000019b000523a3 sp=0x00000054740fd920 mode 2

Classes unloaded (0 events):
No events

Classes redefined (0 events):
No events

Internal exceptions (20 events):
Event: 0.493 Thread 0x0000019b7882b270 Exception <a 'java/lang/NoSuchMethodError'{0x00000000890dc6a8}: 'int java.lang.invoke.DirectMethodHandle$Holder.invokeVirtual(java.lang.Object, java.lang.Object)'> (0x00000000890dc6a8) 
thrown [e:\jenkins\tmp\workspace\build\src\src\hotspot\share\interpreter\linkResolver.cpp, line 766]
Event: 0.498 Thread 0x0000019b7882b270 Exception <a 'java/lang/NoSuchMethodError'{0x0000000088e88b40}: 'java.lang.Object java.lang.invoke.DirectMethodHandle$Holder.invokeStaticInit(java.lang.Object, int)'> (0x0000000088e88b40) 
thrown [e:\jenkins\tmp\workspace\build\src\src\hotspot\share\interpreter\linkResolver.cpp, line 766]
Event: 0.530 Thread 0x0000019b7882b270 Exception <a 'java/lang/NoSuchMethodError'{0x0000000088dd4d38}: 'void java.lang.invoke.DirectMethodHandle$Holder.invokeInterface(java.lang.Object, java.lang.Object)'> (0x0000000088dd4d38) 
thrown [e:\jenkins\tmp\workspace\build\src\src\hotspot\share\interpreter\linkResolver.cpp, line 766]
Event: 0.530 Thread 0x0000019b7882b270 Exception <a 'java/lang/IncompatibleClassChangeError'{0x0000000088dd84c8}: Found class java.lang.Object, but interface was expected> (0x0000000088dd84c8) 
thrown [e:\jenkins\tmp\workspace\build\src\src\hotspot\share\interpreter\linkResolver.cpp, line 833]
Event: 0.543 Thread 0x0000019b7882b270 Exception <a 'java/lang/NoSuchMethodError'{0x0000000088c731d0}: 'java.lang.Object java.lang.invoke.DirectMethodHandle$Holder.invokeStaticInit(java.lang.Object, java.lang.Object, java.lang.Object)'> (0x0000000088c731d0) 
thrown [e:\jenkins\tmp\workspace\build\src\src\hotspot\share\interpreter\linkResolver.cpp, line 766]
Event: 0.543 Thread 0x0000019b7882b270 Exception <a 'java/lang/NoSuchMethodError'{0x0000000088c7aac8}: 'void java.lang.invoke.DirectMethodHandle$Holder.invokeStaticInit(java.lang.Object, java.lang.Object, java.lang.Object)'> (0x0000000088c7aac8) 
thrown [e:\jenkins\tmp\workspace\build\src\src\hotspot\share\interpreter\linkResolver.cpp, line 766]
Event: 0.559 Thread 0x0000019b7882b270 Exception <a 'java/lang/NoSuchMethodError'{0x0000000088cd40c8}: 'java.lang.Object java.lang.invoke.DirectMethodHandle$Holder.newInvokeSpecial(java.lang.Object, java.lang.Object, java.lang.Object, java.lang.Object, java.lang.Object)'> (0x0000000088cd40c8) 
thrown [e:\jenkins\tmp\workspace\build\src\src\hotspot\share\interpreter\linkResolver.cpp, line 766]
Event: 0.600 Thread 0x0000019b7882b270 Exception <a 'java/lang/NoSuchMethodError'{0x0000000088a85d98}: 'java.lang.Object java.lang.invoke.DirectMethodHandle$Holder.invokeInterface(java.lang.Object, java.lang.Object)'> (0x0000000088a85d98) 
thrown [e:\jenkins\tmp\workspace\build\src\src\hotspot\share\interpreter\linkResolver.cpp, line 766]
Event: 0.610 Thread 0x0000019b7882b270 Exception <a 'java/lang/NoSuchMethodError'{0x0000000088acc358}: 'java.lang.Object java.lang.invoke.DirectMethodHandle$Holder.invokeSpecialIFC(java.lang.Object, java.lang.Object, java.lang.Object, java.lang.Object)'> (0x0000000088acc358) 
thrown [e:\jenkins\tmp\workspace\build\src\src\hotspot\share\interpreter\linkResolver.cpp, line 766]
Event: 0.613 Thread 0x0000019b7882b270 Exception <a 'java/lang/NoSuchMethodError'{0x0000000088ae3fd0}: 'java.lang.Object java.lang.invoke.DirectMethodHandle$Holder.invokeInterface(java.lang.Object, java.lang.Object, java.lang.Object)'> (0x0000000088ae3fd0) 
thrown [e:\jenkins\tmp\workspace\build\src\src\hotspot\share\interpreter\linkResolver.cpp, line 766]
Event: 0.622 Thread 0x0000019b7882b270 Exception <a 'java/lang/NoSuchMethodError'{0x0000000088931628}: 'void java.lang.invoke.DirectMethodHandle$Holder.invokeInterface(java.lang.Object, java.lang.Object, java.lang.Object)'> (0x0000000088931628) 
thrown [e:\jenkins\tmp\workspace\build\src\src\hotspot\share\interpreter\linkResolver.cpp, line 766]
Event: 0.628 Thread 0x0000019b7882b270 Exception <a 'java/lang/NoSuchMethodError'{0x0000000088978d68}: 'java.lang.Object java.lang.invoke.DirectMethodHandle$Holder.newInvokeSpecial(java.lang.Object, java.lang.Object, java.lang.Object, java.lang.Object, java.lang.Object, java.lang.Object)'> (0x0000000088978d68) 
thrown [e:\jenkins\tmp\workspace\build\src\src\hotspot\share\interpreter\linkResolver.cpp, line 766]
Event: 0.634 Thread 0x0000019b7882b270 Exception <a 'java/lang/NoSuchMethodError'{0x00000000889ba258}: 'void java.lang.invoke.DirectMethodHandle$Holder.invokeInterface(java.lang.Object, java.lang.Object, java.lang.Object, java.lang.Object, java.lang.Object)'> (0x00000000889ba258) 
thrown [e:\jenkins\tmp\workspace\build\src\src\hotspot\share\interpreter\linkResolver.cpp, line 766]
Event: 0.634 Thread 0x0000019b7882b270 Exception <a 'java/lang/IncompatibleClassChangeError'{0x00000000889bdf28}: Found class java.lang.Object, but interface was expected> (0x00000000889bdf28) 
thrown [e:\jenkins\tmp\workspace\build\src\src\hotspot\share\interpreter\linkResolver.cpp, line 833]
Event: 0.638 Thread 0x0000019b7882b270 Exception <a 'java/lang/IncompatibleClassChangeError'{0x00000000889e75f0}: Found class java.lang.Object, but interface was expected> (0x00000000889e75f0) 
thrown [e:\jenkins\tmp\workspace\build\src\src\hotspot\share\interpreter\linkResolver.cpp, line 833]
Event: 0.641 Thread 0x0000019b7882b270 Exception <a 'java/lang/NoSuchMethodError'{0x0000000088803d10}: 'java.lang.Object java.lang.invoke.DirectMethodHandle$Holder.invokeStatic(java.lang.Object, java.lang.Object, int)'> (0x0000000088803d10) 
thrown [e:\jenkins\tmp\workspace\build\src\src\hotspot\share\interpreter\linkResolver.cpp, line 766]
Event: 0.650 Thread 0x0000019b7882b270 Exception <a 'java/lang/NoSuchMethodError'{0x0000000088856258}: 'void java.lang.invoke.DirectMethodHandle$Holder.invokeSpecial(java.lang.Object, java.lang.Object, java.lang.Object, java.lang.Object, java.lang.Object)'> (0x0000000088856258) 
thrown [e:\jenkins\tmp\workspace\build\src\src\hotspot\share\interpreter\linkResolver.cpp, line 766]
Event: 0.652 Thread 0x0000019b7882b270 Exception <a 'java/lang/NoSuchMethodError'{0x0000000088869950}: 'void java.lang.invoke.DirectMethodHandle$Holder.invokeStatic(java.lang.Object, java.lang.Object, java.lang.Object, java.lang.Object)'> (0x0000000088869950) 
thrown [e:\jenkins\tmp\workspace\build\src\src\hotspot\share\interpreter\linkResolver.cpp, line 766]
Event: 0.666 Thread 0x0000019b7882b270 Exception <a 'java/lang/NoSuchMethodError'{0x00000000888eff28}: 'void java.lang.invoke.DirectMethodHandle$Holder.invokeInterface(java.lang.Object, java.lang.Object, java.lang.Object, java.lang.Object)'> (0x00000000888eff28) 
thrown [e:\jenkins\tmp\workspace\build\src\src\hotspot\share\interpreter\linkResolver.cpp, line 766]
Event: 0.667 Thread 0x0000019b7882b270 Exception <a 'java/lang/IncompatibleClassChangeError'{0x00000000888f33b0}: Found class java.lang.Object, but interface was expected> (0x00000000888f33b0) 
thrown [e:\jenkins\tmp\workspace\build\src\src\hotspot\share\interpreter\linkResolver.cpp, line 833]

VM Operations (6 events):
Event: 0.100 Executing VM operation: HandshakeAllThreads
Event: 0.100 Executing VM operation: HandshakeAllThreads done
Event: 0.254 Executing VM operation: HandshakeAllThreads
Event: 0.254 Executing VM operation: HandshakeAllThreads done
Event: 0.387 Executing VM operation: HandshakeAllThreads
Event: 0.387 Executing VM operation: HandshakeAllThreads done

Events (20 events):
Event: 0.621 loading class java/util/stream/StreamSpliterators$WrappingSpliterator
Event: 0.621 loading class java/util/stream/StreamSpliterators$AbstractWrappingSpliterator
Event: 0.621 loading class java/util/stream/StreamSpliterators$AbstractWrappingSpliterator done
Event: 0.621 loading class java/util/stream/StreamSpliterators$WrappingSpliterator done
Event: 0.621 loading class java/util/stream/Streams$2
Event: 0.621 loading class java/util/stream/Streams$2 done
Event: 0.622 loading class java/util/stream/StreamSpliterators
Event: 0.622 loading class java/util/stream/StreamSpliterators done
Event: 0.638 loading class java/util/HashMap$KeySpliterator
Event: 0.638 loading class java/util/HashMap$KeySpliterator done
Event: 0.642 loading class java/util/Spliterators$IteratorSpliterator
Event: 0.643 loading class java/util/Spliterators$IteratorSpliterator done
Event: 0.660 loading class java/util/NoSuchElementException
Event: 0.660 loading class java/util/NoSuchElementException done
Event: 0.660 loading class java/lang/UnsupportedOperationException
Event: 0.660 loading class java/lang/UnsupportedOperationException done
Event: 0.672 loading class java/lang/CloneNotSupportedException
Event: 0.672 loading class java/lang/CloneNotSupportedException done
Event: 0.675 loading class java/util/concurrent/locks/ReadWriteLock
Event: 0.675 loading class java/util/concurrent/locks/ReadWriteLock done


Dynamic libraries:
0x00007ff73f850000 - 0x00007ff73f85e000 	D:\Setup\sts-4.14.1.RELEASE\plugins\org.eclipse.justj.openjdk.hotspot.jre.full.win32.x86_64_17.0.2.v20220201-1208\jre\bin\java.exe
0x00007ffbec450000 - 0x00007ffbec648000 	C:\Windows\SYSTEM32\ntdll.dll
0x00007ffbebd70000 - 0x00007ffbebe2d000 	C:\Windows\System32\KERNEL32.DLL
0x00007ffbe9c50000 - 0x00007ffbe9f46000 	C:\Windows\System32\KERNELBASE.dll
0x00007ffbea1a0000 - 0x00007ffbea2a0000 	C:\Windows\System32\ucrtbase.dll
0x00007ffbcfdc0000 - 0x00007ffbcfdd8000 	D:\Setup\sts-4.14.1.RELEASE\plugins\org.eclipse.justj.openjdk.hotspot.jre.full.win32.x86_64_17.0.2.v20220201-1208\jre\bin\jli.dll
0x00007ffbcfde0000 - 0x00007ffbcfdf9000 	D:\Setup\sts-4.14.1.RELEASE\plugins\org.eclipse.justj.openjdk.hotspot.jre.full.win32.x86_64_17.0.2.v20220201-1208\jre\bin\VCRUNTIME140.dll
0x00007ffbec0a0000 - 0x00007ffbec23e000 	C:\Windows\System32\USER32.dll
0x00007ffbea2a0000 - 0x00007ffbea2c2000 	C:\Windows\System32\win32u.dll
0x00007ffbd7e50000 - 0x00007ffbd80ea000 	C:\Windows\WinSxS\amd64_microsoft.windows.common-controls_6595b64144ccf1df_6.0.19041.1110_none_60b5254171f9507e\COMCTL32.dll
0x00007ffbea920000 - 0x00007ffbea94c000 	C:\Windows\System32\GDI32.dll
0x00007ffbebcc0000 - 0x00007ffbebd5e000 	C:\Windows\System32\msvcrt.dll
0x00007ffbea390000 - 0x00007ffbea4aa000 	C:\Windows\System32\gdi32full.dll
0x00007ffbea0b0000 - 0x00007ffbea14d000 	C:\Windows\System32\msvcp_win.dll
0x00007ffbec370000 - 0x00007ffbec3a0000 	C:\Windows\System32\IMM32.DLL
0x00007ffbcfdb0000 - 0x00007ffbcfdbc000 	D:\Setup\sts-4.14.1.RELEASE\plugins\org.eclipse.justj.openjdk.hotspot.jre.full.win32.x86_64_17.0.2.v20220201-1208\jre\bin\vcruntime140_1.dll
0x00007ffbcfc60000 - 0x00007ffbcfcf1000 	D:\Setup\sts-4.14.1.RELEASE\plugins\org.eclipse.justj.openjdk.hotspot.jre.full.win32.x86_64_17.0.2.v20220201-1208\jre\bin\msvcp140.dll
0x00007ffb9ef00000 - 0x00007ffb9fb47000 	D:\Setup\sts-4.14.1.RELEASE\plugins\org.eclipse.justj.openjdk.hotspot.jre.full.win32.x86_64_17.0.2.v20220201-1208\jre\bin\server\jvm.dll
0x00007ffbebc10000 - 0x00007ffbebcbe000 	C:\Windows\System32\ADVAPI32.dll
0x00007ffbeaaf0000 - 0x00007ffbeab8c000 	C:\Windows\System32\sechost.dll
0x00007ffbebef0000 - 0x00007ffbec016000 	C:\Windows\System32\RPCRT4.dll
0x00007ffbeaae0000 - 0x00007ffbeaae8000 	C:\Windows\System32\PSAPI.DLL
0x00007ffbdae90000 - 0x00007ffbdaeb7000 	C:\Windows\SYSTEM32\WINMM.dll
0x00007ffbe57a0000 - 0x00007ffbe57a9000 	C:\Windows\SYSTEM32\WSOCK32.dll
0x00007ffbde8c0000 - 0x00007ffbde8ca000 	C:\Windows\SYSTEM32\VERSION.dll
0x00007ffbeaa70000 - 0x00007ffbeaadb000 	C:\Windows\System32\WS2_32.dll
0x00007ffbe79e0000 - 0x00007ffbe79f2000 	C:\Windows\SYSTEM32\kernel.appcore.dll
0x00007ffbd7730000 - 0x00007ffbd773a000 	D:\Setup\sts-4.14.1.RELEASE\plugins\org.eclipse.justj.openjdk.hotspot.jre.full.win32.x86_64_17.0.2.v20220201-1208\jre\bin\jimage.dll
0x00007ffbdd200000 - 0x00007ffbdd3e4000 	C:\Windows\SYSTEM32\DBGHELP.DLL
0x00007ffbdcde0000 - 0x00007ffbdce14000 	C:\Windows\SYSTEM32\dbgcore.DLL
0x00007ffbea2d0000 - 0x00007ffbea352000 	C:\Windows\System32\bcryptPrimitives.dll
0x00007ffbd7700000 - 0x00007ffbd7725000 	D:\Setup\sts-4.14.1.RELEASE\plugins\org.eclipse.justj.openjdk.hotspot.jre.full.win32.x86_64_17.0.2.v20220201-1208\jre\bin\java.dll
0x00007ffbd3f00000 - 0x00007ffbd3f18000 	D:\Setup\sts-4.14.1.RELEASE\plugins\org.eclipse.justj.openjdk.hotspot.jre.full.win32.x86_64_17.0.2.v20220201-1208\jre\bin\zip.dll
0x00007ffbeb200000 - 0x00007ffbeb945000 	C:\Windows\System32\SHELL32.dll
0x00007ffbe7be0000 - 0x00007ffbe837b000 	C:\Windows\SYSTEM32\windows.storage.dll
0x00007ffbeadf0000 - 0x00007ffbeb144000 	C:\Windows\System32\combase.dll
0x00007ffbe94a0000 - 0x00007ffbe94ce000 	C:\Windows\SYSTEM32\Wldp.dll
0x00007ffbeb150000 - 0x00007ffbeb1fd000 	C:\Windows\System32\SHCORE.dll
0x00007ffbebe90000 - 0x00007ffbebee5000 	C:\Windows\System32\shlwapi.dll
0x00007ffbe9a60000 - 0x00007ffbe9a85000 	C:\Windows\SYSTEM32\profapi.dll
0x00007ffbd2cb0000 - 0x00007ffbd2cc9000 	D:\Setup\sts-4.14.1.RELEASE\plugins\org.eclipse.justj.openjdk.hotspot.jre.full.win32.x86_64_17.0.2.v20220201-1208\jre\bin\net.dll
0x00007ffbe3510000 - 0x00007ffbe361a000 	C:\Windows\SYSTEM32\WINHTTP.dll
0x00007ffbe9200000 - 0x00007ffbe926a000 	C:\Windows\system32\mswsock.dll
0x00007ffbd2b20000 - 0x00007ffbd2b35000 	D:\Setup\sts-4.14.1.RELEASE\plugins\org.eclipse.justj.openjdk.hotspot.jre.full.win32.x86_64_17.0.2.v20220201-1208\jre\bin\nio.dll
0x00007ffbcfd70000 - 0x00007ffbcfd79000 	D:\Setup\sts-4.14.1.RELEASE\plugins\org.eclipse.justj.openjdk.hotspot.jre.full.win32.x86_64_17.0.2.v20220201-1208\jre\bin\management.dll
0x00007ffbcfc50000 - 0x00007ffbcfc5b000 	D:\Setup\sts-4.14.1.RELEASE\plugins\org.eclipse.justj.openjdk.hotspot.jre.full.win32.x86_64_17.0.2.v20220201-1208\jre\bin\management_ext.dll
0x00007ffbd3b10000 - 0x00007ffbd3b20000 	D:\Setup\sts-4.14.1.RELEASE\plugins\org.eclipse.justj.openjdk.hotspot.jre.full.win32.x86_64_17.0.2.v20220201-1208\jre\bin\verify.dll

dbghelp: loaded successfully - version: 4.0.5 - missing functions: none
symbol engine: initialized successfully - sym options: 0x614 - pdb path: .;D:\Setup\sts-4.14.1.RELEASE\plugins\org.eclipse.justj.openjdk.hotspot.jre.full.win32.x86_64_17.0.2.v20220201-1208\jre\bin;C:\Windows\SYSTEM32;C:\Windows\WinSxS\amd64_microsoft.windows.common-controls_6595b64144ccf1df_6.0.19041.1110_none_60b5254171f9507e;D:\Setup\sts-4.14.1.RELEASE\plugins\org.eclipse.justj.openjdk.hotspot.jre.full.win32.x86_64_17.0.2.v20220201-1208\jre\bin\server

VM Arguments:
java_command: C:\Users\KOMODO~1\AppData\Local\Temp\surefire13463459778901227964\surefirebooter11296499279340845194.jar C:\Users\komodo-pc\AppData\Local\Temp\surefire13463459778901227964 2023-10-09T17-33-15_875-jvmRun1 surefire3552227540423019075tmp surefire_05475795955289828048tmp
java_class_path (initial): C:\Users\KOMODO~1\AppData\Local\Temp\surefire13463459778901227964\surefirebooter11296499279340845194.jar
Launcher Type: SUN_STANDARD

[Global flags]
     intx CICompilerCount                          = 4                                         {product} {ergonomic}
     uint ConcGCThreads                            = 2                                         {product} {ergonomic}
     uint G1ConcRefinementThreads                  = 8                                         {product} {ergonomic}
   size_t G1HeapRegionSize                         = 1048576                                   {product} {ergonomic}
    uintx GCDrainStackTargetSize                   = 64                                        {product} {ergonomic}
   size_t InitialHeapSize                          = 134217728                                 {product} {ergonomic}
   size_t MarkStackSize                            = 4194304                                   {product} {ergonomic}
   size_t MaxHeapSize                              = 2118123520                                {product} {ergonomic}
   size_t MaxNewSize                               = 1270874112                                {product} {ergonomic}
   size_t MinHeapDeltaBytes                        = 1048576                                   {product} {ergonomic}
   size_t MinHeapSize                              = 8388608                                   {product} {ergonomic}
    uintx NonNMethodCodeHeapSize                   = 5839372                                {pd product} {ergonomic}
    uintx NonProfiledCodeHeapSize                  = 122909434                              {pd product} {ergonomic}
    uintx ProfiledCodeHeapSize                     = 122909434                              {pd product} {ergonomic}
    uintx ReservedCodeCacheSize                    = 251658240                              {pd product} {ergonomic}
     bool SegmentedCodeCache                       = true                                      {product} {ergonomic}
   size_t SoftMaxHeapSize                          = 2118123520                             {manageable} {ergonomic}
     bool UseCompressedClassPointers               = true                           {product lp64_product} {ergonomic}
     bool UseCompressedOops                        = true                           {product lp64_product} {ergonomic}
     bool UseG1GC                                  = true                                      {product} {ergonomic}
     bool UseLargePagesIndividualAllocation        = false                                  {pd product} {ergonomic}

Logging:
Log output configuration:
 #0: stdout all=warning uptime,level,tags
 #1: stderr all=off uptime,level,tags

Environment Variables:
PATH=D:/Setup/sts-4.14.1.RELEASE//plugins/org.eclipse.justj.openjdk.hotspot.jre.full.win32.x86_64_17.0.2.v20220201-1208/jre/bin/server;D:/Setup/sts-4.14.1.RELEASE//plugins/org.eclipse.justj.openjdk.hotspot.jre.full.win32.x86_64_17.0.2.v20220201-1208/jre/bin;C:\Program Files\Common Files\Oracle\Java\javapath;C:\Windows\system32;C:\Windows;C:\Windows\System32\Wbem;C:\Windows\System32\WindowsPowerShell\v1.0\;C:\Windows\System32\OpenSSH\;C:\Program Files\Git\cmd;C:\Users\komodo-pc\AppData\Local\Microsoft\WindowsApps;;D:\Setup\sts-4.14.1.RELEASE;
USERNAME=komodo-pc
OS=Windows_NT
PROCESSOR_IDENTIFIER=Intel64 Family 6 Model 58 Stepping 9, GenuineIntel



---------------  S Y S T E M  ---------------

OS:
 Windows 10 , 64 bit Build 19041 (10.0.19041.3393)
OS uptime: 0 days 1:23 hours

CPU: total 8 (initial active 8) (4 cores per cpu, 2 threads per core) family 6 model 58 stepping 9 microcode 0x21, cx8, cmov, fxsr, ht, mmx, sse, sse2, sse3, ssse3, sse4.1, sse4.2, popcnt, tsc, tscinvbit, avx, aes, erms, clmul, vzeroupper, clflush

Memory: 4k page, system-wide physical 8078M (472M free)
TotalPageFile size 14818M (AvailPageFile size 6M)
current process WorkingSet (physical memory assigned to process): 85M, peak: 85M
current process commit charge ("private bytes"): 235M, peak: 235M

vm_info: OpenJDK 64-Bit Server VM (17.0.2+8) for windows-amd64 JRE (17.0.2+8), built on Jan 20 2022 04:52:34 by "" with MS VC++ 16.7 (VS2019)

END.
