#
# There is insufficient memory for the Java Runtime Environment to continue.
# Native memory allocation (mmap) failed to map 2097152 bytes for G1 virtual space
# Possible reasons:
#   The system is out of physical RAM or swap space
#   The process is running with CompressedOops enabled, and the Java Heap may be blocking the growth of the native heap
# Possible solutions:
#   Reduce memory load on the system
#   Increase physical memory or swap space
#   Check if swap backing store is full
#   Decrease Java heap size (-Xmx/-Xms)
#   Decrease number of Java threads
#   Decrease Java thread stack sizes (-Xss)
#   Set larger code cache with -XX:ReservedCodeCacheSize=
#   JVM is running with Unscaled Compressed Oops mode in which the Java heap is
#     placed in the first 4GB address space. The Java Heap base address is the
#     maximum limit for the native heap growth. Please use -XX:HeapBaseMinAddress
#     to set the Java Heap base and to place the Java Heap above 4GB virtual address.
# This output file may be truncated or incomplete.
#
#  Out of Memory Error (os_windows.cpp:3532), pid=6836, tid=17832
#
# JRE version:  (17.0.2+8) (build )
# Java VM: OpenJDK 64-Bit Server VM (17.0.2+8, mixed mode, sharing, tiered, compressed oops, compressed class ptrs, g1 gc, windows-amd64)
# No core dump will be written. Minidumps are not enabled by default on client versions of Windows
#

---------------  S U M M A R Y ------------

Command Line: C:\Users\KOMODO~1\AppData\Local\Temp\surefire1826443794201142812\surefirebooter17718930700469392562.jar C:\Users\komodo-pc\AppData\Local\Temp\surefire1826443794201142812 2023-10-09T17-49-30_143-jvmRun1 surefire1287892288136082531tmp surefire_013768700930504787675tmp

Host: Intel(R) Core(TM) i7-3770 CPU @ 3.40GHz, 8 cores, 7G,  Windows 10 , 64 bit Build 19041 (10.0.19041.3393)
Time: Mon Oct  9 17:49:30 2023 SE Asia Standard Time elapsed time: 0.009886 seconds (0d 0h 0m 0s)

---------------  T H R E A D  ---------------

Current thread (0x0000015d3ac1e990):  JavaThread "Unknown thread" [_thread_in_vm, id=17832, stack(0x0000005095400000,0x0000005095500000)]

Stack: [0x0000005095400000,0x0000005095500000]
Native frames: (J=compiled Java code, j=interpreted, Vv=VM code, C=native code)
V  [jvm.dll+0x67564a]
V  [jvm.dll+0x82fc04]
V  [jvm.dll+0x8313ae]
V  [jvm.dll+0x831a13]
V  [jvm.dll+0x245235]
V  [jvm.dll+0x672539]
V  [jvm.dll+0x666e82]
V  [jvm.dll+0x30401b]
V  [jvm.dll+0x30b566]
V  [jvm.dll+0x35b213]
V  [jvm.dll+0x35b42f]
V  [jvm.dll+0x2daf58]
V  [jvm.dll+0x2dbec4]
V  [jvm.dll+0x801881]
V  [jvm.dll+0x368f81]
V  [jvm.dll+0x7e0cdc]
V  [jvm.dll+0x3eb8bf]
V  [jvm.dll+0x3ed441]
C  [jli.dll+0x5277]
C  [ucrtbase.dll+0x21bb2]
C  [KERNEL32.DLL+0x17344]
C  [ntdll.dll+0x526b1]


---------------  P R O C E S S  ---------------

Threads class SMR info:
_java_thread_list=0x00007ffb9fa15e98, length=0, elements={
}

Java Threads: ( => current thread )

Other Threads:
  0x0000015d3ac5c610 GCTaskThread "GC Thread#0" [stack: 0x0000005095500000,0x0000005095600000] [id=12144]
  0x0000015d3ac6e1e0 ConcurrentGCThread "G1 Main Marker" [stack: 0x0000005095600000,0x0000005095700000] [id=2152]
  0x0000015d3ac6ebf0 ConcurrentGCThread "G1 Conc#0" [stack: 0x0000005095700000,0x0000005095800000] [id=6808]

[error occurred during error reporting (printing all threads), id 0xc0000005, EXCEPTION_ACCESS_VIOLATION (0xc0000005) at pc=0x00007ffb9f1eb9d7]

VM state: not at safepoint (not fully initialized)

VM Mutex/Monitor currently owned by a thread:  ([mutex/lock_event])
[0x0000015d3ac1d0b0] Heap_lock - owner thread: 0x0000015d3ac1e990

Heap address: 0x0000000081c00000, size: 2020 MB, Compressed Oops mode: 32-bit

CDS archive(s) mapped at: [0x0000000000000000-0x0000000000000000-0x0000000000000000), size 0, SharedBaseAddress: 0x0000000800000000, ArchiveRelocationMode: 0.
Narrow klass base: 0x0000000000000000, Narrow klass shift: 0, Narrow klass range: 0x0

GC Precious Log:
<Empty>

Heap:
 garbage-first heap   total 0K, used 0K [0x0000000081c00000, 0x0000000100000000)
  region size 1024K, 0 young (0K), 0 survivors (0K)

[error occurred during error reporting (printing heap information), id 0xc0000005, EXCEPTION_ACCESS_VIOLATION (0xc0000005) at pc=0x00007ffb9f5ce899]

GC Heap History (0 events):
No events

Deoptimization events (0 events):
No events

Classes unloaded (0 events):
No events

Classes redefined (0 events):
No events

Internal exceptions (0 events):
No events

VM Operations (0 events):
No events

Events (1 events):
Event: 0.006 Loaded shared library D:\Setup\sts-4.14.1.RELEASE\plugins\org.eclipse.justj.openjdk.hotspot.jre.full.win32.x86_64_17.0.2.v20220201-1208\jre\bin\java.dll


Dynamic libraries:
0x00007ff6d6250000 - 0x00007ff6d625e000 	D:\Setup\sts-4.14.1.RELEASE\plugins\org.eclipse.justj.openjdk.hotspot.jre.full.win32.x86_64_17.0.2.v20220201-1208\jre\bin\java.exe
0x00007ffbec450000 - 0x00007ffbec648000 	C:\Windows\SYSTEM32\ntdll.dll
0x00007ffbebd70000 - 0x00007ffbebe2d000 	C:\Windows\System32\KERNEL32.DLL
0x00007ffbe9c50000 - 0x00007ffbe9f46000 	C:\Windows\System32\KERNELBASE.dll
0x00007ffbea1a0000 - 0x00007ffbea2a0000 	C:\Windows\System32\ucrtbase.dll
0x00007ffbcfdc0000 - 0x00007ffbcfdd8000 	D:\Setup\sts-4.14.1.RELEASE\plugins\org.eclipse.justj.openjdk.hotspot.jre.full.win32.x86_64_17.0.2.v20220201-1208\jre\bin\jli.dll
0x00007ffbcfde0000 - 0x00007ffbcfdf9000 	D:\Setup\sts-4.14.1.RELEASE\plugins\org.eclipse.justj.openjdk.hotspot.jre.full.win32.x86_64_17.0.2.v20220201-1208\jre\bin\VCRUNTIME140.dll
0x00007ffbec0a0000 - 0x00007ffbec23e000 	C:\Windows\System32\USER32.dll
0x00007ffbea2a0000 - 0x00007ffbea2c2000 	C:\Windows\System32\win32u.dll
0x00007ffbd7e50000 - 0x00007ffbd80ea000 	C:\Windows\WinSxS\amd64_microsoft.windows.common-controls_6595b64144ccf1df_6.0.19041.1110_none_60b5254171f9507e\COMCTL32.dll
0x00007ffbea920000 - 0x00007ffbea94c000 	C:\Windows\System32\GDI32.dll
0x00007ffbebcc0000 - 0x00007ffbebd5e000 	C:\Windows\System32\msvcrt.dll
0x00007ffbea390000 - 0x00007ffbea4aa000 	C:\Windows\System32\gdi32full.dll
0x00007ffbea0b0000 - 0x00007ffbea14d000 	C:\Windows\System32\msvcp_win.dll
0x00007ffbec370000 - 0x00007ffbec3a0000 	C:\Windows\System32\IMM32.DLL
0x00007ffbcfdb0000 - 0x00007ffbcfdbc000 	D:\Setup\sts-4.14.1.RELEASE\plugins\org.eclipse.justj.openjdk.hotspot.jre.full.win32.x86_64_17.0.2.v20220201-1208\jre\bin\vcruntime140_1.dll
0x00007ffbcfc60000 - 0x00007ffbcfcf1000 	D:\Setup\sts-4.14.1.RELEASE\plugins\org.eclipse.justj.openjdk.hotspot.jre.full.win32.x86_64_17.0.2.v20220201-1208\jre\bin\msvcp140.dll
0x00007ffb9ef00000 - 0x00007ffb9fb47000 	D:\Setup\sts-4.14.1.RELEASE\plugins\org.eclipse.justj.openjdk.hotspot.jre.full.win32.x86_64_17.0.2.v20220201-1208\jre\bin\server\jvm.dll
0x00007ffbebc10000 - 0x00007ffbebcbe000 	C:\Windows\System32\ADVAPI32.dll
0x00007ffbeaaf0000 - 0x00007ffbeab8c000 	C:\Windows\System32\sechost.dll
0x00007ffbebef0000 - 0x00007ffbec016000 	C:\Windows\System32\RPCRT4.dll
0x00007ffbeaae0000 - 0x00007ffbeaae8000 	C:\Windows\System32\PSAPI.DLL
0x00007ffbde8c0000 - 0x00007ffbde8ca000 	C:\Windows\SYSTEM32\VERSION.dll
0x00007ffbe57a0000 - 0x00007ffbe57a9000 	C:\Windows\SYSTEM32\WSOCK32.dll
0x00007ffbdae90000 - 0x00007ffbdaeb7000 	C:\Windows\SYSTEM32\WINMM.dll
0x00007ffbeaa70000 - 0x00007ffbeaadb000 	C:\Windows\System32\WS2_32.dll
0x00007ffbe79e0000 - 0x00007ffbe79f2000 	C:\Windows\SYSTEM32\kernel.appcore.dll
0x00007ffbd7730000 - 0x00007ffbd773a000 	D:\Setup\sts-4.14.1.RELEASE\plugins\org.eclipse.justj.openjdk.hotspot.jre.full.win32.x86_64_17.0.2.v20220201-1208\jre\bin\jimage.dll
0x00007ffbdd200000 - 0x00007ffbdd3e4000 	C:\Windows\SYSTEM32\DBGHELP.DLL
0x00007ffbdcde0000 - 0x00007ffbdce14000 	C:\Windows\SYSTEM32\dbgcore.DLL
0x00007ffbea2d0000 - 0x00007ffbea352000 	C:\Windows\System32\bcryptPrimitives.dll
0x00007ffbd7700000 - 0x00007ffbd7725000 	D:\Setup\sts-4.14.1.RELEASE\plugins\org.eclipse.justj.openjdk.hotspot.jre.full.win32.x86_64_17.0.2.v20220201-1208\jre\bin\java.dll

dbghelp: loaded successfully - version: 4.0.5 - missing functions: none
symbol engine: initialized successfully - sym options: 0x614 - pdb path: .;D:\Setup\sts-4.14.1.RELEASE\plugins\org.eclipse.justj.openjdk.hotspot.jre.full.win32.x86_64_17.0.2.v20220201-1208\jre\bin;C:\Windows\SYSTEM32;C:\Windows\WinSxS\amd64_microsoft.windows.common-controls_6595b64144ccf1df_6.0.19041.1110_none_60b5254171f9507e;D:\Setup\sts-4.14.1.RELEASE\plugins\org.eclipse.justj.openjdk.hotspot.jre.full.win32.x86_64_17.0.2.v20220201-1208\jre\bin\server

VM Arguments:
java_command: C:\Users\KOMODO~1\AppData\Local\Temp\surefire1826443794201142812\surefirebooter17718930700469392562.jar C:\Users\komodo-pc\AppData\Local\Temp\surefire1826443794201142812 2023-10-09T17-49-30_143-jvmRun1 surefire1287892288136082531tmp surefire_013768700930504787675tmp
java_class_path (initial): C:\Users\KOMODO~1\AppData\Local\Temp\surefire1826443794201142812\surefirebooter17718930700469392562.jar
Launcher Type: SUN_STANDARD

[Global flags]
     intx CICompilerCount                          = 4                                         {product} {ergonomic}
     uint ConcGCThreads                            = 2                                         {product} {ergonomic}
     uint G1ConcRefinementThreads                  = 8                                         {product} {ergonomic}
   size_t G1HeapRegionSize                         = 1048576                                   {product} {ergonomic}
    uintx GCDrainStackTargetSize                   = 64                                        {product} {ergonomic}
   size_t InitialHeapSize                          = 134217728                                 {product} {ergonomic}
   size_t MarkStackSize                            = 4194304                                   {product} {ergonomic}
   size_t MaxHeapSize                              = 2118123520                                {product} {ergonomic}
   size_t MinHeapDeltaBytes                        = 1048576                                   {product} {ergonomic}
   size_t MinHeapSize                              = 8388608                                   {product} {ergonomic}
    uintx NonNMethodCodeHeapSize                   = 5839372                                {pd product} {ergonomic}
    uintx NonProfiledCodeHeapSize                  = 122909434                              {pd product} {ergonomic}
    uintx ProfiledCodeHeapSize                     = 122909434                              {pd product} {ergonomic}
    uintx ReservedCodeCacheSize                    = 251658240                              {pd product} {ergonomic}
     bool SegmentedCodeCache                       = true                                      {product} {ergonomic}
   size_t SoftMaxHeapSize                          = 2118123520                             {manageable} {ergonomic}
     bool UseCompressedClassPointers               = true                           {product lp64_product} {ergonomic}
     bool UseCompressedOops                        = true                           {product lp64_product} {ergonomic}
     bool UseG1GC                                  = true                                      {product} {ergonomic}
     bool UseLargePagesIndividualAllocation        = false                                  {pd product} {ergonomic}

Logging:
Log output configuration:
 #0: stdout all=warning uptime,level,tags
 #1: stderr all=off uptime,level,tags

Environment Variables:
PATH=D:/Setup/sts-4.14.1.RELEASE//plugins/org.eclipse.justj.openjdk.hotspot.jre.full.win32.x86_64_17.0.2.v20220201-1208/jre/bin/server;D:/Setup/sts-4.14.1.RELEASE//plugins/org.eclipse.justj.openjdk.hotspot.jre.full.win32.x86_64_17.0.2.v20220201-1208/jre/bin;C:\Program Files\Common Files\Oracle\Java\javapath;C:\Windows\system32;C:\Windows;C:\Windows\System32\Wbem;C:\Windows\System32\WindowsPowerShell\v1.0\;C:\Windows\System32\OpenSSH\;C:\Program Files\Git\cmd;C:\Users\komodo-pc\AppData\Local\Microsoft\WindowsApps;;D:\Setup\sts-4.14.1.RELEASE;
USERNAME=komodo-pc
OS=Windows_NT
PROCESSOR_IDENTIFIER=Intel64 Family 6 Model 58 Stepping 9, GenuineIntel



---------------  S Y S T E M  ---------------

OS:
 Windows 10 , 64 bit Build 19041 (10.0.19041.3393)
OS uptime: 0 days 1:40 hours

CPU: total 8 (initial active 8) (4 cores per cpu, 2 threads per core) family 6 model 58 stepping 9 microcode 0x21, cx8, cmov, fxsr, ht, mmx, sse, sse2, sse3, ssse3, sse4.1, sse4.2, popcnt, tsc, tscinvbit, avx, aes, erms, clmul, vzeroupper, clflush

Memory: 4k page, system-wide physical 8078M (417M free)
TotalPageFile size 14818M (AvailPageFile size 5M)
current process WorkingSet (physical memory assigned to process): 10M, peak: 10M
current process commit charge ("private bytes"): 188M, peak: 190M

vm_info: OpenJDK 64-Bit Server VM (17.0.2+8) for windows-amd64 JRE (17.0.2+8), built on Jan 20 2022 04:52:34 by "" with MS VC++ 16.7 (VS2019)

END.
