#
# There is insufficient memory for the Java Runtime Environment to continue.
# Native memory allocation (malloc) failed to allocate 32744 bytes for ChunkPool::allocate
# Possible reasons:
#   The system is out of physical RAM or swap space
#   The process is running with CompressedOops enabled, and the Java Heap may be blocking the growth of the native heap
# Possible solutions:
#   Reduce memory load on the system
#   Increase physical memory or swap space
#   Check if swap backing store is full
#   Decrease Java heap size (-Xmx/-Xms)
#   Decrease number of Java threads
#   Decrease Java thread stack sizes (-Xss)
#   Set larger code cache with -XX:ReservedCodeCacheSize=
#   JVM is running with Unscaled Compressed Oops mode in which the Java heap is
#     placed in the first 4GB address space. The Java Heap base address is the
#     maximum limit for the native heap growth. Please use -XX:HeapBaseMinAddress
#     to set the Java Heap base and to place the Java Heap above 4GB virtual address.
# This output file may be truncated or incomplete.
#
#  Out of Memory Error (arena.cpp:78), pid=12360, tid=4184
#
# JRE version: OpenJDK Runtime Environment Temurin-17.0.2+8 (17.0.2+8) (build 17.0.2+8)
# Java VM: OpenJDK 64-Bit Server VM Temurin-17.0.2+8 (17.0.2+8, mixed mode, tiered, compressed oops, compressed class ptrs, g1 gc, windows-amd64)
# No core dump will be written. Minidumps are not enabled by default on client versions of Windows
#

---------------  S U M M A R Y ------------

Command Line: C:\Users\KOMODO~1\AppData\Local\Temp\surefire4231444467180860952\surefirebooter12721789714306089511.jar C:\Users\komodo-pc\AppData\Local\Temp\surefire4231444467180860952 2023-10-09T17-34-38_487-jvmRun1 surefire17285152239855247419tmp surefire_012125766329348053165tmp

Host: Intel(R) Core(TM) i7-3770 CPU @ 3.40GHz, 8 cores, 7G,  Windows 10 , 64 bit Build 19041 (10.0.19041.3393)
Time: Mon Oct  9 17:34:39 2023 SE Asia Standard Time elapsed time: 0.323922 seconds (0d 0h 0m 0s)

---------------  T H R E A D  ---------------

Current thread (0x0000016eb684be90):  JavaThread "C1 CompilerThread0" daemon [_thread_in_native, id=4184, stack(0x000000244bb00000,0x000000244bc00000)]


Current CompileTask:
C1:    324  487  s!   3       jdk.internal.loader.URLClassPath::getLoader (194 bytes)

Stack: [0x000000244bb00000,0x000000244bc00000]
Native frames: (J=compiled Java code, j=interpreted, Vv=VM code, C=native code)
V  [jvm.dll+0x67564a]
V  [jvm.dll+0x82fc04]
V  [jvm.dll+0x8313ae]
V  [jvm.dll+0x831a13]
V  [jvm.dll+0x245235]
V  [jvm.dll+0xabfc0]
V  [jvm.dll+0xac30c]
V  [jvm.dll+0x11c455]
V  [jvm.dll+0x179efe]
V  [jvm.dll+0x17a4c3]
V  [jvm.dll+0x134723]
V  [jvm.dll+0x13401f]
V  [jvm.dll+0x134256]
V  [jvm.dll+0x1336ea]
V  [jvm.dll+0x1353b1]
V  [jvm.dll+0x226ef8]
V  [jvm.dll+0x22503c]
V  [jvm.dll+0x7e596b]
V  [jvm.dll+0x7dff2a]
V  [jvm.dll+0x6744d5]
C  [ucrtbase.dll+0x21bb2]
C  [KERNEL32.DLL+0x17344]
C  [ntdll.dll+0x526b1]


---------------  P R O C E S S  ---------------

Threads class SMR info:
_java_thread_list=0x0000016eb6c60fa0, length=15, elements={
0x0000016e9bd0bb20, 0x0000016eb6813020, 0x0000016eb5c6cbb0, 0x0000016eb5ca02f0,
0x0000016eb5ca3dc0, 0x0000016eb5ca5780, 0x0000016eb5ca6130, 0x0000016eb68437d0,
0x0000016eb684be90, 0x0000016eb6857060, 0x0000016eb6976330, 0x0000016eb69cc010,
0x0000016eb6a1c260, 0x0000016eb6baf9f0, 0x0000016eb6cb4500
}

Java Threads: ( => current thread )
  0x0000016e9bd0bb20 JavaThread "main" [_thread_in_native, id=25260, stack(0x000000244ad00000,0x000000244ae00000)]
  0x0000016eb6813020 JavaThread "Reference Handler" daemon [_thread_blocked, id=8008, stack(0x000000244b400000,0x000000244b500000)]
  0x0000016eb5c6cbb0 JavaThread "Finalizer" daemon [_thread_blocked, id=15632, stack(0x000000244b500000,0x000000244b600000)]
  0x0000016eb5ca02f0 JavaThread "Signal Dispatcher" daemon [_thread_blocked, id=25292, stack(0x000000244b600000,0x000000244b700000)]
  0x0000016eb5ca3dc0 JavaThread "Attach Listener" daemon [_thread_blocked, id=23892, stack(0x000000244b700000,0x000000244b800000)]
  0x0000016eb5ca5780 JavaThread "Service Thread" daemon [_thread_blocked, id=5648, stack(0x000000244b800000,0x000000244b900000)]
  0x0000016eb5ca6130 JavaThread "Monitor Deflation Thread" daemon [_thread_blocked, id=10924, stack(0x000000244b900000,0x000000244ba00000)]
  0x0000016eb68437d0 JavaThread "C2 CompilerThread0" daemon [_thread_blocked, id=19848, stack(0x000000244ba00000,0x000000244bb00000)]
=>0x0000016eb684be90 JavaThread "C1 CompilerThread0" daemon [_thread_in_native, id=4184, stack(0x000000244bb00000,0x000000244bc00000)]
  0x0000016eb6857060 JavaThread "Sweeper thread" daemon [_thread_blocked, id=9084, stack(0x000000244bc00000,0x000000244bd00000)]
  0x0000016eb6976330 JavaThread "Notification Thread" daemon [_thread_blocked, id=24960, stack(0x000000244bd00000,0x000000244be00000)]
  0x0000016eb69cc010 JavaThread "Common-Cleaner" daemon [_thread_blocked, id=23112, stack(0x000000244bf00000,0x000000244c000000)]
  0x0000016eb6a1c260 JavaThread "surefire-forkedjvm-command-thread" daemon [_thread_in_native, id=10560, stack(0x000000244c000000,0x000000244c100000)]
  0x0000016eb6baf9f0 JavaThread "surefire-forkedjvm-ping-30s" daemon [_thread_blocked, id=3304, stack(0x000000244c100000,0x000000244c200000)]
  0x0000016eb6cb4500 JavaThread "C2 CompilerThread1" daemon [_thread_in_native, id=12984, stack(0x000000244c200000,0x000000244c300000)]

Other Threads:
  0x0000016eb5c68400 VMThread "VM Thread" [stack: 0x000000244b300000,0x000000244b400000] [id=25308]
  0x0000016e9bd664f0 WatcherThread [stack: 0x000000244be00000,0x000000244bf00000] [id=25100]
  0x0000016e9bd4c7c0 GCTaskThread "GC Thread#0" [stack: 0x000000244ae00000,0x000000244af00000] [id=3116]
  0x0000016e9bd5e390 ConcurrentGCThread "G1 Main Marker" [stack: 0x000000244af00000,0x000000244b000000] [id=21352]
  0x0000016e9bd5f540 ConcurrentGCThread "G1 Conc#0" [stack: 0x000000244b000000,0x000000244b100000] [id=18884]
  0x0000016e9bdedb10 ConcurrentGCThread "G1 Refine#0" [stack: 0x000000244b100000,0x000000244b200000] [id=19540]
  0x0000016e9bdee530 ConcurrentGCThread "G1 Service" [stack: 0x000000244b200000,0x000000244b300000] [id=25188]

Threads with active compile tasks:
C1 CompilerThread0      345  487  s!   3       jdk.internal.loader.URLClassPath::getLoader (194 bytes)
C2 CompilerThread1      345  472   !   4       java.util.zip.ZipFile$Source::checkAndAddEntry (209 bytes)

VM state: not at safepoint (normal execution)

VM Mutex/Monitor currently owned by a thread: None

Heap address: 0x0000000081c00000, size: 2020 MB, Compressed Oops mode: 32-bit

CDS archive(s) not mapped
Compressed class space mapped at: 0x0000000100000000-0x0000000140000000, reserved size: 1073741824
Narrow klass base: 0x0000000000000000, Narrow klass shift: 3, Narrow klass range: 0x140000000

GC Precious Log:
 CPUs: 8 total, 8 available
 Memory: 8078M
 Large Page Support: Disabled
 NUMA Support: Disabled
 Compressed Oops: Enabled (32-bit)
 Heap Region Size: 1M
 Heap Min Capacity: 8M
 Heap Initial Capacity: 128M
 Heap Max Capacity: 2020M
 Pre-touch: Disabled
 Parallel Workers: 8
 Concurrent Workers: 2
 Concurrent Refinement Workers: 8
 Periodic GC: Disabled

Heap:
 garbage-first heap   total 131072K, used 9216K [0x0000000081c00000, 0x0000000100000000)
  region size 1024K, 10 young (10240K), 0 survivors (0K)
 Metaspace       used 9643K, committed 9728K, reserved 1064960K
  class space    used 844K, committed 896K, reserved 1048576K

Heap Regions: E=young(eden), S=young(survivor), O=old, HS=humongous(starts), HC=humongous(continues), CS=collection set, F=free, OA=open archive, CA=closed archive, TAMS=top-at-mark-start (previous, next)
|   0|0x0000000081c00000, 0x0000000081d00000, 0x0000000081d00000|100%|HS|  |TAMS 0x0000000081c00000, 0x0000000081c00000| Complete 
|   1|0x0000000081d00000, 0x0000000081d00000, 0x0000000081e00000|  0%| F|  |TAMS 0x0000000081d00000, 0x0000000081d00000| Untracked 
|   2|0x0000000081e00000, 0x0000000081e00000, 0x0000000081f00000|  0%| F|  |TAMS 0x0000000081e00000, 0x0000000081e00000| Untracked 
|   3|0x0000000081f00000, 0x0000000081f00000, 0x0000000082000000|  0%| F|  |TAMS 0x0000000081f00000, 0x0000000081f00000| Untracked 
|   4|0x0000000082000000, 0x0000000082000000, 0x0000000082100000|  0%| F|  |TAMS 0x0000000082000000, 0x0000000082000000| Untracked 
|   5|0x0000000082100000, 0x0000000082100000, 0x0000000082200000|  0%| F|  |TAMS 0x0000000082100000, 0x0000000082100000| Untracked 
|   6|0x0000000082200000, 0x0000000082200000, 0x0000000082300000|  0%| F|  |TAMS 0x0000000082200000, 0x0000000082200000| Untracked 
|   7|0x0000000082300000, 0x0000000082300000, 0x0000000082400000|  0%| F|  |TAMS 0x0000000082300000, 0x0000000082300000| Untracked 
|   8|0x0000000082400000, 0x0000000082400000, 0x0000000082500000|  0%| F|  |TAMS 0x0000000082400000, 0x0000000082400000| Untracked 
|   9|0x0000000082500000, 0x0000000082500000, 0x0000000082600000|  0%| F|  |TAMS 0x0000000082500000, 0x0000000082500000| Untracked 
|  10|0x0000000082600000, 0x0000000082600000, 0x0000000082700000|  0%| F|  |TAMS 0x0000000082600000, 0x0000000082600000| Untracked 
|  11|0x0000000082700000, 0x0000000082700000, 0x0000000082800000|  0%| F|  |TAMS 0x0000000082700000, 0x0000000082700000| Untracked 
|  12|0x0000000082800000, 0x0000000082800000, 0x0000000082900000|  0%| F|  |TAMS 0x0000000082800000, 0x0000000082800000| Untracked 
|  13|0x0000000082900000, 0x0000000082900000, 0x0000000082a00000|  0%| F|  |TAMS 0x0000000082900000, 0x0000000082900000| Untracked 
|  14|0x0000000082a00000, 0x0000000082a00000, 0x0000000082b00000|  0%| F|  |TAMS 0x0000000082a00000, 0x0000000082a00000| Untracked 
|  15|0x0000000082b00000, 0x0000000082b00000, 0x0000000082c00000|  0%| F|  |TAMS 0x0000000082b00000, 0x0000000082b00000| Untracked 
|  16|0x0000000082c00000, 0x0000000082c00000, 0x0000000082d00000|  0%| F|  |TAMS 0x0000000082c00000, 0x0000000082c00000| Untracked 
|  17|0x0000000082d00000, 0x0000000082d00000, 0x0000000082e00000|  0%| F|  |TAMS 0x0000000082d00000, 0x0000000082d00000| Untracked 
|  18|0x0000000082e00000, 0x0000000082e00000, 0x0000000082f00000|  0%| F|  |TAMS 0x0000000082e00000, 0x0000000082e00000| Untracked 
|  19|0x0000000082f00000, 0x0000000082f00000, 0x0000000083000000|  0%| F|  |TAMS 0x0000000082f00000, 0x0000000082f00000| Untracked 
|  20|0x0000000083000000, 0x0000000083000000, 0x0000000083100000|  0%| F|  |TAMS 0x0000000083000000, 0x0000000083000000| Untracked 
|  21|0x0000000083100000, 0x0000000083100000, 0x0000000083200000|  0%| F|  |TAMS 0x0000000083100000, 0x0000000083100000| Untracked 
|  22|0x0000000083200000, 0x0000000083200000, 0x0000000083300000|  0%| F|  |TAMS 0x0000000083200000, 0x0000000083200000| Untracked 
|  23|0x0000000083300000, 0x0000000083300000, 0x0000000083400000|  0%| F|  |TAMS 0x0000000083300000, 0x0000000083300000| Untracked 
|  24|0x0000000083400000, 0x0000000083400000, 0x0000000083500000|  0%| F|  |TAMS 0x0000000083400000, 0x0000000083400000| Untracked 
|  25|0x0000000083500000, 0x0000000083500000, 0x0000000083600000|  0%| F|  |TAMS 0x0000000083500000, 0x0000000083500000| Untracked 
|  26|0x0000000083600000, 0x0000000083600000, 0x0000000083700000|  0%| F|  |TAMS 0x0000000083600000, 0x0000000083600000| Untracked 
|  27|0x0000000083700000, 0x0000000083700000, 0x0000000083800000|  0%| F|  |TAMS 0x0000000083700000, 0x0000000083700000| Untracked 
|  28|0x0000000083800000, 0x0000000083800000, 0x0000000083900000|  0%| F|  |TAMS 0x0000000083800000, 0x0000000083800000| Untracked 
|  29|0x0000000083900000, 0x0000000083900000, 0x0000000083a00000|  0%| F|  |TAMS 0x0000000083900000, 0x0000000083900000| Untracked 
|  30|0x0000000083a00000, 0x0000000083a00000, 0x0000000083b00000|  0%| F|  |TAMS 0x0000000083a00000, 0x0000000083a00000| Untracked 
|  31|0x0000000083b00000, 0x0000000083b00000, 0x0000000083c00000|  0%| F|  |TAMS 0x0000000083b00000, 0x0000000083b00000| Untracked 
|  32|0x0000000083c00000, 0x0000000083c00000, 0x0000000083d00000|  0%| F|  |TAMS 0x0000000083c00000, 0x0000000083c00000| Untracked 
|  33|0x0000000083d00000, 0x0000000083d00000, 0x0000000083e00000|  0%| F|  |TAMS 0x0000000083d00000, 0x0000000083d00000| Untracked 
|  34|0x0000000083e00000, 0x0000000083e00000, 0x0000000083f00000|  0%| F|  |TAMS 0x0000000083e00000, 0x0000000083e00000| Untracked 
|  35|0x0000000083f00000, 0x0000000083f00000, 0x0000000084000000|  0%| F|  |TAMS 0x0000000083f00000, 0x0000000083f00000| Untracked 
|  36|0x0000000084000000, 0x0000000084000000, 0x0000000084100000|  0%| F|  |TAMS 0x0000000084000000, 0x0000000084000000| Untracked 
|  37|0x0000000084100000, 0x0000000084100000, 0x0000000084200000|  0%| F|  |TAMS 0x0000000084100000, 0x0000000084100000| Untracked 
|  38|0x0000000084200000, 0x0000000084200000, 0x0000000084300000|  0%| F|  |TAMS 0x0000000084200000, 0x0000000084200000| Untracked 
|  39|0x0000000084300000, 0x0000000084300000, 0x0000000084400000|  0%| F|  |TAMS 0x0000000084300000, 0x0000000084300000| Untracked 
|  40|0x0000000084400000, 0x0000000084400000, 0x0000000084500000|  0%| F|  |TAMS 0x0000000084400000, 0x0000000084400000| Untracked 
|  41|0x0000000084500000, 0x0000000084500000, 0x0000000084600000|  0%| F|  |TAMS 0x0000000084500000, 0x0000000084500000| Untracked 
|  42|0x0000000084600000, 0x0000000084600000, 0x0000000084700000|  0%| F|  |TAMS 0x0000000084600000, 0x0000000084600000| Untracked 
|  43|0x0000000084700000, 0x0000000084700000, 0x0000000084800000|  0%| F|  |TAMS 0x0000000084700000, 0x0000000084700000| Untracked 
|  44|0x0000000084800000, 0x0000000084800000, 0x0000000084900000|  0%| F|  |TAMS 0x0000000084800000, 0x0000000084800000| Untracked 
|  45|0x0000000084900000, 0x0000000084900000, 0x0000000084a00000|  0%| F|  |TAMS 0x0000000084900000, 0x0000000084900000| Untracked 
|  46|0x0000000084a00000, 0x0000000084a00000, 0x0000000084b00000|  0%| F|  |TAMS 0x0000000084a00000, 0x0000000084a00000| Untracked 
|  47|0x0000000084b00000, 0x0000000084b00000, 0x0000000084c00000|  0%| F|  |TAMS 0x0000000084b00000, 0x0000000084b00000| Untracked 
|  48|0x0000000084c00000, 0x0000000084c00000, 0x0000000084d00000|  0%| F|  |TAMS 0x0000000084c00000, 0x0000000084c00000| Untracked 
|  49|0x0000000084d00000, 0x0000000084d00000, 0x0000000084e00000|  0%| F|  |TAMS 0x0000000084d00000, 0x0000000084d00000| Untracked 
|  50|0x0000000084e00000, 0x0000000084e00000, 0x0000000084f00000|  0%| F|  |TAMS 0x0000000084e00000, 0x0000000084e00000| Untracked 
|  51|0x0000000084f00000, 0x0000000084f00000, 0x0000000085000000|  0%| F|  |TAMS 0x0000000084f00000, 0x0000000084f00000| Untracked 
|  52|0x0000000085000000, 0x0000000085000000, 0x0000000085100000|  0%| F|  |TAMS 0x0000000085000000, 0x0000000085000000| Untracked 
|  53|0x0000000085100000, 0x0000000085100000, 0x0000000085200000|  0%| F|  |TAMS 0x0000000085100000, 0x0000000085100000| Untracked 
|  54|0x0000000085200000, 0x0000000085200000, 0x0000000085300000|  0%| F|  |TAMS 0x0000000085200000, 0x0000000085200000| Untracked 
|  55|0x0000000085300000, 0x0000000085300000, 0x0000000085400000|  0%| F|  |TAMS 0x0000000085300000, 0x0000000085300000| Untracked 
|  56|0x0000000085400000, 0x0000000085400000, 0x0000000085500000|  0%| F|  |TAMS 0x0000000085400000, 0x0000000085400000| Untracked 
|  57|0x0000000085500000, 0x0000000085500000, 0x0000000085600000|  0%| F|  |TAMS 0x0000000085500000, 0x0000000085500000| Untracked 
|  58|0x0000000085600000, 0x0000000085600000, 0x0000000085700000|  0%| F|  |TAMS 0x0000000085600000, 0x0000000085600000| Untracked 
|  59|0x0000000085700000, 0x0000000085700000, 0x0000000085800000|  0%| F|  |TAMS 0x0000000085700000, 0x0000000085700000| Untracked 
|  60|0x0000000085800000, 0x0000000085800000, 0x0000000085900000|  0%| F|  |TAMS 0x0000000085800000, 0x0000000085800000| Untracked 
|  61|0x0000000085900000, 0x0000000085900000, 0x0000000085a00000|  0%| F|  |TAMS 0x0000000085900000, 0x0000000085900000| Untracked 
|  62|0x0000000085a00000, 0x0000000085a00000, 0x0000000085b00000|  0%| F|  |TAMS 0x0000000085a00000, 0x0000000085a00000| Untracked 
|  63|0x0000000085b00000, 0x0000000085b00000, 0x0000000085c00000|  0%| F|  |TAMS 0x0000000085b00000, 0x0000000085b00000| Untracked 
|  64|0x0000000085c00000, 0x0000000085c00000, 0x0000000085d00000|  0%| F|  |TAMS 0x0000000085c00000, 0x0000000085c00000| Untracked 
|  65|0x0000000085d00000, 0x0000000085d00000, 0x0000000085e00000|  0%| F|  |TAMS 0x0000000085d00000, 0x0000000085d00000| Untracked 
|  66|0x0000000085e00000, 0x0000000085e00000, 0x0000000085f00000|  0%| F|  |TAMS 0x0000000085e00000, 0x0000000085e00000| Untracked 
|  67|0x0000000085f00000, 0x0000000085f00000, 0x0000000086000000|  0%| F|  |TAMS 0x0000000085f00000, 0x0000000085f00000| Untracked 
|  68|0x0000000086000000, 0x0000000086000000, 0x0000000086100000|  0%| F|  |TAMS 0x0000000086000000, 0x0000000086000000| Untracked 
|  69|0x0000000086100000, 0x0000000086100000, 0x0000000086200000|  0%| F|  |TAMS 0x0000000086100000, 0x0000000086100000| Untracked 
|  70|0x0000000086200000, 0x0000000086200000, 0x0000000086300000|  0%| F|  |TAMS 0x0000000086200000, 0x0000000086200000| Untracked 
|  71|0x0000000086300000, 0x0000000086300000, 0x0000000086400000|  0%| F|  |TAMS 0x0000000086300000, 0x0000000086300000| Untracked 
|  72|0x0000000086400000, 0x0000000086400000, 0x0000000086500000|  0%| F|  |TAMS 0x0000000086400000, 0x0000000086400000| Untracked 
|  73|0x0000000086500000, 0x0000000086500000, 0x0000000086600000|  0%| F|  |TAMS 0x0000000086500000, 0x0000000086500000| Untracked 
|  74|0x0000000086600000, 0x0000000086600000, 0x0000000086700000|  0%| F|  |TAMS 0x0000000086600000, 0x0000000086600000| Untracked 
|  75|0x0000000086700000, 0x0000000086700000, 0x0000000086800000|  0%| F|  |TAMS 0x0000000086700000, 0x0000000086700000| Untracked 
|  76|0x0000000086800000, 0x0000000086800000, 0x0000000086900000|  0%| F|  |TAMS 0x0000000086800000, 0x0000000086800000| Untracked 
|  77|0x0000000086900000, 0x0000000086900000, 0x0000000086a00000|  0%| F|  |TAMS 0x0000000086900000, 0x0000000086900000| Untracked 
|  78|0x0000000086a00000, 0x0000000086a00000, 0x0000000086b00000|  0%| F|  |TAMS 0x0000000086a00000, 0x0000000086a00000| Untracked 
|  79|0x0000000086b00000, 0x0000000086b00000, 0x0000000086c00000|  0%| F|  |TAMS 0x0000000086b00000, 0x0000000086b00000| Untracked 
|  80|0x0000000086c00000, 0x0000000086c00000, 0x0000000086d00000|  0%| F|  |TAMS 0x0000000086c00000, 0x0000000086c00000| Untracked 
|  81|0x0000000086d00000, 0x0000000086d00000, 0x0000000086e00000|  0%| F|  |TAMS 0x0000000086d00000, 0x0000000086d00000| Untracked 
|  82|0x0000000086e00000, 0x0000000086e00000, 0x0000000086f00000|  0%| F|  |TAMS 0x0000000086e00000, 0x0000000086e00000| Untracked 
|  83|0x0000000086f00000, 0x0000000086f00000, 0x0000000087000000|  0%| F|  |TAMS 0x0000000086f00000, 0x0000000086f00000| Untracked 
|  84|0x0000000087000000, 0x0000000087000000, 0x0000000087100000|  0%| F|  |TAMS 0x0000000087000000, 0x0000000087000000| Untracked 
|  85|0x0000000087100000, 0x0000000087100000, 0x0000000087200000|  0%| F|  |TAMS 0x0000000087100000, 0x0000000087100000| Untracked 
|  86|0x0000000087200000, 0x0000000087200000, 0x0000000087300000|  0%| F|  |TAMS 0x0000000087200000, 0x0000000087200000| Untracked 
|  87|0x0000000087300000, 0x0000000087300000, 0x0000000087400000|  0%| F|  |TAMS 0x0000000087300000, 0x0000000087300000| Untracked 
|  88|0x0000000087400000, 0x0000000087400000, 0x0000000087500000|  0%| F|  |TAMS 0x0000000087400000, 0x0000000087400000| Untracked 
|  89|0x0000000087500000, 0x0000000087500000, 0x0000000087600000|  0%| F|  |TAMS 0x0000000087500000, 0x0000000087500000| Untracked 
|  90|0x0000000087600000, 0x0000000087600000, 0x0000000087700000|  0%| F|  |TAMS 0x0000000087600000, 0x0000000087600000| Untracked 
|  91|0x0000000087700000, 0x0000000087700000, 0x0000000087800000|  0%| F|  |TAMS 0x0000000087700000, 0x0000000087700000| Untracked 
|  92|0x0000000087800000, 0x0000000087800000, 0x0000000087900000|  0%| F|  |TAMS 0x0000000087800000, 0x0000000087800000| Untracked 
|  93|0x0000000087900000, 0x0000000087900000, 0x0000000087a00000|  0%| F|  |TAMS 0x0000000087900000, 0x0000000087900000| Untracked 
|  94|0x0000000087a00000, 0x0000000087a00000, 0x0000000087b00000|  0%| F|  |TAMS 0x0000000087a00000, 0x0000000087a00000| Untracked 
|  95|0x0000000087b00000, 0x0000000087b00000, 0x0000000087c00000|  0%| F|  |TAMS 0x0000000087b00000, 0x0000000087b00000| Untracked 
|  96|0x0000000087c00000, 0x0000000087c00000, 0x0000000087d00000|  0%| F|  |TAMS 0x0000000087c00000, 0x0000000087c00000| Untracked 
|  97|0x0000000087d00000, 0x0000000087d00000, 0x0000000087e00000|  0%| F|  |TAMS 0x0000000087d00000, 0x0000000087d00000| Untracked 
|  98|0x0000000087e00000, 0x0000000087e00000, 0x0000000087f00000|  0%| F|  |TAMS 0x0000000087e00000, 0x0000000087e00000| Untracked 
|  99|0x0000000087f00000, 0x0000000087f00000, 0x0000000088000000|  0%| F|  |TAMS 0x0000000087f00000, 0x0000000087f00000| Untracked 
| 100|0x0000000088000000, 0x0000000088000000, 0x0000000088100000|  0%| F|  |TAMS 0x0000000088000000, 0x0000000088000000| Untracked 
| 101|0x0000000088100000, 0x0000000088100000, 0x0000000088200000|  0%| F|  |TAMS 0x0000000088100000, 0x0000000088100000| Untracked 
| 102|0x0000000088200000, 0x0000000088200000, 0x0000000088300000|  0%| F|  |TAMS 0x0000000088200000, 0x0000000088200000| Untracked 
| 103|0x0000000088300000, 0x0000000088300000, 0x0000000088400000|  0%| F|  |TAMS 0x0000000088300000, 0x0000000088300000| Untracked 
| 104|0x0000000088400000, 0x0000000088400000, 0x0000000088500000|  0%| F|  |TAMS 0x0000000088400000, 0x0000000088400000| Untracked 
| 105|0x0000000088500000, 0x0000000088500000, 0x0000000088600000|  0%| F|  |TAMS 0x0000000088500000, 0x0000000088500000| Untracked 
| 106|0x0000000088600000, 0x0000000088600000, 0x0000000088700000|  0%| F|  |TAMS 0x0000000088600000, 0x0000000088600000| Untracked 
| 107|0x0000000088700000, 0x0000000088700000, 0x0000000088800000|  0%| F|  |TAMS 0x0000000088700000, 0x0000000088700000| Untracked 
| 108|0x0000000088800000, 0x0000000088800000, 0x0000000088900000|  0%| F|  |TAMS 0x0000000088800000, 0x0000000088800000| Untracked 
| 109|0x0000000088900000, 0x0000000088900000, 0x0000000088a00000|  0%| F|  |TAMS 0x0000000088900000, 0x0000000088900000| Untracked 
| 110|0x0000000088a00000, 0x0000000088a00000, 0x0000000088b00000|  0%| F|  |TAMS 0x0000000088a00000, 0x0000000088a00000| Untracked 
| 111|0x0000000088b00000, 0x0000000088b00000, 0x0000000088c00000|  0%| F|  |TAMS 0x0000000088b00000, 0x0000000088b00000| Untracked 
| 112|0x0000000088c00000, 0x0000000088c00000, 0x0000000088d00000|  0%| F|  |TAMS 0x0000000088c00000, 0x0000000088c00000| Untracked 
| 113|0x0000000088d00000, 0x0000000088d00000, 0x0000000088e00000|  0%| F|  |TAMS 0x0000000088d00000, 0x0000000088d00000| Untracked 
| 114|0x0000000088e00000, 0x0000000088e00000, 0x0000000088f00000|  0%| F|  |TAMS 0x0000000088e00000, 0x0000000088e00000| Untracked 
| 115|0x0000000088f00000, 0x0000000088f00000, 0x0000000089000000|  0%| F|  |TAMS 0x0000000088f00000, 0x0000000088f00000| Untracked 
| 116|0x0000000089000000, 0x0000000089000000, 0x0000000089100000|  0%| F|  |TAMS 0x0000000089000000, 0x0000000089000000| Untracked 
| 117|0x0000000089100000, 0x0000000089100000, 0x0000000089200000|  0%| F|  |TAMS 0x0000000089100000, 0x0000000089100000| Untracked 
| 118|0x0000000089200000, 0x00000000892b2410, 0x0000000089300000| 69%| E|  |TAMS 0x0000000089200000, 0x0000000089200000| Complete 
| 119|0x0000000089300000, 0x00000000893fec90, 0x0000000089400000| 99%| E|  |TAMS 0x0000000089300000, 0x0000000089300000| Complete 
| 120|0x0000000089400000, 0x0000000089500000, 0x0000000089500000|100%| E|CS|TAMS 0x0000000089400000, 0x0000000089400000| Complete 
| 121|0x0000000089500000, 0x0000000089600000, 0x0000000089600000|100%| E|CS|TAMS 0x0000000089500000, 0x0000000089500000| Complete 
| 122|0x0000000089600000, 0x0000000089700000, 0x0000000089700000|100%| E|CS|TAMS 0x0000000089600000, 0x0000000089600000| Complete 
| 123|0x0000000089700000, 0x0000000089800000, 0x0000000089800000|100%| E|CS|TAMS 0x0000000089700000, 0x0000000089700000| Complete 
| 124|0x0000000089800000, 0x0000000089900000, 0x0000000089900000|100%| E|CS|TAMS 0x0000000089800000, 0x0000000089800000| Complete 
| 125|0x0000000089900000, 0x0000000089a00000, 0x0000000089a00000|100%| E|CS|TAMS 0x0000000089900000, 0x0000000089900000| Complete 
| 126|0x0000000089a00000, 0x0000000089b00000, 0x0000000089b00000|100%| E|CS|TAMS 0x0000000089a00000, 0x0000000089a00000| Complete 
| 127|0x0000000089b00000, 0x0000000089c00000, 0x0000000089c00000|100%| E|CS|TAMS 0x0000000089b00000, 0x0000000089b00000| Complete 

Card table byte_map: [0x0000016eaeb10000,0x0000016eaef10000] _byte_map_base: 0x0000016eae702000

Marking Bits (Prev, Next): (CMBitMap*) 0x0000016e9bd4dde0, (CMBitMap*) 0x0000016e9bd4de20
 Prev Bits: [0x0000016eaf310000, 0x0000016eb12a0000)
 Next Bits: [0x0000016eb12a0000, 0x0000016eb3230000)

Polling page: 0x0000016e99d00000

Metaspace:

Usage:
  Non-class:      8.63 MB used.
      Class:    846.48 KB used.
       Both:      9.45 MB used.

Virtual space:
  Non-class space:       16.00 MB reserved,       8.75 MB ( 55%) committed,  2 nodes.
      Class space:        1.00 GB reserved,     896.00 KB ( <1%) committed,  1 nodes.
             Both:        1.02 GB reserved,       9.62 MB ( <1%) committed. 

Chunk freelists:
   Non-Class:  2.73 MB
       Class:  3.08 MB
        Both:  5.81 MB

MaxMetaspaceSize: unlimited
CompressedClassSpaceSize: 1.00 GB
Initial GC threshold: 21.00 MB
Current GC threshold: 21.00 MB
CDS: off
MetaspaceReclaimPolicy: balanced
 - commit_granule_bytes: 65536.
 - commit_granule_words: 8192.
 - virtual_space_node_default_size: 1048576.
 - enlarge_chunks_in_place: 1.
 - new_chunks_are_fully_committed: 0.
 - uncommit_free_chunks: 1.
 - use_allocation_guard: 0.
 - handle_deallocations: 1.


Internal statistics:

num_allocs_failed_limit: 0.
num_arena_births: 24.
num_arena_deaths: 0.
num_vsnodes_births: 3.
num_vsnodes_deaths: 0.
num_space_committed: 154.
num_space_uncommitted: 0.
num_chunks_returned_to_freelist: 0.
num_chunks_taken_from_freelist: 73.
num_chunk_merges: 0.
num_chunk_splits: 35.
num_chunks_enlarged: 25.
num_purges: 0.
num_inconsistent_stats: 0.

CodeHeap 'non-profiled nmethods': size=120000Kb used=156Kb max_used=156Kb free=119843Kb
 bounds [0x0000016ea6ea0000, 0x0000016ea7110000, 0x0000016eae3d0000]
CodeHeap 'profiled nmethods': size=120000Kb used=720Kb max_used=720Kb free=119279Kb
 bounds [0x0000016e9f970000, 0x0000016e9fbe0000, 0x0000016ea6ea0000]
CodeHeap 'non-nmethods': size=5760Kb used=1143Kb max_used=1159Kb free=4616Kb
 bounds [0x0000016e9f3d0000, 0x0000016e9f640000, 0x0000016e9f970000]
 total_blobs=923 nmethods=492 adapters=344
 compilation: enabled
              stopped_count=0, restarted_count=0
 full_count=0

Compilation events (20 events):
Event: 0.314 Thread 0x0000016eb684be90  477   !   3       jdk.internal.ref.PhantomCleanable::insert (53 bytes)
Event: 0.314 Thread 0x0000016eb6cb4500  471       4       java.util.zip.ZipFile$Source::zipCoderForPos (39 bytes)
Event: 0.314 Thread 0x0000016eb684be90 nmethod 477 0x0000016e9fa20890 code [0x0000016e9fa20a40, 0x0000016e9fa20db8]
Event: 0.314 Thread 0x0000016eb684be90  479       3       jdk.internal.ref.CleanerFactory::cleaner (4 bytes)
Event: 0.315 Thread 0x0000016eb684be90 nmethod 479 0x0000016e9fa20f10 code [0x0000016e9fa210a0, 0x0000016e9fa21198]
Event: 0.315 Thread 0x0000016eb6cb4500 nmethod 471 0x0000016ea6ec2910 code [0x0000016ea6ec2a80, 0x0000016ea6ec2b38]
Event: 0.315 Thread 0x0000016eb6cb4500  469       4       java.io.WinNTFileSystem::isSlash (18 bytes)
Event: 0.315 Thread 0x0000016eb684be90  481       1       sun.nio.fs.NativeBuffer::address (5 bytes)
Event: 0.315 Thread 0x0000016eb684be90 nmethod 481 0x0000016ea6ec2c10 code [0x0000016ea6ec2da0, 0x0000016ea6ec2e78]
Event: 0.315 Thread 0x0000016eb6cb4500 nmethod 469 0x0000016ea6ec2f10 code [0x0000016ea6ec3080, 0x0000016ea6ec3118]
Event: 0.315 Thread 0x0000016eb684be90  482   !   3       java.util.jar.JarFile::checkForSpecialAttributes (163 bytes)
Event: 0.316 Thread 0x0000016eb6cb4500  472   !   4       java.util.zip.ZipFile$Source::checkAndAddEntry (209 bytes)
Event: 0.317 Thread 0x0000016eb684be90 nmethod 482 0x0000016e9fa21210 code [0x0000016e9fa21520, 0x0000016e9fa22758]
Event: 0.317 Thread 0x0000016eb684be90  483       3       java.lang.ref.Reference::refersTo (6 bytes)
Event: 0.317 Thread 0x0000016eb684be90 nmethod 483 0x0000016e9fa22f10 code [0x0000016e9fa230c0, 0x0000016e9fa23288]
Event: 0.317 Thread 0x0000016eb684be90  484       3       java.lang.ref.Reference::refersToImpl (6 bytes)
Event: 0.317 Thread 0x0000016eb684be90 nmethod 484 0x0000016e9fa23310 code [0x0000016e9fa234a0, 0x0000016e9fa235e8]
Event: 0.317 Thread 0x0000016eb684be90  485   !   3       java.util.zip.ZipFile$Source::readFullyAt (74 bytes)
Event: 0.318 Thread 0x0000016eb684be90 nmethod 485 0x0000016e9fa23690 code [0x0000016e9fa23880, 0x0000016e9fa23e48]
Event: 0.318 Thread 0x0000016eb684be90  487  s!   3       jdk.internal.loader.URLClassPath::getLoader (194 bytes)

GC Heap History (0 events):
No events

Deoptimization events (20 events):
Event: 0.247 Thread 0x0000016e9bd0bb20 DEOPT PACKING pc=0x0000016ea6ea7e08 sp=0x000000244adfe620
Event: 0.247 Thread 0x0000016e9bd0bb20 DEOPT UNPACKING pc=0x0000016e9f4223a3 sp=0x000000244adfe538 mode 2
Event: 0.247 Thread 0x0000016e9bd0bb20 Uncommon trap: trap_request=0xffffff45 fr.pc=0x0000016ea6ea6bdc relative=0x00000000000001bc
Event: 0.247 Thread 0x0000016e9bd0bb20 Uncommon trap: reason=unstable_if action=reinterpret pc=0x0000016ea6ea6bdc method=java.lang.AbstractStringBuilder.isLatin1()Z @ 10 c2
Event: 0.247 Thread 0x0000016e9bd0bb20 DEOPT PACKING pc=0x0000016ea6ea6bdc sp=0x000000244adfe5c0
Event: 0.247 Thread 0x0000016e9bd0bb20 DEOPT UNPACKING pc=0x0000016e9f4223a3 sp=0x000000244adfe530 mode 2
Event: 0.275 Thread 0x0000016e9bd0bb20 Uncommon trap: trap_request=0xffffff45 fr.pc=0x0000016ea6eb0e70 relative=0x00000000000001d0
Event: 0.275 Thread 0x0000016e9bd0bb20 Uncommon trap: reason=unstable_if action=reinterpret pc=0x0000016ea6eb0e70 method=java.util.StringTokenizer.scanToken(I)I @ 42 c2
Event: 0.275 Thread 0x0000016e9bd0bb20 DEOPT PACKING pc=0x0000016ea6eb0e70 sp=0x000000244adfe5e0
Event: 0.275 Thread 0x0000016e9bd0bb20 DEOPT UNPACKING pc=0x0000016e9f4223a3 sp=0x000000244adfe580 mode 2
Event: 0.299 Thread 0x0000016e9bd0bb20 DEOPT PACKING pc=0x0000016e9f993e0c sp=0x000000244adfe060
Event: 0.299 Thread 0x0000016e9bd0bb20 DEOPT UNPACKING pc=0x0000016e9f422b43 sp=0x000000244adfd4f0 mode 0
Event: 0.299 Thread 0x0000016e9bd0bb20 DEOPT PACKING pc=0x0000016e9f993e0c sp=0x000000244adfe060
Event: 0.299 Thread 0x0000016e9bd0bb20 DEOPT UNPACKING pc=0x0000016e9f422b43 sp=0x000000244adfd4f0 mode 0
Event: 0.299 Thread 0x0000016e9bd0bb20 DEOPT PACKING pc=0x0000016e9f993e0c sp=0x000000244adfe060
Event: 0.299 Thread 0x0000016e9bd0bb20 DEOPT UNPACKING pc=0x0000016e9f422b43 sp=0x000000244adfd4f0 mode 0
Event: 0.301 Thread 0x0000016e9bd0bb20 DEOPT PACKING pc=0x0000016e9f993e0c sp=0x000000244adfe060
Event: 0.301 Thread 0x0000016e9bd0bb20 DEOPT UNPACKING pc=0x0000016e9f422b43 sp=0x000000244adfd4f0 mode 0
Event: 0.301 Thread 0x0000016e9bd0bb20 DEOPT PACKING pc=0x0000016e9f993e0c sp=0x000000244adfe060
Event: 0.301 Thread 0x0000016e9bd0bb20 DEOPT UNPACKING pc=0x0000016e9f422b43 sp=0x000000244adfd4f0 mode 0

Classes unloaded (0 events):
No events

Classes redefined (0 events):
No events

Internal exceptions (7 events):
Event: 0.155 Thread 0x0000016e9bd0bb20 Exception <a 'java/lang/NoSuchMethodError'{0x0000000089acdae8}: 'java.lang.Object java.lang.invoke.DirectMethodHandle$Holder.invokeStaticInit(java.lang.Object)'> (0x0000000089acdae8) 
thrown [e:\jenkins\tmp\workspace\build\src\src\hotspot\share\interpreter\linkResolver.cpp, line 766]
Event: 0.187 Thread 0x0000016e9bd0bb20 Exception <a 'java/lang/NoSuchMethodError'{0x000000008991ccb8}: 'int java.lang.invoke.DirectMethodHandle$Holder.invokeSpecial(java.lang.Object, java.lang.Object, java.lang.Object)'> (0x000000008991ccb8) 
thrown [e:\jenkins\tmp\workspace\build\src\src\hotspot\share\interpreter\linkResolver.cpp, line 766]
Event: 0.275 Thread 0x0000016eb6baf9f0 Exception <a 'java/lang/NoSuchMethodError'{0x00000000897355f8}: 'void java.lang.invoke.DirectMethodHandle$Holder.invokeStatic(java.lang.Object, long)'> (0x00000000897355f8) 
thrown [e:\jenkins\tmp\workspace\build\src\src\hotspot\share\interpreter\linkResolver.cpp, line 766]
Event: 0.276 Thread 0x0000016eb6baf9f0 Exception <a 'java/lang/NoSuchMethodError'{0x000000008973ace8}: 'java.lang.Object java.lang.invoke.DirectMethodHandle$Holder.newInvokeSpecial(java.lang.Object, long)'> (0x000000008973ace8) 
thrown [e:\jenkins\tmp\workspace\build\src\src\hotspot\share\interpreter\linkResolver.cpp, line 766]
Event: 0.280 Thread 0x0000016eb6baf9f0 Exception <a 'java/lang/NoSuchMethodError'{0x0000000089746878}: 'java.lang.Object java.lang.invoke.DirectMethodHandle$Holder.invokeStaticInit(java.lang.Object, java.lang.Object, long, java.lang.Object)'> (0x0000000089746878) 
thrown [e:\jenkins\tmp\workspace\build\src\src\hotspot\share\interpreter\linkResolver.cpp, line 766]
Event: 0.280 Thread 0x0000016eb6baf9f0 Exception <a 'java/lang/NoSuchMethodError'{0x000000008974cf38}: 'java.lang.Object java.lang.invoke.DirectMethodHandle$Holder.newInvokeSpecial(java.lang.Object, java.lang.Object, long)'> (0x000000008974cf38) 
thrown [e:\jenkins\tmp\workspace\build\src\src\hotspot\share\interpreter\linkResolver.cpp, line 766]
Event: 0.281 Thread 0x0000016eb6baf9f0 Exception <a 'java/lang/NoSuchMethodError'{0x0000000089751228}: 'java.lang.Object java.lang.invoke.Invokers$Holder.linkToTargetMethod(java.lang.Object, long, java.lang.Object)'> (0x0000000089751228) 
thrown [e:\jenkins\tmp\workspace\build\src\src\hotspot\share\interpreter\linkResolver.cpp, line 766]

VM Operations (4 events):
Event: 0.112 Executing VM operation: HandshakeAllThreads
Event: 0.112 Executing VM operation: HandshakeAllThreads done
Event: 0.262 Executing VM operation: HandshakeAllThreads
Event: 0.262 Executing VM operation: HandshakeAllThreads done

Events (20 events):
Event: 0.291 loading class java/nio/charset/CoderResult done
Event: 0.297 loading class java/io/BufferedReader
Event: 0.297 loading class java/io/BufferedReader done
Event: 0.298 loading class sun/nio/cs/UTF_8$Decoder
Event: 0.298 loading class sun/nio/cs/UTF_8$Decoder done
Event: 0.298 loading class java/util/Vector
Event: 0.298 loading class java/util/Vector done
Event: 0.301 loading class java/util/TreeSet
Event: 0.301 loading class java/util/NavigableSet
Event: 0.301 loading class java/util/SortedSet
Event: 0.301 loading class java/util/SortedSet done
Event: 0.301 loading class java/util/NavigableSet done
Event: 0.301 loading class java/util/TreeSet done
Event: 0.301 loading class java/util/TreeMap$KeySet
Event: 0.301 loading class java/util/TreeMap$KeySet done
Event: 0.302 loading class java/util/TreeMap$KeyIterator
Event: 0.302 loading class java/util/TreeMap$PrivateEntryIterator
Event: 0.302 loading class java/util/TreeMap$PrivateEntryIterator done
Event: 0.302 loading class java/util/TreeMap$KeyIterator done
Event: 0.314 Thread 0x0000016eb6cb4500 Thread added: 0x0000016eb6cb4500


Dynamic libraries:
0x00007ff73f850000 - 0x00007ff73f85e000 	D:\Setup\sts-4.14.1.RELEASE\plugins\org.eclipse.justj.openjdk.hotspot.jre.full.win32.x86_64_17.0.2.v20220201-1208\jre\bin\java.exe
0x00007ffbec450000 - 0x00007ffbec648000 	C:\Windows\SYSTEM32\ntdll.dll
0x00007ffbebd70000 - 0x00007ffbebe2d000 	C:\Windows\System32\KERNEL32.DLL
0x00007ffbe9c50000 - 0x00007ffbe9f46000 	C:\Windows\System32\KERNELBASE.dll
0x00007ffbea1a0000 - 0x00007ffbea2a0000 	C:\Windows\System32\ucrtbase.dll
0x00007ffbcfde0000 - 0x00007ffbcfdf9000 	D:\Setup\sts-4.14.1.RELEASE\plugins\org.eclipse.justj.openjdk.hotspot.jre.full.win32.x86_64_17.0.2.v20220201-1208\jre\bin\VCRUNTIME140.dll
0x00007ffbcfdc0000 - 0x00007ffbcfdd8000 	D:\Setup\sts-4.14.1.RELEASE\plugins\org.eclipse.justj.openjdk.hotspot.jre.full.win32.x86_64_17.0.2.v20220201-1208\jre\bin\jli.dll
0x00007ffbec0a0000 - 0x00007ffbec23e000 	C:\Windows\System32\USER32.dll
0x00007ffbea2a0000 - 0x00007ffbea2c2000 	C:\Windows\System32\win32u.dll
0x00007ffbd7e50000 - 0x00007ffbd80ea000 	C:\Windows\WinSxS\amd64_microsoft.windows.common-controls_6595b64144ccf1df_6.0.19041.1110_none_60b5254171f9507e\COMCTL32.dll
0x00007ffbea920000 - 0x00007ffbea94c000 	C:\Windows\System32\GDI32.dll
0x00007ffbebcc0000 - 0x00007ffbebd5e000 	C:\Windows\System32\msvcrt.dll
0x00007ffbea390000 - 0x00007ffbea4aa000 	C:\Windows\System32\gdi32full.dll
0x00007ffbea0b0000 - 0x00007ffbea14d000 	C:\Windows\System32\msvcp_win.dll
0x00007ffbec370000 - 0x00007ffbec3a0000 	C:\Windows\System32\IMM32.DLL
0x00007ffbcfdb0000 - 0x00007ffbcfdbc000 	D:\Setup\sts-4.14.1.RELEASE\plugins\org.eclipse.justj.openjdk.hotspot.jre.full.win32.x86_64_17.0.2.v20220201-1208\jre\bin\vcruntime140_1.dll
0x00007ffbcfc60000 - 0x00007ffbcfcf1000 	D:\Setup\sts-4.14.1.RELEASE\plugins\org.eclipse.justj.openjdk.hotspot.jre.full.win32.x86_64_17.0.2.v20220201-1208\jre\bin\msvcp140.dll
0x00007ffb9ef00000 - 0x00007ffb9fb47000 	D:\Setup\sts-4.14.1.RELEASE\plugins\org.eclipse.justj.openjdk.hotspot.jre.full.win32.x86_64_17.0.2.v20220201-1208\jre\bin\server\jvm.dll
0x00007ffbebc10000 - 0x00007ffbebcbe000 	C:\Windows\System32\ADVAPI32.dll
0x00007ffbeaaf0000 - 0x00007ffbeab8c000 	C:\Windows\System32\sechost.dll
0x00007ffbebef0000 - 0x00007ffbec016000 	C:\Windows\System32\RPCRT4.dll
0x00007ffbeaae0000 - 0x00007ffbeaae8000 	C:\Windows\System32\PSAPI.DLL
0x00007ffbdae90000 - 0x00007ffbdaeb7000 	C:\Windows\SYSTEM32\WINMM.dll
0x00007ffbde8c0000 - 0x00007ffbde8ca000 	C:\Windows\SYSTEM32\VERSION.dll
0x00007ffbe57a0000 - 0x00007ffbe57a9000 	C:\Windows\SYSTEM32\WSOCK32.dll
0x00007ffbeaa70000 - 0x00007ffbeaadb000 	C:\Windows\System32\WS2_32.dll
0x00007ffbe79e0000 - 0x00007ffbe79f2000 	C:\Windows\SYSTEM32\kernel.appcore.dll
0x00007ffbd7730000 - 0x00007ffbd773a000 	D:\Setup\sts-4.14.1.RELEASE\plugins\org.eclipse.justj.openjdk.hotspot.jre.full.win32.x86_64_17.0.2.v20220201-1208\jre\bin\jimage.dll
0x00007ffbdd200000 - 0x00007ffbdd3e4000 	C:\Windows\SYSTEM32\DBGHELP.DLL
0x00007ffbdcde0000 - 0x00007ffbdce14000 	C:\Windows\SYSTEM32\dbgcore.DLL
0x00007ffbea2d0000 - 0x00007ffbea352000 	C:\Windows\System32\bcryptPrimitives.dll
0x00007ffbd7700000 - 0x00007ffbd7725000 	D:\Setup\sts-4.14.1.RELEASE\plugins\org.eclipse.justj.openjdk.hotspot.jre.full.win32.x86_64_17.0.2.v20220201-1208\jre\bin\java.dll
0x00007ffbd3f00000 - 0x00007ffbd3f18000 	D:\Setup\sts-4.14.1.RELEASE\plugins\org.eclipse.justj.openjdk.hotspot.jre.full.win32.x86_64_17.0.2.v20220201-1208\jre\bin\zip.dll
0x00007ffbeb200000 - 0x00007ffbeb945000 	C:\Windows\System32\SHELL32.dll
0x00007ffbe7be0000 - 0x00007ffbe837b000 	C:\Windows\SYSTEM32\windows.storage.dll
0x00007ffbeadf0000 - 0x00007ffbeb144000 	C:\Windows\System32\combase.dll
0x00007ffbe94a0000 - 0x00007ffbe94ce000 	C:\Windows\SYSTEM32\Wldp.dll
0x00007ffbeb150000 - 0x00007ffbeb1fd000 	C:\Windows\System32\SHCORE.dll
0x00007ffbebe90000 - 0x00007ffbebee5000 	C:\Windows\System32\shlwapi.dll
0x00007ffbe9a60000 - 0x00007ffbe9a85000 	C:\Windows\SYSTEM32\profapi.dll
0x00007ffbd2cb0000 - 0x00007ffbd2cc9000 	D:\Setup\sts-4.14.1.RELEASE\plugins\org.eclipse.justj.openjdk.hotspot.jre.full.win32.x86_64_17.0.2.v20220201-1208\jre\bin\net.dll
0x00007ffbe3510000 - 0x00007ffbe361a000 	C:\Windows\SYSTEM32\WINHTTP.dll
0x00007ffbe9200000 - 0x00007ffbe926a000 	C:\Windows\system32\mswsock.dll
0x00007ffbd2b20000 - 0x00007ffbd2b35000 	D:\Setup\sts-4.14.1.RELEASE\plugins\org.eclipse.justj.openjdk.hotspot.jre.full.win32.x86_64_17.0.2.v20220201-1208\jre\bin\nio.dll
0x00007ffbcfd70000 - 0x00007ffbcfd79000 	D:\Setup\sts-4.14.1.RELEASE\plugins\org.eclipse.justj.openjdk.hotspot.jre.full.win32.x86_64_17.0.2.v20220201-1208\jre\bin\management.dll
0x00007ffbcfc50000 - 0x00007ffbcfc5b000 	D:\Setup\sts-4.14.1.RELEASE\plugins\org.eclipse.justj.openjdk.hotspot.jre.full.win32.x86_64_17.0.2.v20220201-1208\jre\bin\management_ext.dll
0x00007ffbd3b10000 - 0x00007ffbd3b20000 	D:\Setup\sts-4.14.1.RELEASE\plugins\org.eclipse.justj.openjdk.hotspot.jre.full.win32.x86_64_17.0.2.v20220201-1208\jre\bin\verify.dll

dbghelp: loaded successfully - version: 4.0.5 - missing functions: none
symbol engine: initialized successfully - sym options: 0x614 - pdb path: .;D:\Setup\sts-4.14.1.RELEASE\plugins\org.eclipse.justj.openjdk.hotspot.jre.full.win32.x86_64_17.0.2.v20220201-1208\jre\bin;C:\Windows\SYSTEM32;C:\Windows\WinSxS\amd64_microsoft.windows.common-controls_6595b64144ccf1df_6.0.19041.1110_none_60b5254171f9507e;D:\Setup\sts-4.14.1.RELEASE\plugins\org.eclipse.justj.openjdk.hotspot.jre.full.win32.x86_64_17.0.2.v20220201-1208\jre\bin\server

VM Arguments:
java_command: C:\Users\KOMODO~1\AppData\Local\Temp\surefire4231444467180860952\surefirebooter12721789714306089511.jar C:\Users\komodo-pc\AppData\Local\Temp\surefire4231444467180860952 2023-10-09T17-34-38_487-jvmRun1 surefire17285152239855247419tmp surefire_012125766329348053165tmp
java_class_path (initial): C:\Users\KOMODO~1\AppData\Local\Temp\surefire4231444467180860952\surefirebooter12721789714306089511.jar
Launcher Type: SUN_STANDARD

[Global flags]
     intx CICompilerCount                          = 4                                         {product} {ergonomic}
     uint ConcGCThreads                            = 2                                         {product} {ergonomic}
     uint G1ConcRefinementThreads                  = 8                                         {product} {ergonomic}
   size_t G1HeapRegionSize                         = 1048576                                   {product} {ergonomic}
    uintx GCDrainStackTargetSize                   = 64                                        {product} {ergonomic}
   size_t InitialHeapSize                          = 134217728                                 {product} {ergonomic}
   size_t MarkStackSize                            = 4194304                                   {product} {ergonomic}
   size_t MaxHeapSize                              = 2118123520                                {product} {ergonomic}
   size_t MaxNewSize                               = 1270874112                                {product} {ergonomic}
   size_t MinHeapDeltaBytes                        = 1048576                                   {product} {ergonomic}
   size_t MinHeapSize                              = 8388608                                   {product} {ergonomic}
    uintx NonNMethodCodeHeapSize                   = 5839372                                {pd product} {ergonomic}
    uintx NonProfiledCodeHeapSize                  = 122909434                              {pd product} {ergonomic}
    uintx ProfiledCodeHeapSize                     = 122909434                              {pd product} {ergonomic}
    uintx ReservedCodeCacheSize                    = 251658240                              {pd product} {ergonomic}
     bool SegmentedCodeCache                       = true                                      {product} {ergonomic}
   size_t SoftMaxHeapSize                          = 2118123520                             {manageable} {ergonomic}
     bool UseCompressedClassPointers               = true                           {product lp64_product} {ergonomic}
     bool UseCompressedOops                        = true                           {product lp64_product} {ergonomic}
     bool UseG1GC                                  = true                                      {product} {ergonomic}
     bool UseLargePagesIndividualAllocation        = false                                  {pd product} {ergonomic}

Logging:
Log output configuration:
 #0: stdout all=warning uptime,level,tags
 #1: stderr all=off uptime,level,tags

Environment Variables:
PATH=D:/Setup/sts-4.14.1.RELEASE//plugins/org.eclipse.justj.openjdk.hotspot.jre.full.win32.x86_64_17.0.2.v20220201-1208/jre/bin/server;D:/Setup/sts-4.14.1.RELEASE//plugins/org.eclipse.justj.openjdk.hotspot.jre.full.win32.x86_64_17.0.2.v20220201-1208/jre/bin;C:\Program Files\Common Files\Oracle\Java\javapath;C:\Windows\system32;C:\Windows;C:\Windows\System32\Wbem;C:\Windows\System32\WindowsPowerShell\v1.0\;C:\Windows\System32\OpenSSH\;C:\Program Files\Git\cmd;C:\Users\komodo-pc\AppData\Local\Microsoft\WindowsApps;;D:\Setup\sts-4.14.1.RELEASE;
USERNAME=komodo-pc
OS=Windows_NT
PROCESSOR_IDENTIFIER=Intel64 Family 6 Model 58 Stepping 9, GenuineIntel



---------------  S Y S T E M  ---------------

OS:
 Windows 10 , 64 bit Build 19041 (10.0.19041.3393)
OS uptime: 0 days 1:25 hours

CPU: total 8 (initial active 8) (4 cores per cpu, 2 threads per core) family 6 model 58 stepping 9 microcode 0x21, cx8, cmov, fxsr, ht, mmx, sse, sse2, sse3, ssse3, sse4.1, sse4.2, popcnt, tsc, tscinvbit, avx, aes, erms, clmul, vzeroupper, clflush

Memory: 4k page, system-wide physical 8078M (479M free)
TotalPageFile size 14818M (AvailPageFile size 8M)
current process WorkingSet (physical memory assigned to process): 54M, peak: 54M
current process commit charge ("private bytes"): 216M, peak: 216M

vm_info: OpenJDK 64-Bit Server VM (17.0.2+8) for windows-amd64 JRE (17.0.2+8), built on Jan 20 2022 04:52:34 by "" with MS VC++ 16.7 (VS2019)

END.
