#
# There is insufficient memory for the Java Runtime Environment to continue.
# Native memory allocation (malloc) failed to allocate 616368 bytes for Chunk::new
# Possible reasons:
#   The system is out of physical RAM or swap space
#   The process is running with CompressedOops enabled, and the Java Heap may be blocking the growth of the native heap
# Possible solutions:
#   Reduce memory load on the system
#   Increase physical memory or swap space
#   Check if swap backing store is full
#   Decrease Java heap size (-Xmx/-Xms)
#   Decrease number of Java threads
#   Decrease Java thread stack sizes (-Xss)
#   Set larger code cache with -XX:ReservedCodeCacheSize=
#   JVM is running with Unscaled Compressed Oops mode in which the Java heap is
#     placed in the first 4GB address space. The Java Heap base address is the
#     maximum limit for the native heap growth. Please use -XX:HeapBaseMinAddress
#     to set the Java Heap base and to place the Java Heap above 4GB virtual address.
# This output file may be truncated or incomplete.
#
#  Out of Memory Error (arena.cpp:189), pid=14688, tid=25080
#
# JRE version: OpenJDK Runtime Environment Temurin-17.0.2+8 (17.0.2+8) (build 17.0.2+8)
# Java VM: OpenJDK 64-Bit Server VM Temurin-17.0.2+8 (17.0.2+8, mixed mode, tiered, compressed oops, compressed class ptrs, g1 gc, windows-amd64)
# No core dump will be written. Minidumps are not enabled by default on client versions of Windows
#

---------------  S U M M A R Y ------------

Command Line: C:\Users\KOMODO~1\AppData\Local\Temp\surefire8801893660463874731\surefirebooter14848826249529055231.jar C:\Users\komodo-pc\AppData\Local\Temp\surefire8801893660463874731 2023-10-09T17-50-02_795-jvmRun1 surefire15758480065760757605tmp surefire_03008471519853671897tmp

Host: Intel(R) Core(TM) i7-3770 CPU @ 3.40GHz, 8 cores, 7G,  Windows 10 , 64 bit Build 19041 (10.0.19041.3393)
Time: Mon Oct  9 17:50:04 2023 SE Asia Standard Time elapsed time: 1.367127 seconds (0d 0h 0m 1s)

---------------  T H R E A D  ---------------

Current thread (0x000002624340c8b0):  JavaThread "C2 CompilerThread0" daemon [_thread_in_native, id=25080, stack(0x000000e158500000,0x000000e158600000)]


Current CompileTask:
C2:   1367 1784       4       java.net.URLStreamHandler::parseURL (1201 bytes)

Stack: [0x000000e158500000,0x000000e158600000]
Native frames: (J=compiled Java code, j=interpreted, Vv=VM code, C=native code)
V  [jvm.dll+0x67564a]
V  [jvm.dll+0x82fc04]
V  [jvm.dll+0x8313ae]
V  [jvm.dll+0x831a13]
V  [jvm.dll+0x245235]
V  [jvm.dll+0xabd7b]
V  [jvm.dll+0xac30c]
V  [jvm.dll+0x3631f7]
V  [jvm.dll+0x1bb702]
V  [jvm.dll+0x218229]
V  [jvm.dll+0x2174f1]
V  [jvm.dll+0x1a3a8d]
V  [jvm.dll+0x226ef8]
V  [jvm.dll+0x22503c]
V  [jvm.dll+0x7e596b]
V  [jvm.dll+0x7dff2a]
V  [jvm.dll+0x6744d5]
C  [ucrtbase.dll+0x21bb2]
C  [KERNEL32.DLL+0x17344]
C  [ntdll.dll+0x526b1]


---------------  P R O C E S S  ---------------

Threads class SMR info:
_java_thread_list=0x00000262451c69a0, length=16, elements={
0x000002622895e580, 0x00000262428af030, 0x00000262428afdb0, 0x00000262428e05b0,
0x00000262428e1f80, 0x00000262428e5c60, 0x00000262428e6520, 0x000002624340c8b0,
0x000002624340e1c0, 0x000002624342e850, 0x0000026243588440, 0x000002624358f1a0,
0x000002624360dfa0, 0x000002624377b990, 0x00000262438ba5d0, 0x0000026244f57870
}

Java Threads: ( => current thread )
  0x000002622895e580 JavaThread "main" [_thread_in_vm, id=24536, stack(0x000000e157800000,0x000000e157900000)]
  0x00000262428af030 JavaThread "Reference Handler" daemon [_thread_blocked, id=5840, stack(0x000000e157f00000,0x000000e158000000)]
  0x00000262428afdb0 JavaThread "Finalizer" daemon [_thread_blocked, id=23308, stack(0x000000e158000000,0x000000e158100000)]
  0x00000262428e05b0 JavaThread "Signal Dispatcher" daemon [_thread_blocked, id=24492, stack(0x000000e158100000,0x000000e158200000)]
  0x00000262428e1f80 JavaThread "Attach Listener" daemon [_thread_blocked, id=22332, stack(0x000000e158200000,0x000000e158300000)]
  0x00000262428e5c60 JavaThread "Service Thread" daemon [_thread_blocked, id=10716, stack(0x000000e158300000,0x000000e158400000)]
  0x00000262428e6520 JavaThread "Monitor Deflation Thread" daemon [_thread_blocked, id=14488, stack(0x000000e158400000,0x000000e158500000)]
=>0x000002624340c8b0 JavaThread "C2 CompilerThread0" daemon [_thread_in_native, id=25080, stack(0x000000e158500000,0x000000e158600000)]
  0x000002624340e1c0 JavaThread "C1 CompilerThread0" daemon [_thread_blocked, id=12048, stack(0x000000e158600000,0x000000e158700000)]
  0x000002624342e850 JavaThread "Sweeper thread" daemon [_thread_blocked, id=21936, stack(0x000000e158700000,0x000000e158800000)]
  0x0000026243588440 JavaThread "Notification Thread" daemon [_thread_blocked, id=24392, stack(0x000000e158800000,0x000000e158900000)]
  0x000002624358f1a0 JavaThread "Common-Cleaner" daemon [_thread_blocked, id=12484, stack(0x000000e158a00000,0x000000e158b00000)]
  0x000002624360dfa0 JavaThread "surefire-forkedjvm-command-thread" daemon [_thread_in_native, id=4892, stack(0x000000e158b00000,0x000000e158c00000)]
  0x000002624377b990 JavaThread "surefire-forkedjvm-ping-30s" daemon [_thread_blocked, id=16532, stack(0x000000e158c00000,0x000000e158d00000)]
  0x00000262438ba5d0 JavaThread "C2 CompilerThread1" daemon [_thread_in_native, id=13264, stack(0x000000e158d00000,0x000000e158e00000)]
  0x0000026244f57870 JavaThread "background-preinit" [_thread_in_vm, id=24208, stack(0x000000e159400000,0x000000e159500000)]

Other Threads:
  0x0000026242898020 VMThread "VM Thread" [stack: 0x000000e157e00000,0x000000e157f00000] [id=10108]
  0x00000262289b4be0 WatcherThread [stack: 0x000000e158900000,0x000000e158a00000] [id=23364]
  0x000002622899b930 GCTaskThread "GC Thread#0" [stack: 0x000000e157900000,0x000000e157a00000] [id=20360]
  0x0000026244b6adb0 GCTaskThread "GC Thread#1" [stack: 0x000000e158e00000,0x000000e158f00000] [id=24856]
  0x0000026244b6b470 GCTaskThread "GC Thread#2" [stack: 0x000000e158f00000,0x000000e159000000] [id=3104]
  0x0000026244b6bb30 GCTaskThread "GC Thread#3" [stack: 0x000000e159000000,0x000000e159100000] [id=5920]
  0x000002624495f3a0 GCTaskThread "GC Thread#4" [stack: 0x000000e159100000,0x000000e159200000] [id=23372]
  0x0000026244c2a050 GCTaskThread "GC Thread#5" [stack: 0x000000e159200000,0x000000e159300000] [id=12616]
  0x0000026244c2a710 GCTaskThread "GC Thread#6" [stack: 0x000000e159300000,0x000000e159400000] [id=11260]
  0x00000262289ad410 ConcurrentGCThread "G1 Main Marker" [stack: 0x000000e157a00000,0x000000e157b00000] [id=14068]
  0x00000262289ae4d0 ConcurrentGCThread "G1 Conc#0" [stack: 0x000000e157b00000,0x000000e157c00000] [id=24244]
  0x0000026228a3b0c0 ConcurrentGCThread "G1 Refine#0" [stack: 0x000000e157c00000,0x000000e157d00000] [id=24680]
  0x0000026228a3b9f0 ConcurrentGCThread "G1 Service" [stack: 0x000000e157d00000,0x000000e157e00000] [id=7492]

Threads with active compile tasks:
C2 CompilerThread0     1385 1784       4       java.net.URLStreamHandler::parseURL (1201 bytes)
C2 CompilerThread1     1385 1668       4       java.lang.invoke.MethodType::makeImpl (109 bytes)

VM state: not at safepoint (normal execution)

VM Mutex/Monitor currently owned by a thread:  ([mutex/lock_event])
[0x000002622895c710] CodeCache_lock - owner thread: 0x0000000000000000

Heap address: 0x0000000081c00000, size: 2020 MB, Compressed Oops mode: 32-bit

CDS archive(s) not mapped
Compressed class space mapped at: 0x0000000100000000-0x0000000140000000, reserved size: 1073741824
Narrow klass base: 0x0000000000000000, Narrow klass shift: 3, Narrow klass range: 0x140000000

GC Precious Log:
 CPUs: 8 total, 8 available
 Memory: 8078M
 Large Page Support: Disabled
 NUMA Support: Disabled
 Compressed Oops: Enabled (32-bit)
 Heap Region Size: 1M
 Heap Min Capacity: 8M
 Heap Initial Capacity: 128M
 Heap Max Capacity: 2020M
 Pre-touch: Disabled
 Parallel Workers: 8
 Concurrent Workers: 2
 Concurrent Refinement Workers: 8
 Periodic GC: Disabled

Heap:
 garbage-first heap   total 131072K, used 34455K [0x0000000081c00000, 0x0000000100000000)
  region size 1024K, 30 young (30720K), 3 survivors (3072K)
 Metaspace       used 21277K, committed 21504K, reserved 1073152K
  class space    used 2406K, committed 2496K, reserved 1048576K

Heap Regions: E=young(eden), S=young(survivor), O=old, HS=humongous(starts), HC=humongous(continues), CS=collection set, F=free, OA=open archive, CA=closed archive, TAMS=top-at-mark-start (previous, next)
|   0|0x0000000081c00000, 0x0000000081d00000, 0x0000000081d00000|100%|HS|  |TAMS 0x0000000081c00000, 0x0000000081c00000| Complete 
|   1|0x0000000081d00000, 0x0000000081e00000, 0x0000000081e00000|100%| O|  |TAMS 0x0000000081d00000, 0x0000000081d00000| Untracked 
|   2|0x0000000081e00000, 0x0000000081f00000, 0x0000000081f00000|100%| O|  |TAMS 0x0000000081e00000, 0x0000000081e00000| Untracked 
|   3|0x0000000081f00000, 0x0000000082000000, 0x0000000082000000|100%| O|  |TAMS 0x0000000081f00000, 0x0000000081f00000| Untracked 
|   4|0x0000000082000000, 0x00000000820a5e00, 0x0000000082100000| 64%| O|  |TAMS 0x0000000082000000, 0x0000000082000000| Untracked 
|   5|0x0000000082100000, 0x0000000082100000, 0x0000000082200000|  0%| F|  |TAMS 0x0000000082100000, 0x0000000082100000| Untracked 
|   6|0x0000000082200000, 0x0000000082200000, 0x0000000082300000|  0%| F|  |TAMS 0x0000000082200000, 0x0000000082200000| Untracked 
|   7|0x0000000082300000, 0x0000000082300000, 0x0000000082400000|  0%| F|  |TAMS 0x0000000082300000, 0x0000000082300000| Untracked 
|   8|0x0000000082400000, 0x0000000082400000, 0x0000000082500000|  0%| F|  |TAMS 0x0000000082400000, 0x0000000082400000| Untracked 
|   9|0x0000000082500000, 0x0000000082500000, 0x0000000082600000|  0%| F|  |TAMS 0x0000000082500000, 0x0000000082500000| Untracked 
|  10|0x0000000082600000, 0x0000000082600000, 0x0000000082700000|  0%| F|  |TAMS 0x0000000082600000, 0x0000000082600000| Untracked 
|  11|0x0000000082700000, 0x0000000082700000, 0x0000000082800000|  0%| F|  |TAMS 0x0000000082700000, 0x0000000082700000| Untracked 
|  12|0x0000000082800000, 0x0000000082800000, 0x0000000082900000|  0%| F|  |TAMS 0x0000000082800000, 0x0000000082800000| Untracked 
|  13|0x0000000082900000, 0x0000000082900000, 0x0000000082a00000|  0%| F|  |TAMS 0x0000000082900000, 0x0000000082900000| Untracked 
|  14|0x0000000082a00000, 0x0000000082a00000, 0x0000000082b00000|  0%| F|  |TAMS 0x0000000082a00000, 0x0000000082a00000| Untracked 
|  15|0x0000000082b00000, 0x0000000082b00000, 0x0000000082c00000|  0%| F|  |TAMS 0x0000000082b00000, 0x0000000082b00000| Untracked 
|  16|0x0000000082c00000, 0x0000000082c00000, 0x0000000082d00000|  0%| F|  |TAMS 0x0000000082c00000, 0x0000000082c00000| Untracked 
|  17|0x0000000082d00000, 0x0000000082d00000, 0x0000000082e00000|  0%| F|  |TAMS 0x0000000082d00000, 0x0000000082d00000| Untracked 
|  18|0x0000000082e00000, 0x0000000082e00000, 0x0000000082f00000|  0%| F|  |TAMS 0x0000000082e00000, 0x0000000082e00000| Untracked 
|  19|0x0000000082f00000, 0x0000000082f00000, 0x0000000083000000|  0%| F|  |TAMS 0x0000000082f00000, 0x0000000082f00000| Untracked 
|  20|0x0000000083000000, 0x0000000083000000, 0x0000000083100000|  0%| F|  |TAMS 0x0000000083000000, 0x0000000083000000| Untracked 
|  21|0x0000000083100000, 0x0000000083100000, 0x0000000083200000|  0%| F|  |TAMS 0x0000000083100000, 0x0000000083100000| Untracked 
|  22|0x0000000083200000, 0x0000000083200000, 0x0000000083300000|  0%| F|  |TAMS 0x0000000083200000, 0x0000000083200000| Untracked 
|  23|0x0000000083300000, 0x0000000083300000, 0x0000000083400000|  0%| F|  |TAMS 0x0000000083300000, 0x0000000083300000| Untracked 
|  24|0x0000000083400000, 0x0000000083400000, 0x0000000083500000|  0%| F|  |TAMS 0x0000000083400000, 0x0000000083400000| Untracked 
|  25|0x0000000083500000, 0x0000000083500000, 0x0000000083600000|  0%| F|  |TAMS 0x0000000083500000, 0x0000000083500000| Untracked 
|  26|0x0000000083600000, 0x0000000083600000, 0x0000000083700000|  0%| F|  |TAMS 0x0000000083600000, 0x0000000083600000| Untracked 
|  27|0x0000000083700000, 0x0000000083700000, 0x0000000083800000|  0%| F|  |TAMS 0x0000000083700000, 0x0000000083700000| Untracked 
|  28|0x0000000083800000, 0x0000000083800000, 0x0000000083900000|  0%| F|  |TAMS 0x0000000083800000, 0x0000000083800000| Untracked 
|  29|0x0000000083900000, 0x0000000083900000, 0x0000000083a00000|  0%| F|  |TAMS 0x0000000083900000, 0x0000000083900000| Untracked 
|  30|0x0000000083a00000, 0x0000000083a00000, 0x0000000083b00000|  0%| F|  |TAMS 0x0000000083a00000, 0x0000000083a00000| Untracked 
|  31|0x0000000083b00000, 0x0000000083b00000, 0x0000000083c00000|  0%| F|  |TAMS 0x0000000083b00000, 0x0000000083b00000| Untracked 
|  32|0x0000000083c00000, 0x0000000083c00000, 0x0000000083d00000|  0%| F|  |TAMS 0x0000000083c00000, 0x0000000083c00000| Untracked 
|  33|0x0000000083d00000, 0x0000000083d00000, 0x0000000083e00000|  0%| F|  |TAMS 0x0000000083d00000, 0x0000000083d00000| Untracked 
|  34|0x0000000083e00000, 0x0000000083e00000, 0x0000000083f00000|  0%| F|  |TAMS 0x0000000083e00000, 0x0000000083e00000| Untracked 
|  35|0x0000000083f00000, 0x0000000083f00000, 0x0000000084000000|  0%| F|  |TAMS 0x0000000083f00000, 0x0000000083f00000| Untracked 
|  36|0x0000000084000000, 0x0000000084000000, 0x0000000084100000|  0%| F|  |TAMS 0x0000000084000000, 0x0000000084000000| Untracked 
|  37|0x0000000084100000, 0x0000000084100000, 0x0000000084200000|  0%| F|  |TAMS 0x0000000084100000, 0x0000000084100000| Untracked 
|  38|0x0000000084200000, 0x0000000084200000, 0x0000000084300000|  0%| F|  |TAMS 0x0000000084200000, 0x0000000084200000| Untracked 
|  39|0x0000000084300000, 0x0000000084300000, 0x0000000084400000|  0%| F|  |TAMS 0x0000000084300000, 0x0000000084300000| Untracked 
|  40|0x0000000084400000, 0x0000000084400000, 0x0000000084500000|  0%| F|  |TAMS 0x0000000084400000, 0x0000000084400000| Untracked 
|  41|0x0000000084500000, 0x0000000084500000, 0x0000000084600000|  0%| F|  |TAMS 0x0000000084500000, 0x0000000084500000| Untracked 
|  42|0x0000000084600000, 0x0000000084600000, 0x0000000084700000|  0%| F|  |TAMS 0x0000000084600000, 0x0000000084600000| Untracked 
|  43|0x0000000084700000, 0x0000000084700000, 0x0000000084800000|  0%| F|  |TAMS 0x0000000084700000, 0x0000000084700000| Untracked 
|  44|0x0000000084800000, 0x0000000084800000, 0x0000000084900000|  0%| F|  |TAMS 0x0000000084800000, 0x0000000084800000| Untracked 
|  45|0x0000000084900000, 0x0000000084900000, 0x0000000084a00000|  0%| F|  |TAMS 0x0000000084900000, 0x0000000084900000| Untracked 
|  46|0x0000000084a00000, 0x0000000084a00000, 0x0000000084b00000|  0%| F|  |TAMS 0x0000000084a00000, 0x0000000084a00000| Untracked 
|  47|0x0000000084b00000, 0x0000000084b00000, 0x0000000084c00000|  0%| F|  |TAMS 0x0000000084b00000, 0x0000000084b00000| Untracked 
|  48|0x0000000084c00000, 0x0000000084c00000, 0x0000000084d00000|  0%| F|  |TAMS 0x0000000084c00000, 0x0000000084c00000| Untracked 
|  49|0x0000000084d00000, 0x0000000084d00000, 0x0000000084e00000|  0%| F|  |TAMS 0x0000000084d00000, 0x0000000084d00000| Untracked 
|  50|0x0000000084e00000, 0x0000000084e00000, 0x0000000084f00000|  0%| F|  |TAMS 0x0000000084e00000, 0x0000000084e00000| Untracked 
|  51|0x0000000084f00000, 0x0000000084f00000, 0x0000000085000000|  0%| F|  |TAMS 0x0000000084f00000, 0x0000000084f00000| Untracked 
|  52|0x0000000085000000, 0x0000000085000000, 0x0000000085100000|  0%| F|  |TAMS 0x0000000085000000, 0x0000000085000000| Untracked 
|  53|0x0000000085100000, 0x0000000085100000, 0x0000000085200000|  0%| F|  |TAMS 0x0000000085100000, 0x0000000085100000| Untracked 
|  54|0x0000000085200000, 0x0000000085200000, 0x0000000085300000|  0%| F|  |TAMS 0x0000000085200000, 0x0000000085200000| Untracked 
|  55|0x0000000085300000, 0x0000000085300000, 0x0000000085400000|  0%| F|  |TAMS 0x0000000085300000, 0x0000000085300000| Untracked 
|  56|0x0000000085400000, 0x0000000085400000, 0x0000000085500000|  0%| F|  |TAMS 0x0000000085400000, 0x0000000085400000| Untracked 
|  57|0x0000000085500000, 0x0000000085500000, 0x0000000085600000|  0%| F|  |TAMS 0x0000000085500000, 0x0000000085500000| Untracked 
|  58|0x0000000085600000, 0x0000000085600000, 0x0000000085700000|  0%| F|  |TAMS 0x0000000085600000, 0x0000000085600000| Untracked 
|  59|0x0000000085700000, 0x0000000085700000, 0x0000000085800000|  0%| F|  |TAMS 0x0000000085700000, 0x0000000085700000| Untracked 
|  60|0x0000000085800000, 0x0000000085800000, 0x0000000085900000|  0%| F|  |TAMS 0x0000000085800000, 0x0000000085800000| Untracked 
|  61|0x0000000085900000, 0x0000000085900000, 0x0000000085a00000|  0%| F|  |TAMS 0x0000000085900000, 0x0000000085900000| Untracked 
|  62|0x0000000085a00000, 0x0000000085a00000, 0x0000000085b00000|  0%| F|  |TAMS 0x0000000085a00000, 0x0000000085a00000| Untracked 
|  63|0x0000000085b00000, 0x0000000085b00000, 0x0000000085c00000|  0%| F|  |TAMS 0x0000000085b00000, 0x0000000085b00000| Untracked 
|  64|0x0000000085c00000, 0x0000000085c00000, 0x0000000085d00000|  0%| F|  |TAMS 0x0000000085c00000, 0x0000000085c00000| Untracked 
|  65|0x0000000085d00000, 0x0000000085d00000, 0x0000000085e00000|  0%| F|  |TAMS 0x0000000085d00000, 0x0000000085d00000| Untracked 
|  66|0x0000000085e00000, 0x0000000085e00000, 0x0000000085f00000|  0%| F|  |TAMS 0x0000000085e00000, 0x0000000085e00000| Untracked 
|  67|0x0000000085f00000, 0x0000000085f00000, 0x0000000086000000|  0%| F|  |TAMS 0x0000000085f00000, 0x0000000085f00000| Untracked 
|  68|0x0000000086000000, 0x0000000086000000, 0x0000000086100000|  0%| F|  |TAMS 0x0000000086000000, 0x0000000086000000| Untracked 
|  69|0x0000000086100000, 0x0000000086100000, 0x0000000086200000|  0%| F|  |TAMS 0x0000000086100000, 0x0000000086100000| Untracked 
|  70|0x0000000086200000, 0x0000000086200000, 0x0000000086300000|  0%| F|  |TAMS 0x0000000086200000, 0x0000000086200000| Untracked 
|  71|0x0000000086300000, 0x0000000086300000, 0x0000000086400000|  0%| F|  |TAMS 0x0000000086300000, 0x0000000086300000| Untracked 
|  72|0x0000000086400000, 0x0000000086400000, 0x0000000086500000|  0%| F|  |TAMS 0x0000000086400000, 0x0000000086400000| Untracked 
|  73|0x0000000086500000, 0x0000000086500000, 0x0000000086600000|  0%| F|  |TAMS 0x0000000086500000, 0x0000000086500000| Untracked 
|  74|0x0000000086600000, 0x0000000086600000, 0x0000000086700000|  0%| F|  |TAMS 0x0000000086600000, 0x0000000086600000| Untracked 
|  75|0x0000000086700000, 0x0000000086700000, 0x0000000086800000|  0%| F|  |TAMS 0x0000000086700000, 0x0000000086700000| Untracked 
|  76|0x0000000086800000, 0x0000000086800000, 0x0000000086900000|  0%| F|  |TAMS 0x0000000086800000, 0x0000000086800000| Untracked 
|  77|0x0000000086900000, 0x0000000086900000, 0x0000000086a00000|  0%| F|  |TAMS 0x0000000086900000, 0x0000000086900000| Untracked 
|  78|0x0000000086a00000, 0x0000000086a00000, 0x0000000086b00000|  0%| F|  |TAMS 0x0000000086a00000, 0x0000000086a00000| Untracked 
|  79|0x0000000086b00000, 0x0000000086b00000, 0x0000000086c00000|  0%| F|  |TAMS 0x0000000086b00000, 0x0000000086b00000| Untracked 
|  80|0x0000000086c00000, 0x0000000086c00000, 0x0000000086d00000|  0%| F|  |TAMS 0x0000000086c00000, 0x0000000086c00000| Untracked 
|  81|0x0000000086d00000, 0x0000000086d00000, 0x0000000086e00000|  0%| F|  |TAMS 0x0000000086d00000, 0x0000000086d00000| Untracked 
|  82|0x0000000086e00000, 0x0000000086e00000, 0x0000000086f00000|  0%| F|  |TAMS 0x0000000086e00000, 0x0000000086e00000| Untracked 
|  83|0x0000000086f00000, 0x0000000086f00000, 0x0000000087000000|  0%| F|  |TAMS 0x0000000086f00000, 0x0000000086f00000| Untracked 
|  84|0x0000000087000000, 0x0000000087000000, 0x0000000087100000|  0%| F|  |TAMS 0x0000000087000000, 0x0000000087000000| Untracked 
|  85|0x0000000087100000, 0x0000000087100000, 0x0000000087200000|  0%| F|  |TAMS 0x0000000087100000, 0x0000000087100000| Untracked 
|  86|0x0000000087200000, 0x0000000087200000, 0x0000000087300000|  0%| F|  |TAMS 0x0000000087200000, 0x0000000087200000| Untracked 
|  87|0x0000000087300000, 0x0000000087300000, 0x0000000087400000|  0%| F|  |TAMS 0x0000000087300000, 0x0000000087300000| Untracked 
|  88|0x0000000087400000, 0x0000000087400000, 0x0000000087500000|  0%| F|  |TAMS 0x0000000087400000, 0x0000000087400000| Untracked 
|  89|0x0000000087500000, 0x0000000087500000, 0x0000000087600000|  0%| F|  |TAMS 0x0000000087500000, 0x0000000087500000| Untracked 
|  90|0x0000000087600000, 0x0000000087600000, 0x0000000087700000|  0%| F|  |TAMS 0x0000000087600000, 0x0000000087600000| Untracked 
|  91|0x0000000087700000, 0x0000000087700000, 0x0000000087800000|  0%| F|  |TAMS 0x0000000087700000, 0x0000000087700000| Untracked 
|  92|0x0000000087800000, 0x0000000087800000, 0x0000000087900000|  0%| F|  |TAMS 0x0000000087800000, 0x0000000087800000| Untracked 
|  93|0x0000000087900000, 0x0000000087900000, 0x0000000087a00000|  0%| F|  |TAMS 0x0000000087900000, 0x0000000087900000| Untracked 
|  94|0x0000000087a00000, 0x0000000087a00000, 0x0000000087b00000|  0%| F|  |TAMS 0x0000000087a00000, 0x0000000087a00000| Untracked 
|  95|0x0000000087b00000, 0x0000000087b00000, 0x0000000087c00000|  0%| F|  |TAMS 0x0000000087b00000, 0x0000000087b00000| Untracked 
|  96|0x0000000087c00000, 0x0000000087c00000, 0x0000000087d00000|  0%| F|  |TAMS 0x0000000087c00000, 0x0000000087c00000| Untracked 
|  97|0x0000000087d00000, 0x0000000087d00000, 0x0000000087e00000|  0%| F|  |TAMS 0x0000000087d00000, 0x0000000087d00000| Untracked 
|  98|0x0000000087e00000, 0x0000000087f00000, 0x0000000087f00000|100%| E|  |TAMS 0x0000000087e00000, 0x0000000087e00000| Complete 
|  99|0x0000000087f00000, 0x0000000088000000, 0x0000000088000000|100%| E|CS|TAMS 0x0000000087f00000, 0x0000000087f00000| Complete 
| 100|0x0000000088000000, 0x0000000088100000, 0x0000000088100000|100%| E|CS|TAMS 0x0000000088000000, 0x0000000088000000| Complete 
| 101|0x0000000088100000, 0x0000000088200000, 0x0000000088200000|100%| E|CS|TAMS 0x0000000088100000, 0x0000000088100000| Complete 
| 102|0x0000000088200000, 0x0000000088300000, 0x0000000088300000|100%| S|CS|TAMS 0x0000000088200000, 0x0000000088200000| Complete 
| 103|0x0000000088300000, 0x0000000088400000, 0x0000000088400000|100%| S|CS|TAMS 0x0000000088300000, 0x0000000088300000| Complete 
| 104|0x0000000088400000, 0x0000000088500000, 0x0000000088500000|100%| S|CS|TAMS 0x0000000088400000, 0x0000000088400000| Complete 
| 105|0x0000000088500000, 0x0000000088600000, 0x0000000088600000|100%| E|CS|TAMS 0x0000000088500000, 0x0000000088500000| Complete 
| 106|0x0000000088600000, 0x0000000088700000, 0x0000000088700000|100%| E|CS|TAMS 0x0000000088600000, 0x0000000088600000| Complete 
| 107|0x0000000088700000, 0x0000000088800000, 0x0000000088800000|100%| E|CS|TAMS 0x0000000088700000, 0x0000000088700000| Complete 
| 108|0x0000000088800000, 0x0000000088900000, 0x0000000088900000|100%| E|CS|TAMS 0x0000000088800000, 0x0000000088800000| Complete 
| 109|0x0000000088900000, 0x0000000088a00000, 0x0000000088a00000|100%| E|CS|TAMS 0x0000000088900000, 0x0000000088900000| Complete 
| 110|0x0000000088a00000, 0x0000000088b00000, 0x0000000088b00000|100%| E|CS|TAMS 0x0000000088a00000, 0x0000000088a00000| Complete 
| 111|0x0000000088b00000, 0x0000000088c00000, 0x0000000088c00000|100%| E|CS|TAMS 0x0000000088b00000, 0x0000000088b00000| Complete 
| 112|0x0000000088c00000, 0x0000000088d00000, 0x0000000088d00000|100%| E|CS|TAMS 0x0000000088c00000, 0x0000000088c00000| Complete 
| 113|0x0000000088d00000, 0x0000000088e00000, 0x0000000088e00000|100%| E|CS|TAMS 0x0000000088d00000, 0x0000000088d00000| Complete 
| 114|0x0000000088e00000, 0x0000000088f00000, 0x0000000088f00000|100%| E|CS|TAMS 0x0000000088e00000, 0x0000000088e00000| Complete 
| 115|0x0000000088f00000, 0x0000000089000000, 0x0000000089000000|100%| E|CS|TAMS 0x0000000088f00000, 0x0000000088f00000| Complete 
| 116|0x0000000089000000, 0x0000000089100000, 0x0000000089100000|100%| E|CS|TAMS 0x0000000089000000, 0x0000000089000000| Complete 
| 117|0x0000000089100000, 0x0000000089200000, 0x0000000089200000|100%| E|CS|TAMS 0x0000000089100000, 0x0000000089100000| Complete 
| 118|0x0000000089200000, 0x0000000089300000, 0x0000000089300000|100%| E|CS|TAMS 0x0000000089200000, 0x0000000089200000| Complete 
| 119|0x0000000089300000, 0x0000000089400000, 0x0000000089400000|100%| E|CS|TAMS 0x0000000089300000, 0x0000000089300000| Complete 
| 120|0x0000000089400000, 0x0000000089500000, 0x0000000089500000|100%| E|CS|TAMS 0x0000000089400000, 0x0000000089400000| Complete 
| 121|0x0000000089500000, 0x0000000089600000, 0x0000000089600000|100%| E|CS|TAMS 0x0000000089500000, 0x0000000089500000| Complete 
| 122|0x0000000089600000, 0x0000000089700000, 0x0000000089700000|100%| E|CS|TAMS 0x0000000089600000, 0x0000000089600000| Complete 
| 123|0x0000000089700000, 0x0000000089800000, 0x0000000089800000|100%| E|CS|TAMS 0x0000000089700000, 0x0000000089700000| Complete 
| 124|0x0000000089800000, 0x0000000089900000, 0x0000000089900000|100%| E|CS|TAMS 0x0000000089800000, 0x0000000089800000| Complete 
| 125|0x0000000089900000, 0x0000000089a00000, 0x0000000089a00000|100%| E|CS|TAMS 0x0000000089900000, 0x0000000089900000| Complete 
| 126|0x0000000089a00000, 0x0000000089b00000, 0x0000000089b00000|100%| E|CS|TAMS 0x0000000089a00000, 0x0000000089a00000| Complete 
| 127|0x0000000089b00000, 0x0000000089c00000, 0x0000000089c00000|100%| E|CS|TAMS 0x0000000089b00000, 0x0000000089b00000| Complete 

Card table byte_map: [0x000002623b750000,0x000002623bb50000] _byte_map_base: 0x000002623b342000

Marking Bits (Prev, Next): (CMBitMap*) 0x000002622899ce60, (CMBitMap*) 0x000002622899cea0
 Prev Bits: [0x000002623bf50000, 0x000002623dee0000)
 Next Bits: [0x000002623dee0000, 0x000002623fe70000)

Polling page: 0x0000026226920000

Metaspace:

Usage:
  Non-class:     18.46 MB used.
      Class:      2.35 MB used.
       Both:     20.81 MB used.

Virtual space:
  Non-class space:       24.00 MB reserved,      18.56 MB ( 77%) committed,  3 nodes.
      Class space:        1.00 GB reserved,       2.44 MB ( <1%) committed,  1 nodes.
             Both:        1.02 GB reserved,      21.00 MB (  2%) committed. 

Chunk freelists:
   Non-Class:  544.00 KB
       Class:  1.38 MB
        Both:  1.91 MB

MaxMetaspaceSize: unlimited
CompressedClassSpaceSize: 1.00 GB
Initial GC threshold: 21.00 MB
Current GC threshold: 21.00 MB
CDS: off
MetaspaceReclaimPolicy: balanced
 - commit_granule_bytes: 65536.
 - commit_granule_words: 8192.
 - virtual_space_node_default_size: 1048576.
 - enlarge_chunks_in_place: 1.
 - new_chunks_are_fully_committed: 0.
 - uncommit_free_chunks: 1.
 - use_allocation_guard: 0.
 - handle_deallocations: 1.


Internal statistics:

num_allocs_failed_limit: 2.
num_arena_births: 192.
num_arena_deaths: 0.
num_vsnodes_births: 4.
num_vsnodes_deaths: 0.
num_space_committed: 336.
num_space_uncommitted: 0.
num_chunks_returned_to_freelist: 2.
num_chunks_taken_from_freelist: 638.
num_chunk_merges: 0.
num_chunk_splits: 383.
num_chunks_enlarged: 279.
num_purges: 0.
num_inconsistent_stats: 0.

CodeHeap 'non-profiled nmethods': size=120000Kb used=620Kb max_used=620Kb free=119379Kb
 bounds [0x0000026233af0000, 0x0000026233d60000, 0x000002623b020000]
CodeHeap 'profiled nmethods': size=120000Kb used=3710Kb max_used=3710Kb free=116289Kb
 bounds [0x000002622c5c0000, 0x000002622c960000, 0x0000026233af0000]
CodeHeap 'non-nmethods': size=5760Kb used=1187Kb max_used=1205Kb free=4573Kb
 bounds [0x000002622c020000, 0x000002622c290000, 0x000002622c5c0000]
 total_blobs=2348 nmethods=1868 adapters=392
 compilation: enabled
              stopped_count=0, restarted_count=0
 full_count=0

Compilation events (20 events):
Event: 1.354 Thread 0x000002624340e1c0 nmethod 1854 0x000002622c94dc90 code [0x000002622c94de40, 0x000002622c94e0b8]
Event: 1.354 Thread 0x000002624340e1c0 1855       3       org.springframework.core.convert.converter.GenericConverter$ConvertiblePair::hashCode (19 bytes)
Event: 1.355 Thread 0x000002624340e1c0 nmethod 1855 0x000002622c94e190 code [0x000002622c94e340, 0x000002622c94e5d8]
Event: 1.355 Thread 0x000002624340e1c0 1856       3       java.lang.invoke.VarHandleReferences$FieldInstanceReadWrite::compareAndSet (48 bytes)
Event: 1.355 Thread 0x000002624340e1c0 nmethod 1856 0x000002622c94e710 code [0x000002622c94e980, 0x000002622c94f3c8]
Event: 1.355 Thread 0x000002624340e1c0 1857       3       org.springframework.core.convert.support.GenericConversionService$Converters::getMatchableConverters (19 bytes)
Event: 1.356 Thread 0x000002624340e1c0 nmethod 1857 0x000002622c94f790 code [0x000002622c94f960, 0x000002622c94fda8]
Event: 1.356 Thread 0x000002624340e1c0 1858       3       org.springframework.core.convert.support.GenericConversionService$ConvertersForPair::add (11 bytes)
Event: 1.356 Thread 0x000002624340e1c0 nmethod 1858 0x000002622c94ff10 code [0x000002622c9500c0, 0x000002622c950288]
Event: 1.356 Thread 0x000002624340e1c0 1860       3       org.springframework.core.ResolvableType::<init> (39 bytes)
Event: 1.356 Thread 0x000002624340e1c0 nmethod 1860 0x000002622c950390 code [0x000002622c950540, 0x000002622c9508e8]
Event: 1.356 Thread 0x000002624340e1c0 1861       3       org.springframework.core.ResolvableType::equals (160 bytes)
Event: 1.357 Thread 0x000002624340e1c0 nmethod 1861 0x000002622c950a10 code [0x000002622c950c80, 0x000002622c951758]
Event: 1.357 Thread 0x000002624340e1c0 1859       3       java.lang.invoke.VarHandleGuards::guard_LLL_Z (86 bytes)
Event: 1.359 Thread 0x000002624340e1c0 nmethod 1859 0x000002622c951990 code [0x000002622c951d00, 0x000002622c9538f8]
Event: 1.359 Thread 0x000002624340e1c0 1862       3       org.springframework.core.env.PropertySource::hashCode (8 bytes)
Event: 1.359 Thread 0x000002624340e1c0 nmethod 1862 0x000002622c954290 code [0x000002622c954440, 0x000002622c954608]
Event: 1.359 Thread 0x000002624340e1c0 1863       3       java.lang.invoke.InnerClassLambdaMetafactory::spinInnerClass (111 bytes)
Event: 1.360 Thread 0x000002624340e1c0 nmethod 1863 0x000002622c954710 code [0x000002622c9548e0, 0x000002622c954b98]
Event: 1.360 Thread 0x000002624340e1c0 1869   !   3       java.net.URL::<init> (543 bytes)

GC Heap History (2 events):
Event: 0.770 GC heap before
{Heap before GC invocations=0 (full 0):
 garbage-first heap   total 131072K, used 24576K [0x0000000081c00000, 0x0000000100000000)
  region size 1024K, 23 young (23552K), 0 survivors (0K)
 Metaspace       used 13743K, committed 13888K, reserved 1064960K
  class space    used 1396K, committed 1472K, reserved 1048576K
}
Event: 0.776 GC heap after
{Heap after GC invocations=1 (full 0):
 garbage-first heap   total 131072K, used 7831K [0x0000000081c00000, 0x0000000100000000)
  region size 1024K, 3 young (3072K), 3 survivors (3072K)
 Metaspace       used 13743K, committed 13888K, reserved 1064960K
  class space    used 1396K, committed 1472K, reserved 1048576K
}

Deoptimization events (20 events):
Event: 0.916 Thread 0x000002622895e580 DEOPT PACKING pc=0x0000026233b04e94 sp=0x000000e1578fd2d0
Event: 0.916 Thread 0x000002622895e580 DEOPT UNPACKING pc=0x000002622c0723a3 sp=0x000000e1578fd278 mode 2
Event: 0.927 Thread 0x000002622895e580 DEOPT PACKING pc=0x000002622c7e7308 sp=0x000000e1578fb090
Event: 0.927 Thread 0x000002622895e580 DEOPT UNPACKING pc=0x000002622c072b43 sp=0x000000e1578fa5a8 mode 0
Event: 1.006 Thread 0x000002622895e580 Uncommon trap: trap_request=0xffffff45 fr.pc=0x0000026233b3cbb0 relative=0x0000000000000090
Event: 1.006 Thread 0x000002622895e580 Uncommon trap: reason=unstable_if action=reinterpret pc=0x0000026233b3cbb0 method=sun.reflect.generics.parser.SignatureParser.current()C @ 39 c2
Event: 1.006 Thread 0x000002622895e580 DEOPT PACKING pc=0x0000026233b3cbb0 sp=0x000000e1578fbf20
Event: 1.006 Thread 0x000002622895e580 DEOPT UNPACKING pc=0x000002622c0723a3 sp=0x000000e1578fbeb8 mode 2
Event: 1.125 Thread 0x000002622895e580 Uncommon trap: trap_request=0xffffff45 fr.pc=0x0000026233b4d1b0 relative=0x0000000000001230
Event: 1.125 Thread 0x000002622895e580 Uncommon trap: reason=unstable_if action=reinterpret pc=0x0000026233b4d1b0 method=java.io.WinNTFileSystem.normalize(Ljava/lang/String;)Ljava/lang/String; @ 128 c2
Event: 1.125 Thread 0x000002622895e580 DEOPT PACKING pc=0x0000026233b4d1b0 sp=0x000000e1578fcae0
Event: 1.125 Thread 0x000002622895e580 DEOPT UNPACKING pc=0x000002622c0723a3 sp=0x000000e1578fcac8 mode 2
Event: 1.231 Thread 0x000002622895e580 Uncommon trap: trap_request=0xffffff45 fr.pc=0x0000026233b76260 relative=0x00000000000002c0
Event: 1.231 Thread 0x000002622895e580 Uncommon trap: reason=unstable_if action=reinterpret pc=0x0000026233b76260 method=java.lang.String.indexOf([BBILjava/lang/String;I)I @ 21 c2
Event: 1.231 Thread 0x000002622895e580 DEOPT PACKING pc=0x0000026233b76260 sp=0x000000e1578fb8f0
Event: 1.231 Thread 0x000002622895e580 DEOPT UNPACKING pc=0x000002622c0723a3 sp=0x000000e1578fb800 mode 2
Event: 1.358 Thread 0x000002622895e580 Uncommon trap: trap_request=0xffffff45 fr.pc=0x0000026233b7adb4 relative=0x0000000000001314
Event: 1.358 Thread 0x000002622895e580 Uncommon trap: reason=unstable_if action=reinterpret pc=0x0000026233b7adb4 method=java.net.URL.<init>(Ljava/net/URL;Ljava/lang/String;Ljava/net/URLStreamHandler;)V @ 347 c2
Event: 1.358 Thread 0x000002622895e580 DEOPT PACKING pc=0x0000026233b7adb4 sp=0x000000e1578fc7c0
Event: 1.359 Thread 0x000002622895e580 DEOPT UNPACKING pc=0x000002622c0723a3 sp=0x000000e1578fc740 mode 2

Classes unloaded (0 events):
No events

Classes redefined (0 events):
No events

Internal exceptions (20 events):
Event: 0.930 Thread 0x000002622895e580 Exception <a 'java/lang/NoSuchMethodError'{0x000000008957b230}: 'void java.lang.invoke.DirectMethodHandle$Holder.invokeStatic(java.lang.Object, java.lang.Object)'> (0x000000008957b230) 
thrown [e:\jenkins\tmp\workspace\build\src\src\hotspot\share\interpreter\linkResolver.cpp, line 766]
Event: 0.931 Thread 0x000002622895e580 Exception <a 'java/lang/NoSuchMethodError'{0x000000008957ead8}: 'void java.lang.invoke.DirectMethodHandle$Holder.invokeStaticInit(java.lang.Object, java.lang.Object)'> (0x000000008957ead8) 
thrown [e:\jenkins\tmp\workspace\build\src\src\hotspot\share\interpreter\linkResolver.cpp, line 766]
Event: 0.983 Thread 0x000002622895e580 Exception <a 'java/lang/NoSuchMethodError'{0x00000000893929b8}: 'void java.lang.invoke.DirectMethodHandle$Holder.invokeVirtual(java.lang.Object, java.lang.Object, java.lang.Object, java.lang.Object)'> (0x00000000893929b8) 
thrown [e:\jenkins\tmp\workspace\build\src\src\hotspot\share\interpreter\linkResolver.cpp, line 766]
Event: 1.088 Thread 0x000002622895e580 Exception <a 'java/lang/NoSuchMethodError'{0x0000000088ed9de8}: 'int java.lang.invoke.DirectMethodHandle$Holder.invokeVirtual(java.lang.Object, java.lang.Object, java.lang.Object)'> (0x0000000088ed9de8) 
thrown [e:\jenkins\tmp\workspace\build\src\src\hotspot\share\interpreter\linkResolver.cpp, line 766]
Event: 1.092 Thread 0x000002622895e580 Exception <a 'java/lang/NoSuchMethodError'{0x0000000088d0e0d8}: 'java.lang.Object java.lang.invoke.DirectMethodHandle$Holder.newInvokeSpecial(java.lang.Object, java.lang.Object, java.lang.Object, java.lang.Object, java.lang.Object, java.lang.Object, java.lang.Object)'> (0x0000000088d0e0d8) 
thrown [e:\jenkins\tmp\workspace\build\src\src\hotspot\share\interpreter\linkResolver.cpp, line 766]
Event: 1.093 Thread 0x000002622895e580 Exception <a 'java/lang/NoSuchMethodError'{0x0000000088d12c90}: 'java.lang.Object java.lang.invoke.Invokers$Holder.linkToTargetMethod(java.lang.Object, java.lang.Object, java.lang.Object, java.lang.Object, java.lang.Object, java.lang.Object, java.lang.Object)'> (0x0000000088d12c90) 
thrown [e:\jenkins\tmp\workspace\build\src\src\hotspot\share\interpreter\linkResolver.cpp, line 766]
Event: 1.094 Thread 0x000002622895e580 Exception <a 'java/lang/NoSuchMethodError'{0x0000000088d23bd8}: 'java.lang.Object java.lang.invoke.DirectMethodHandle$Holder.invokeInterface(java.lang.Object, java.lang.Object, java.lang.Object, java.lang.Object, java.lang.Object)'> (0x0000000088d23bd8) 
thrown [e:\jenkins\tmp\workspace\build\src\src\hotspot\share\interpreter\linkResolver.cpp, line 766]
Event: 1.094 Thread 0x000002622895e580 Exception <a 'java/lang/IncompatibleClassChangeError'{0x0000000088d279d0}: Found class java.lang.Object, but interface was expected> (0x0000000088d279d0) 
thrown [e:\jenkins\tmp\workspace\build\src\src\hotspot\share\interpreter\linkResolver.cpp, line 833]
Event: 1.160 Thread 0x000002622895e580 Exception <a 'java/lang/IncompatibleClassChangeError'{0x0000000088a53688}: Found class java.lang.Object, but interface was expected> (0x0000000088a53688) 
thrown [e:\jenkins\tmp\workspace\build\src\src\hotspot\share\interpreter\linkResolver.cpp, line 833]
Event: 1.173 Thread 0x000002622895e580 Exception <a 'sun/nio/fs/WindowsException'{0x0000000088ac71f0}> (0x0000000088ac71f0) 
thrown [e:\jenkins\tmp\workspace\build\src\src\hotspot\share\prims\jni.cpp, line 516]
Event: 1.187 Thread 0x000002622895e580 Exception <a 'java/lang/NoSuchMethodError'{0x000000008896d6f0}: 'int java.lang.invoke.DirectMethodHandle$Holder.invokeSpecial(java.lang.Object, java.lang.Object, java.lang.Object, java.lang.Object)'> (0x000000008896d6f0) 
thrown [e:\jenkins\tmp\workspace\build\src\src\hotspot\share\interpreter\linkResolver.cpp, line 766]
Event: 1.206 Thread 0x000002622895e580 Exception <a 'java/lang/NoSuchMethodError'{0x00000000888726d8}: 'java.lang.Object java.lang.invoke.DirectMethodHandle$Holder.invokeSpecial(java.lang.Object, java.lang.Object, java.lang.Object, java.lang.Object, java.lang.Object, java.lang.Object, int)'> (0x00000000888726d8) 
thrown [e:\jenkins\tmp\workspace\build\src\src\hotspot\share\interpreter\linkResolver.cpp, line 766]
Event: 1.206 Thread 0x000002622895e580 Exception <a 'java/lang/NoSuchMethodError'{0x000000008887d190}: 'java.lang.Object java.lang.invoke.DirectMethodHandle$Holder.newInvokeSpecial(java.lang.Object, java.lang.Object, java.lang.Object, java.lang.Object, java.lang.Object, java.lang.Object, int)'> (0x000000008887d190) 
thrown [e:\jenkins\tmp\workspace\build\src\src\hotspot\share\interpreter\linkResolver.cpp, line 766]
Event: 1.207 Thread 0x000002622895e580 Exception <a 'java/lang/NoSuchMethodError'{0x0000000088882a10}: 'java.lang.Object java.lang.invoke.DirectMethodHandle$Holder.invokeSpecial(java.lang.Object, java.lang.Object, java.lang.Object, java.lang.Object, java.lang.Object, java.lang.Object, java.lang.Object, int)'> (0x0000000088882a10) 
thrown [e:\jenkins\tmp\workspace\build\src\src\hotspot\share\interpreter\linkResolver.cpp, line 766]
Event: 1.235 Thread 0x000002622895e580 Exception <a 'java/lang/NoSuchMethodError'{0x00000000887c5518}: 'void java.lang.invoke.DirectMethodHandle$Holder.invokeStatic(java.lang.Object, java.lang.Object, java.lang.Object, java.lang.Object, java.lang.Object, java.lang.Object)'> (0x00000000887c5518) 
thrown [e:\jenkins\tmp\workspace\build\src\src\hotspot\share\interpreter\linkResolver.cpp, line 766]
Event: 1.258 Thread 0x000002622895e580 Exception <a 'java/lang/NoSuchMethodError'{0x00000000886a9850}: 'java.lang.Object java.lang.invoke.DirectMethodHandle$Holder.invokeSpecial(java.lang.Object, java.lang.Object, java.lang.Object, int, java.lang.Object)'> (0x00000000886a9850) 
thrown [e:\jenkins\tmp\workspace\build\src\src\hotspot\share\interpreter\linkResolver.cpp, line 766]
Event: 1.259 Thread 0x000002622895e580 Exception <a 'java/lang/NoSuchMethodError'{0x00000000886b2508}: 'java.lang.Object java.lang.invoke.DirectMethodHandle$Holder.newInvokeSpecial(java.lang.Object, java.lang.Object, java.lang.Object, int, java.lang.Object)'> (0x00000000886b2508) 
thrown [e:\jenkins\tmp\workspace\build\src\src\hotspot\share\interpreter\linkResolver.cpp, line 766]
Event: 1.261 Thread 0x000002622895e580 Exception <a 'java/lang/NoSuchMethodError'{0x00000000886c8e48}: 'java.lang.Object java.lang.invoke.DirectMethodHandle$Holder.newInvokeSpecial(java.lang.Object, int, java.lang.Object)'> (0x00000000886c8e48) 
thrown [e:\jenkins\tmp\workspace\build\src\src\hotspot\share\interpreter\linkResolver.cpp, line 766]
Event: 1.357 Thread 0x0000026244f57870 Exception <a 'java/lang/NoClassDefFoundError'{0x0000000087f168f8}: jakarta/validation/Validation> (0x0000000087f168f8) 
thrown [e:\jenkins\tmp\workspace\build\src\src\hotspot\share\classfile\systemDictionary.cpp, line 245]
Event: 1.357 Thread 0x000002622895e580 Exception <a 'java/lang/IncompatibleClassChangeError'{0x0000000087f2ebf8}: Found class java.lang.Object, but interface was expected> (0x0000000087f2ebf8) 
thrown [e:\jenkins\tmp\workspace\build\src\src\hotspot\share\interpreter\linkResolver.cpp, line 833]

VM Operations (20 events):
Event: 0.469 Executing VM operation: HandshakeAllThreads
Event: 0.469 Executing VM operation: HandshakeAllThreads done
Event: 0.727 Executing VM operation: HandshakeAllThreads
Event: 0.727 Executing VM operation: HandshakeAllThreads done
Event: 0.764 Executing VM operation: HandshakeAllThreads
Event: 0.764 Executing VM operation: HandshakeAllThreads done
Event: 0.770 Executing VM operation: G1CollectForAllocation
Event: 0.776 Executing VM operation: G1CollectForAllocation done
Event: 0.864 Executing VM operation: HandshakeAllThreads
Event: 0.864 Executing VM operation: HandshakeAllThreads done
Event: 0.916 Executing VM operation: HandshakeAllThreads
Event: 0.916 Executing VM operation: HandshakeAllThreads done
Event: 1.096 Executing VM operation: HandshakeAllThreads
Event: 1.096 Executing VM operation: HandshakeAllThreads done
Event: 1.242 Executing VM operation: HandshakeAllThreads
Event: 1.242 Executing VM operation: HandshakeAllThreads done
Event: 1.274 Executing VM operation: ICBufferFull
Event: 1.274 Executing VM operation: ICBufferFull done
Event: 1.277 Executing VM operation: HandshakeAllThreads
Event: 1.277 Executing VM operation: HandshakeAllThreads done

Events (20 events):
Event: 1.242 loading class sun/net/ProgressMeteringPolicy done
Event: 1.242 loading class sun/net/DefaultProgressMeteringPolicy done
Event: 1.242 loading class sun/nio/cs/ISO_8859_1$Decoder
Event: 1.242 loading class sun/nio/cs/ISO_8859_1$Decoder done
Event: 1.254 loading class sun/reflect/generics/scope/ConstructorScope
Event: 1.254 loading class sun/reflect/generics/scope/ConstructorScope done
Event: 1.254 loading class sun/reflect/generics/repository/ConstructorRepository
Event: 1.254 loading class sun/reflect/generics/repository/ConstructorRepository done
Event: 1.254 loading class sun/reflect/generics/tree/VoidDescriptor
Event: 1.254 loading class sun/reflect/generics/tree/VoidDescriptor done
Event: 1.254 loading class sun/reflect/generics/tree/MethodTypeSignature
Event: 1.254 loading class sun/reflect/generics/tree/MethodTypeSignature done
Event: 1.301 loading class java/nio/file/attribute/PosixFilePermission
Event: 1.301 loading class java/nio/file/attribute/PosixFilePermission done
Event: 1.320 loading class java/util/Stack
Event: 1.320 loading class java/util/Stack done
Event: 1.321 loading class java/util/Vector$Itr
Event: 1.321 loading class java/util/Vector$Itr done
Event: 1.353 Thread 0x0000026244f57870 Thread added: 0x0000026244f57870
Event: 1.361 loading class java/io/Console


Dynamic libraries:
0x00007ff6d6250000 - 0x00007ff6d625e000 	D:\Setup\sts-4.14.1.RELEASE\plugins\org.eclipse.justj.openjdk.hotspot.jre.full.win32.x86_64_17.0.2.v20220201-1208\jre\bin\java.exe
0x00007ffbec450000 - 0x00007ffbec648000 	C:\Windows\SYSTEM32\ntdll.dll
0x00007ffbebd70000 - 0x00007ffbebe2d000 	C:\Windows\System32\KERNEL32.DLL
0x00007ffbe9c50000 - 0x00007ffbe9f46000 	C:\Windows\System32\KERNELBASE.dll
0x00007ffbea1a0000 - 0x00007ffbea2a0000 	C:\Windows\System32\ucrtbase.dll
0x00007ffbcfdc0000 - 0x00007ffbcfdd8000 	D:\Setup\sts-4.14.1.RELEASE\plugins\org.eclipse.justj.openjdk.hotspot.jre.full.win32.x86_64_17.0.2.v20220201-1208\jre\bin\jli.dll
0x00007ffbcfde0000 - 0x00007ffbcfdf9000 	D:\Setup\sts-4.14.1.RELEASE\plugins\org.eclipse.justj.openjdk.hotspot.jre.full.win32.x86_64_17.0.2.v20220201-1208\jre\bin\VCRUNTIME140.dll
0x00007ffbec0a0000 - 0x00007ffbec23e000 	C:\Windows\System32\USER32.dll
0x00007ffbd7e50000 - 0x00007ffbd80ea000 	C:\Windows\WinSxS\amd64_microsoft.windows.common-controls_6595b64144ccf1df_6.0.19041.1110_none_60b5254171f9507e\COMCTL32.dll
0x00007ffbea2a0000 - 0x00007ffbea2c2000 	C:\Windows\System32\win32u.dll
0x00007ffbebcc0000 - 0x00007ffbebd5e000 	C:\Windows\System32\msvcrt.dll
0x00007ffbea920000 - 0x00007ffbea94c000 	C:\Windows\System32\GDI32.dll
0x00007ffbea390000 - 0x00007ffbea4aa000 	C:\Windows\System32\gdi32full.dll
0x00007ffbea0b0000 - 0x00007ffbea14d000 	C:\Windows\System32\msvcp_win.dll
0x00007ffbec370000 - 0x00007ffbec3a0000 	C:\Windows\System32\IMM32.DLL
0x00007ffbcfdb0000 - 0x00007ffbcfdbc000 	D:\Setup\sts-4.14.1.RELEASE\plugins\org.eclipse.justj.openjdk.hotspot.jre.full.win32.x86_64_17.0.2.v20220201-1208\jre\bin\vcruntime140_1.dll
0x00007ffbcfc60000 - 0x00007ffbcfcf1000 	D:\Setup\sts-4.14.1.RELEASE\plugins\org.eclipse.justj.openjdk.hotspot.jre.full.win32.x86_64_17.0.2.v20220201-1208\jre\bin\msvcp140.dll
0x00007ffb9ef00000 - 0x00007ffb9fb47000 	D:\Setup\sts-4.14.1.RELEASE\plugins\org.eclipse.justj.openjdk.hotspot.jre.full.win32.x86_64_17.0.2.v20220201-1208\jre\bin\server\jvm.dll
0x00007ffbebc10000 - 0x00007ffbebcbe000 	C:\Windows\System32\ADVAPI32.dll
0x00007ffbeaaf0000 - 0x00007ffbeab8c000 	C:\Windows\System32\sechost.dll
0x00007ffbebef0000 - 0x00007ffbec016000 	C:\Windows\System32\RPCRT4.dll
0x00007ffbeaae0000 - 0x00007ffbeaae8000 	C:\Windows\System32\PSAPI.DLL
0x00007ffbe57a0000 - 0x00007ffbe57a9000 	C:\Windows\SYSTEM32\WSOCK32.dll
0x00007ffbdae90000 - 0x00007ffbdaeb7000 	C:\Windows\SYSTEM32\WINMM.dll
0x00007ffbde8c0000 - 0x00007ffbde8ca000 	C:\Windows\SYSTEM32\VERSION.dll
0x00007ffbeaa70000 - 0x00007ffbeaadb000 	C:\Windows\System32\WS2_32.dll
0x00007ffbe79e0000 - 0x00007ffbe79f2000 	C:\Windows\SYSTEM32\kernel.appcore.dll
0x00007ffbd7730000 - 0x00007ffbd773a000 	D:\Setup\sts-4.14.1.RELEASE\plugins\org.eclipse.justj.openjdk.hotspot.jre.full.win32.x86_64_17.0.2.v20220201-1208\jre\bin\jimage.dll
0x00007ffbdd200000 - 0x00007ffbdd3e4000 	C:\Windows\SYSTEM32\DBGHELP.DLL
0x00007ffbdcde0000 - 0x00007ffbdce14000 	C:\Windows\SYSTEM32\dbgcore.DLL
0x00007ffbea2d0000 - 0x00007ffbea352000 	C:\Windows\System32\bcryptPrimitives.dll
0x00007ffbd7700000 - 0x00007ffbd7725000 	D:\Setup\sts-4.14.1.RELEASE\plugins\org.eclipse.justj.openjdk.hotspot.jre.full.win32.x86_64_17.0.2.v20220201-1208\jre\bin\java.dll
0x00007ffbd3f00000 - 0x00007ffbd3f18000 	D:\Setup\sts-4.14.1.RELEASE\plugins\org.eclipse.justj.openjdk.hotspot.jre.full.win32.x86_64_17.0.2.v20220201-1208\jre\bin\zip.dll
0x00007ffbeb200000 - 0x00007ffbeb945000 	C:\Windows\System32\SHELL32.dll
0x00007ffbe7be0000 - 0x00007ffbe837b000 	C:\Windows\SYSTEM32\windows.storage.dll
0x00007ffbeadf0000 - 0x00007ffbeb144000 	C:\Windows\System32\combase.dll
0x00007ffbe94a0000 - 0x00007ffbe94ce000 	C:\Windows\SYSTEM32\Wldp.dll
0x00007ffbeb150000 - 0x00007ffbeb1fd000 	C:\Windows\System32\SHCORE.dll
0x00007ffbebe90000 - 0x00007ffbebee5000 	C:\Windows\System32\shlwapi.dll
0x00007ffbe9a60000 - 0x00007ffbe9a85000 	C:\Windows\SYSTEM32\profapi.dll
0x00007ffbd2cb0000 - 0x00007ffbd2cc9000 	D:\Setup\sts-4.14.1.RELEASE\plugins\org.eclipse.justj.openjdk.hotspot.jre.full.win32.x86_64_17.0.2.v20220201-1208\jre\bin\net.dll
0x00007ffbe3510000 - 0x00007ffbe361a000 	C:\Windows\SYSTEM32\WINHTTP.dll
0x00007ffbe9200000 - 0x00007ffbe926a000 	C:\Windows\system32\mswsock.dll
0x00007ffbd2b20000 - 0x00007ffbd2b35000 	D:\Setup\sts-4.14.1.RELEASE\plugins\org.eclipse.justj.openjdk.hotspot.jre.full.win32.x86_64_17.0.2.v20220201-1208\jre\bin\nio.dll
0x00007ffbcfd70000 - 0x00007ffbcfd79000 	D:\Setup\sts-4.14.1.RELEASE\plugins\org.eclipse.justj.openjdk.hotspot.jre.full.win32.x86_64_17.0.2.v20220201-1208\jre\bin\management.dll
0x00007ffbcfc50000 - 0x00007ffbcfc5b000 	D:\Setup\sts-4.14.1.RELEASE\plugins\org.eclipse.justj.openjdk.hotspot.jre.full.win32.x86_64_17.0.2.v20220201-1208\jre\bin\management_ext.dll
0x00007ffbd3b10000 - 0x00007ffbd3b20000 	D:\Setup\sts-4.14.1.RELEASE\plugins\org.eclipse.justj.openjdk.hotspot.jre.full.win32.x86_64_17.0.2.v20220201-1208\jre\bin\verify.dll

dbghelp: loaded successfully - version: 4.0.5 - missing functions: none
symbol engine: initialized successfully - sym options: 0x614 - pdb path: .;D:\Setup\sts-4.14.1.RELEASE\plugins\org.eclipse.justj.openjdk.hotspot.jre.full.win32.x86_64_17.0.2.v20220201-1208\jre\bin;C:\Windows\SYSTEM32;C:\Windows\WinSxS\amd64_microsoft.windows.common-controls_6595b64144ccf1df_6.0.19041.1110_none_60b5254171f9507e;D:\Setup\sts-4.14.1.RELEASE\plugins\org.eclipse.justj.openjdk.hotspot.jre.full.win32.x86_64_17.0.2.v20220201-1208\jre\bin\server

VM Arguments:
java_command: C:\Users\KOMODO~1\AppData\Local\Temp\surefire8801893660463874731\surefirebooter14848826249529055231.jar C:\Users\komodo-pc\AppData\Local\Temp\surefire8801893660463874731 2023-10-09T17-50-02_795-jvmRun1 surefire15758480065760757605tmp surefire_03008471519853671897tmp
java_class_path (initial): C:\Users\KOMODO~1\AppData\Local\Temp\surefire8801893660463874731\surefirebooter14848826249529055231.jar
Launcher Type: SUN_STANDARD

[Global flags]
     intx CICompilerCount                          = 4                                         {product} {ergonomic}
     uint ConcGCThreads                            = 2                                         {product} {ergonomic}
     uint G1ConcRefinementThreads                  = 8                                         {product} {ergonomic}
   size_t G1HeapRegionSize                         = 1048576                                   {product} {ergonomic}
    uintx GCDrainStackTargetSize                   = 64                                        {product} {ergonomic}
   size_t InitialHeapSize                          = 134217728                                 {product} {ergonomic}
   size_t MarkStackSize                            = 4194304                                   {product} {ergonomic}
   size_t MaxHeapSize                              = 2118123520                                {product} {ergonomic}
   size_t MaxNewSize                               = 1270874112                                {product} {ergonomic}
   size_t MinHeapDeltaBytes                        = 1048576                                   {product} {ergonomic}
   size_t MinHeapSize                              = 8388608                                   {product} {ergonomic}
    uintx NonNMethodCodeHeapSize                   = 5839372                                {pd product} {ergonomic}
    uintx NonProfiledCodeHeapSize                  = 122909434                              {pd product} {ergonomic}
    uintx ProfiledCodeHeapSize                     = 122909434                              {pd product} {ergonomic}
    uintx ReservedCodeCacheSize                    = 251658240                              {pd product} {ergonomic}
     bool SegmentedCodeCache                       = true                                      {product} {ergonomic}
   size_t SoftMaxHeapSize                          = 2118123520                             {manageable} {ergonomic}
     bool UseCompressedClassPointers               = true                           {product lp64_product} {ergonomic}
     bool UseCompressedOops                        = true                           {product lp64_product} {ergonomic}
     bool UseG1GC                                  = true                                      {product} {ergonomic}
     bool UseLargePagesIndividualAllocation        = false                                  {pd product} {ergonomic}

Logging:
Log output configuration:
 #0: stdout all=warning uptime,level,tags
 #1: stderr all=off uptime,level,tags

Environment Variables:
PATH=D:/Setup/sts-4.14.1.RELEASE//plugins/org.eclipse.justj.openjdk.hotspot.jre.full.win32.x86_64_17.0.2.v20220201-1208/jre/bin/server;D:/Setup/sts-4.14.1.RELEASE//plugins/org.eclipse.justj.openjdk.hotspot.jre.full.win32.x86_64_17.0.2.v20220201-1208/jre/bin;C:\Program Files\Common Files\Oracle\Java\javapath;C:\Windows\system32;C:\Windows;C:\Windows\System32\Wbem;C:\Windows\System32\WindowsPowerShell\v1.0\;C:\Windows\System32\OpenSSH\;C:\Program Files\Git\cmd;C:\Users\komodo-pc\AppData\Local\Microsoft\WindowsApps;;D:\Setup\sts-4.14.1.RELEASE;
USERNAME=komodo-pc
OS=Windows_NT
PROCESSOR_IDENTIFIER=Intel64 Family 6 Model 58 Stepping 9, GenuineIntel



---------------  S Y S T E M  ---------------

OS:
 Windows 10 , 64 bit Build 19041 (10.0.19041.3393)
OS uptime: 0 days 1:40 hours

CPU: total 8 (initial active 8) (4 cores per cpu, 2 threads per core) family 6 model 58 stepping 9 microcode 0x21, cx8, cmov, fxsr, ht, mmx, sse, sse2, sse3, ssse3, sse4.1, sse4.2, popcnt, tsc, tscinvbit, avx, aes, erms, clmul, vzeroupper, clflush

Memory: 4k page, system-wide physical 8078M (441M free)
TotalPageFile size 14818M (AvailPageFile size 1M)
current process WorkingSet (physical memory assigned to process): 122M, peak: 122M
current process commit charge ("private bytes"): 258M, peak: 258M

vm_info: OpenJDK 64-Bit Server VM (17.0.2+8) for windows-amd64 JRE (17.0.2+8), built on Jan 20 2022 04:52:34 by "" with MS VC++ 16.7 (VS2019)

END.
