#
# There is insufficient memory for the Java Runtime Environment to continue.
# Native memory allocation (mmap) failed to map 98566144 bytes for G1 virtual space
# Possible reasons:
#   The system is out of physical RAM or swap space
#   The process is running with CompressedOops enabled, and the Java Heap may be blocking the growth of the native heap
# Possible solutions:
#   Reduce memory load on the system
#   Increase physical memory or swap space
#   Check if swap backing store is full
#   Decrease Java heap size (-Xmx/-Xms)
#   Decrease number of Java threads
#   Decrease Java thread stack sizes (-Xss)
#   Set larger code cache with -XX:ReservedCodeCacheSize=
#   JVM is running with Unscaled Compressed Oops mode in which the Java heap is
#     placed in the first 4GB address space. The Java Heap base address is the
#     maximum limit for the native heap growth. Please use -XX:HeapBaseMinAddress
#     to set the Java Heap base and to place the Java Heap above 4GB virtual address.
# This output file may be truncated or incomplete.
#
#  Out of Memory Error (os_windows.cpp:3532), pid=13160, tid=14756
#
# JRE version: OpenJDK Runtime Environment Temurin-17.0.2+8 (17.0.2+8) (build 17.0.2+8)
# Java VM: OpenJDK 64-Bit Server VM Temurin-17.0.2+8 (17.0.2+8, mixed mode, tiered, compressed oops, compressed class ptrs, g1 gc, windows-amd64)
# No core dump will be written. Minidumps are not enabled by default on client versions of Windows
#

---------------  S U M M A R Y ------------

Command Line: -XX:+ShowCodeDetailsInExceptionMessages -agentlib:jdwp=transport=dt_socket,suspend=y,address=localhost:53523 -Dmaven.home=EMBEDDED -Dclassworlds.conf=D:\workspaces\.metadata\.plugins\org.eclipse.m2e.launching\launches\m2conf3629337488772504465.tmp -Dmaven.multiModuleProjectDirectory=E:\workspaces\0910\cc-2609 -Djansi.force=true -Djansi.passthrough=true -javaagent:D:\Setup\sts-4.14.1.RELEASE\configuration\org.eclipse.osgi\265\0\.cp\lib\javaagent-shaded.jar -Dfile.encoding=Cp1252 org.codehaus.plexus.classworlds.launcher.Launcher -B install -Dstyle.color=always

Host: Intel(R) Core(TM) i7-3770 CPU @ 3.40GHz, 8 cores, 7G,  Windows 10 , 64 bit Build 19041 (10.0.19041.3393)
Time: Mon Oct  9 17:32:06 2023 SE Asia Standard Time elapsed time: 10.016556 seconds (0d 0h 0m 10s)

---------------  T H R E A D  ---------------

Current thread (0x00000144c5f4ec30):  VMThread "VM Thread" [stack: 0x0000001230c00000,0x0000001230d00000] [id=14756]

Stack: [0x0000001230c00000,0x0000001230d00000]
Native frames: (J=compiled Java code, j=interpreted, Vv=VM code, C=native code)
V  [jvm.dll+0x67564a]
V  [jvm.dll+0x82fc04]
V  [jvm.dll+0x8313ae]
V  [jvm.dll+0x831a13]
V  [jvm.dll+0x245235]
V  [jvm.dll+0x672539]
V  [jvm.dll+0x666e82]
V  [jvm.dll+0x30401b]
V  [jvm.dll+0x30b566]
V  [jvm.dll+0x35b1fe]
V  [jvm.dll+0x35b42f]
V  [jvm.dll+0x2daf58]
V  [jvm.dll+0x2d920c]
V  [jvm.dll+0x2d87dc]
V  [jvm.dll+0x31c61b]
V  [jvm.dll+0x835ebb]
V  [jvm.dll+0x836bf4]
V  [jvm.dll+0x83710c]
V  [jvm.dll+0x8374e4]
V  [jvm.dll+0x8375b0]
V  [jvm.dll+0x7dff2a]
V  [jvm.dll+0x6744d5]
C  [ucrtbase.dll+0x21bb2]
C  [KERNEL32.DLL+0x17344]
C  [ntdll.dll+0x526b1]

VM_Operation (0x0000001232cff140): G1CollectForAllocation, mode: safepoint, requested by thread 0x00000144c86a5c20


---------------  P R O C E S S  ---------------

Threads class SMR info:
_java_thread_list=0x00000144cb338380, length=21, elements={
0x00000144abff1ac0, 0x00000144c5f1b660, 0x00000144c5f1cd00, 0x00000144c5f74830,
0x00000144c5f78210, 0x00000144c5f79880, 0x00000144c5f7a8e0, 0x00000144c5f7f580,
0x00000144c5f80230, 0x00000144c6928040, 0x00000144c6aa9fd0, 0x00000144c6c05d40,
0x00000144c6b6de10, 0x00000144c6b6e920, 0x00000144c6c62010, 0x00000144c72aa230,
0x00000144c86a60f0, 0x00000144c86aa450, 0x00000144c86a9110, 0x00000144c86a5c20,
0x00000144c86aa920
}

Java Threads: ( => current thread )
  0x00000144abff1ac0 JavaThread "main" [_thread_blocked, id=2172, stack(0x0000001230600000,0x0000001230700000)]
  0x00000144c5f1b660 JavaThread "Reference Handler" daemon [_thread_blocked, id=14552, stack(0x0000001230d00000,0x0000001230e00000)]
  0x00000144c5f1cd00 JavaThread "Finalizer" daemon [_thread_blocked, id=9032, stack(0x0000001230e00000,0x0000001230f00000)]
  0x00000144c5f74830 JavaThread "Signal Dispatcher" daemon [_thread_blocked, id=12080, stack(0x0000001230f00000,0x0000001231000000)]
  0x00000144c5f78210 JavaThread "Attach Listener" daemon [_thread_blocked, id=7324, stack(0x0000001231000000,0x0000001231100000)]
  0x00000144c5f79880 JavaThread "Service Thread" daemon [_thread_blocked, id=11152, stack(0x0000001231100000,0x0000001231200000)]
  0x00000144c5f7a8e0 JavaThread "Monitor Deflation Thread" daemon [_thread_blocked, id=3992, stack(0x0000001231200000,0x0000001231300000)]
  0x00000144c5f7f580 JavaThread "C2 CompilerThread0" daemon [_thread_blocked, id=18364, stack(0x0000001231300000,0x0000001231400000)]
  0x00000144c5f80230 JavaThread "C1 CompilerThread0" daemon [_thread_blocked, id=20668, stack(0x0000001231400000,0x0000001231500000)]
  0x00000144c6928040 JavaThread "Sweeper thread" daemon [_thread_blocked, id=16260, stack(0x0000001231500000,0x0000001231600000)]
  0x00000144c6aa9fd0 JavaThread "Common-Cleaner" daemon [_thread_blocked, id=4684, stack(0x0000001231600000,0x0000001231700000)]
  0x00000144c6c05d40 JavaThread "JDWP Transport Listener: dt_socket" daemon [_thread_blocked, id=24676, stack(0x0000001231700000,0x0000001231800000)]
  0x00000144c6b6de10 JavaThread "JDWP Event Helper Thread" daemon [_thread_blocked, id=19024, stack(0x0000001231800000,0x0000001231900000)]
  0x00000144c6b6e920 JavaThread "JDWP Command Reader" daemon [_thread_blocked, id=752, stack(0x0000001231900000,0x0000001231a00000)]
  0x00000144c6c62010 JavaThread "Notification Thread" daemon [_thread_blocked, id=23268, stack(0x0000001231b00000,0x0000001231c00000)]
  0x00000144c72aa230 JavaThread "C2 CompilerThread1" daemon [_thread_blocked, id=22948, stack(0x0000001231a00000,0x0000001231b00000)]
  0x00000144c86a60f0 JavaThread "resolver-1" daemon [_thread_blocked, id=13736, stack(0x0000001232400000,0x0000001232500000)]
  0x00000144c86aa450 JavaThread "resolver-2" daemon [_thread_blocked, id=2628, stack(0x0000001232a00000,0x0000001232b00000)]
  0x00000144c86a9110 JavaThread "resolver-3" daemon [_thread_blocked, id=18192, stack(0x0000001232b00000,0x0000001232c00000)]
  0x00000144c86a5c20 JavaThread "resolver-4" daemon [_thread_blocked, id=10264, stack(0x0000001232c00000,0x0000001232d00000)]
  0x00000144c86aa920 JavaThread "resolver-5" daemon [_thread_blocked, id=4248, stack(0x0000001232d00000,0x0000001232e00000)]

Other Threads:
=>0x00000144c5f4ec30 VMThread "VM Thread" [stack: 0x0000001230c00000,0x0000001230d00000] [id=14756]
  0x00000144c6bdf030 WatcherThread [stack: 0x0000001231c00000,0x0000001231d00000] [id=24596]
  0x00000144ac02f6d0 GCTaskThread "GC Thread#0" [stack: 0x0000001230700000,0x0000001230800000] [id=13568]
  0x00000144c84a64e0 GCTaskThread "GC Thread#1" [stack: 0x0000001231d00000,0x0000001231e00000] [id=14172]
  0x00000144c858d4e0 GCTaskThread "GC Thread#2" [stack: 0x0000001231e00000,0x0000001231f00000] [id=8408]
  0x00000144c850bce0 GCTaskThread "GC Thread#3" [stack: 0x0000001231f00000,0x0000001232000000] [id=14280]
  0x00000144c850bf90 GCTaskThread "GC Thread#4" [stack: 0x0000001232000000,0x0000001232100000] [id=21684]
  0x00000144c84e9c30 GCTaskThread "GC Thread#5" [stack: 0x0000001232100000,0x0000001232200000] [id=23188]
  0x00000144c84e9ee0 GCTaskThread "GC Thread#6" [stack: 0x0000001232200000,0x0000001232300000] [id=14504]
  0x00000144c84ea5a0 GCTaskThread "GC Thread#7" [stack: 0x0000001232300000,0x0000001232400000] [id=21316]
  0x00000144ac040940 ConcurrentGCThread "G1 Main Marker" [stack: 0x0000001230800000,0x0000001230900000] [id=15200]
  0x00000144ac042270 ConcurrentGCThread "G1 Conc#0" [stack: 0x0000001230900000,0x0000001230a00000] [id=24168]
  0x00000144c8919660 ConcurrentGCThread "G1 Conc#1" [stack: 0x0000001232500000,0x0000001232600000] [id=9840]
  0x00000144c5da0090 ConcurrentGCThread "G1 Refine#0" [stack: 0x0000001230a00000,0x0000001230b00000] [id=15136]
  0x00000144ccedb520 ConcurrentGCThread "G1 Refine#1" [stack: 0x0000001232600000,0x0000001232700000] [id=22908]
  0x00000144ccedb800 ConcurrentGCThread "G1 Refine#2" [stack: 0x0000001232700000,0x0000001232800000] [id=6472]
  0x00000144ccedbdc0 ConcurrentGCThread "G1 Refine#3" [stack: 0x0000001232800000,0x0000001232900000] [id=13328]
  0x00000144ccedc0a0 ConcurrentGCThread "G1 Refine#4" [stack: 0x0000001232900000,0x0000001232a00000] [id=6752]
  0x00000144c5da09c0 ConcurrentGCThread "G1 Service" [stack: 0x0000001230b00000,0x0000001230c00000] [id=17100]

Threads with active compile tasks:
C2 CompilerThread0    10050 8013       4       org.codehaus.plexus.interpolation.reflection.ReflectionValueExtractor::evaluate (242 bytes)
C2 CompilerThread1    10050 7999       4       org.apache.maven.model.merge.MavenModelMerger::mergePlugin_Executions (235 bytes)

VM state: at safepoint (normal execution)

VM Mutex/Monitor currently owned by a thread:  ([mutex/lock_event])
[0x00000144abfeda70] Threads_lock - owner thread: 0x00000144c5f4ec30
[0x00000144abfedef0] Heap_lock - owner thread: 0x00000144c86a5c20

Heap address: 0x0000000081c00000, size: 2020 MB, Compressed Oops mode: 32-bit

CDS archive(s) not mapped
Compressed class space mapped at: 0x0000000100000000-0x0000000140000000, reserved size: 1073741824
Narrow klass base: 0x0000000000000000, Narrow klass shift: 3, Narrow klass range: 0x140000000

GC Precious Log:
 CPUs: 8 total, 8 available
 Memory: 8078M
 Large Page Support: Disabled
 NUMA Support: Disabled
 Compressed Oops: Enabled (32-bit)
 Heap Region Size: 1M
 Heap Min Capacity: 8M
 Heap Initial Capacity: 128M
 Heap Max Capacity: 2020M
 Pre-touch: Disabled
 Parallel Workers: 8
 Concurrent Workers: 2
 Concurrent Refinement Workers: 8
 Periodic GC: Disabled

Heap:
 garbage-first heap   total 159744K, used 52009K [0x0000000081c00000, 0x0000000100000000)
  region size 1024K, 3 young (3072K), 3 survivors (3072K)
 Metaspace       used 41499K, committed 41856K, reserved 1089536K
  class space    used 4252K, committed 4416K, reserved 1048576K

Heap Regions: E=young(eden), S=young(survivor), O=old, HS=humongous(starts), HC=humongous(continues), CS=collection set, F=free, OA=open archive, CA=closed archive, TAMS=top-at-mark-start (previous, next)
|   0|0x0000000081c00000, 0x0000000081d00000, 0x0000000081d00000|100%| O|  |TAMS 0x0000000081d00000, 0x0000000081c00000| Untracked 
|   1|0x0000000081d00000, 0x0000000081e00000, 0x0000000081e00000|100%| O|  |TAMS 0x0000000081e00000, 0x0000000081d00000| Untracked 
|   2|0x0000000081e00000, 0x0000000081f00000, 0x0000000081f00000|100%| O|  |TAMS 0x0000000081f00000, 0x0000000081e00000| Untracked 
|   3|0x0000000081f00000, 0x0000000082000000, 0x0000000082000000|100%| O|  |TAMS 0x0000000082000000, 0x0000000081f00000| Untracked 
|   4|0x0000000082000000, 0x0000000082100000, 0x0000000082100000|100%| O|  |TAMS 0x0000000082100000, 0x0000000082000000| Untracked 
|   5|0x0000000082100000, 0x0000000082200000, 0x0000000082200000|100%| O|  |TAMS 0x0000000082200000, 0x0000000082100000| Untracked 
|   6|0x0000000082200000, 0x0000000082300000, 0x0000000082300000|100%| O|  |TAMS 0x0000000082300000, 0x0000000082200000| Untracked 
|   7|0x0000000082300000, 0x0000000082400000, 0x0000000082400000|100%| O|  |TAMS 0x0000000082400000, 0x0000000082300000| Untracked 
|   8|0x0000000082400000, 0x0000000082500000, 0x0000000082500000|100%|HS|  |TAMS 0x0000000082500000, 0x0000000082400000| Complete 
|   9|0x0000000082500000, 0x0000000082600000, 0x0000000082600000|100%| O|  |TAMS 0x0000000082600000, 0x0000000082500000| Untracked 
|  10|0x0000000082600000, 0x0000000082700000, 0x0000000082700000|100%| O|  |TAMS 0x0000000082700000, 0x0000000082600000| Untracked 
|  11|0x0000000082700000, 0x0000000082800000, 0x0000000082800000|100%| O|  |TAMS 0x0000000082800000, 0x0000000082700000| Untracked 
|  12|0x0000000082800000, 0x0000000082900000, 0x0000000082900000|100%| O|  |TAMS 0x0000000082900000, 0x0000000082800000| Untracked 
|  13|0x0000000082900000, 0x0000000082a00000, 0x0000000082a00000|100%| O|  |TAMS 0x0000000082a00000, 0x0000000082900000| Untracked 
|  14|0x0000000082a00000, 0x0000000082b00000, 0x0000000082b00000|100%|HS|  |TAMS 0x0000000082b00000, 0x0000000082a00000| Complete 
|  15|0x0000000082b00000, 0x0000000082c00000, 0x0000000082c00000|100%| O|  |TAMS 0x0000000082c00000, 0x0000000082b00000| Untracked 
|  16|0x0000000082c00000, 0x0000000082d00000, 0x0000000082d00000|100%| O|  |TAMS 0x0000000082d00000, 0x0000000082c00000| Untracked 
|  17|0x0000000082d00000, 0x0000000082e00000, 0x0000000082e00000|100%| O|  |TAMS 0x0000000082e00000, 0x0000000082d00000| Untracked 
|  18|0x0000000082e00000, 0x0000000082f00000, 0x0000000082f00000|100%| O|  |TAMS 0x0000000082f00000, 0x0000000082e00000| Untracked 
|  19|0x0000000082f00000, 0x0000000083000000, 0x0000000083000000|100%| O|  |TAMS 0x0000000083000000, 0x0000000082f00000| Untracked 
|  20|0x0000000083000000, 0x0000000083100000, 0x0000000083100000|100%| O|  |TAMS 0x0000000083100000, 0x0000000083000000| Untracked 
|  21|0x0000000083100000, 0x0000000083200000, 0x0000000083200000|100%| O|  |TAMS 0x0000000083108800, 0x0000000083100000| Untracked 
|  22|0x0000000083200000, 0x0000000083300000, 0x0000000083300000|100%| O|  |TAMS 0x0000000083200000, 0x0000000083200000| Untracked 
|  23|0x0000000083300000, 0x0000000083400000, 0x0000000083400000|100%| O|  |TAMS 0x0000000083300000, 0x0000000083300000| Untracked 
|  24|0x0000000083400000, 0x0000000083500000, 0x0000000083500000|100%| O|  |TAMS 0x0000000083400000, 0x0000000083400000| Untracked 
|  25|0x0000000083500000, 0x0000000083600000, 0x0000000083600000|100%| O|  |TAMS 0x0000000083500000, 0x0000000083500000| Untracked 
|  26|0x0000000083600000, 0x0000000083700000, 0x0000000083700000|100%| O|  |TAMS 0x0000000083600000, 0x0000000083600000| Untracked 
|  27|0x0000000083700000, 0x0000000083800000, 0x0000000083800000|100%| O|  |TAMS 0x0000000083700000, 0x0000000083700000| Untracked 
|  28|0x0000000083800000, 0x0000000083900000, 0x0000000083900000|100%| O|  |TAMS 0x0000000083800000, 0x0000000083800000| Untracked 
|  29|0x0000000083900000, 0x0000000083a00000, 0x0000000083a00000|100%| O|  |TAMS 0x0000000083900000, 0x0000000083900000| Untracked 
|  30|0x0000000083a00000, 0x0000000083b00000, 0x0000000083b00000|100%| O|  |TAMS 0x0000000083a00000, 0x0000000083a00000| Untracked 
|  31|0x0000000083b00000, 0x0000000083c00000, 0x0000000083c00000|100%| O|  |TAMS 0x0000000083b00000, 0x0000000083b00000| Untracked 
|  32|0x0000000083c00000, 0x0000000083cfe600, 0x0000000083d00000| 99%| O|  |TAMS 0x0000000083c00000, 0x0000000083c00000| Untracked 
|  33|0x0000000083d00000, 0x0000000083e00000, 0x0000000083e00000|100%| O|  |TAMS 0x0000000083d00000, 0x0000000083d00000| Untracked 
|  34|0x0000000083e00000, 0x0000000083e00000, 0x0000000083f00000|  0%| F|  |TAMS 0x0000000083e00000, 0x0000000083e00000| Untracked 
|  35|0x0000000083f00000, 0x0000000084000000, 0x0000000084000000|100%|HS|  |TAMS 0x0000000083f00000, 0x0000000083f00000| Complete 
|  36|0x0000000084000000, 0x0000000084100000, 0x0000000084100000|100%| O|  |TAMS 0x0000000084000000, 0x0000000084000000| Untracked 
|  37|0x0000000084100000, 0x0000000084200000, 0x0000000084200000|100%| O|  |TAMS 0x0000000084100000, 0x0000000084100000| Untracked 
|  38|0x0000000084200000, 0x0000000084300000, 0x0000000084300000|100%| O|  |TAMS 0x0000000084200000, 0x0000000084200000| Untracked 
|  39|0x0000000084300000, 0x0000000084400000, 0x0000000084400000|100%| O|  |TAMS 0x0000000084300000, 0x0000000084300000| Untracked 
|  40|0x0000000084400000, 0x0000000084500000, 0x0000000084500000|100%| O|  |TAMS 0x0000000084400000, 0x0000000084400000| Untracked 
|  41|0x0000000084500000, 0x0000000084600000, 0x0000000084600000|100%| O|  |TAMS 0x0000000084500000, 0x0000000084500000| Untracked 
|  42|0x0000000084600000, 0x0000000084700000, 0x0000000084700000|100%| O|  |TAMS 0x0000000084600000, 0x0000000084600000| Untracked 
|  43|0x0000000084700000, 0x0000000084800000, 0x0000000084800000|100%| O|  |TAMS 0x0000000084700000, 0x0000000084700000| Untracked 
|  44|0x0000000084800000, 0x0000000084900000, 0x0000000084900000|100%| O|  |TAMS 0x0000000084800000, 0x0000000084800000| Untracked 
|  45|0x0000000084900000, 0x0000000084a00000, 0x0000000084a00000|100%| O|  |TAMS 0x0000000084900000, 0x0000000084900000| Untracked 
|  46|0x0000000084a00000, 0x0000000084b00000, 0x0000000084b00000|100%| O|  |TAMS 0x0000000084a00000, 0x0000000084a00000| Untracked 
|  47|0x0000000084b00000, 0x0000000084c00000, 0x0000000084c00000|100%| O|  |TAMS 0x0000000084b00000, 0x0000000084b00000| Untracked 
|  48|0x0000000084c00000, 0x0000000084d00000, 0x0000000084d00000|100%| O|  |TAMS 0x0000000084c00000, 0x0000000084c00000| Untracked 
|  49|0x0000000084d00000, 0x0000000084d00000, 0x0000000084e00000|  0%| F|  |TAMS 0x0000000084d00000, 0x0000000084d00000| Untracked 
|  50|0x0000000084e00000, 0x0000000084e00000, 0x0000000084f00000|  0%| F|  |TAMS 0x0000000084e00000, 0x0000000084e00000| Untracked 
|  51|0x0000000084f00000, 0x0000000084f00000, 0x0000000085000000|  0%| F|  |TAMS 0x0000000084f00000, 0x0000000084f00000| Untracked 
|  52|0x0000000085000000, 0x0000000085000000, 0x0000000085100000|  0%| F|  |TAMS 0x0000000085000000, 0x0000000085000000| Untracked 
|  53|0x0000000085100000, 0x0000000085100000, 0x0000000085200000|  0%| F|  |TAMS 0x0000000085100000, 0x0000000085100000| Untracked 
|  54|0x0000000085200000, 0x0000000085200000, 0x0000000085300000|  0%| F|  |TAMS 0x0000000085200000, 0x0000000085200000| Untracked 
|  55|0x0000000085300000, 0x0000000085300000, 0x0000000085400000|  0%| F|  |TAMS 0x0000000085300000, 0x0000000085300000| Untracked 
|  56|0x0000000085400000, 0x0000000085400000, 0x0000000085500000|  0%| F|  |TAMS 0x0000000085400000, 0x0000000085400000| Untracked 
|  57|0x0000000085500000, 0x0000000085500000, 0x0000000085600000|  0%| F|  |TAMS 0x0000000085500000, 0x0000000085500000| Untracked 
|  58|0x0000000085600000, 0x0000000085600000, 0x0000000085700000|  0%| F|  |TAMS 0x0000000085600000, 0x0000000085600000| Untracked 
|  59|0x0000000085700000, 0x0000000085700000, 0x0000000085800000|  0%| F|  |TAMS 0x0000000085700000, 0x0000000085700000| Untracked 
|  60|0x0000000085800000, 0x0000000085800000, 0x0000000085900000|  0%| F|  |TAMS 0x0000000085800000, 0x0000000085800000| Untracked 
|  61|0x0000000085900000, 0x0000000085900000, 0x0000000085a00000|  0%| F|  |TAMS 0x0000000085900000, 0x0000000085900000| Untracked 
|  62|0x0000000085a00000, 0x0000000085a00000, 0x0000000085b00000|  0%| F|  |TAMS 0x0000000085a00000, 0x0000000085a00000| Untracked 
|  63|0x0000000085b00000, 0x0000000085b00000, 0x0000000085c00000|  0%| F|  |TAMS 0x0000000085b00000, 0x0000000085b00000| Untracked 
|  64|0x0000000085c00000, 0x0000000085c00000, 0x0000000085d00000|  0%| F|  |TAMS 0x0000000085c00000, 0x0000000085c00000| Untracked 
|  65|0x0000000085d00000, 0x0000000085d00000, 0x0000000085e00000|  0%| F|  |TAMS 0x0000000085d00000, 0x0000000085d00000| Untracked 
|  66|0x0000000085e00000, 0x0000000085e00000, 0x0000000085f00000|  0%| F|  |TAMS 0x0000000085e00000, 0x0000000085e00000| Untracked 
|  67|0x0000000085f00000, 0x0000000085f00000, 0x0000000086000000|  0%| F|  |TAMS 0x0000000085f00000, 0x0000000085f00000| Untracked 
|  68|0x0000000086000000, 0x0000000086000000, 0x0000000086100000|  0%| F|  |TAMS 0x0000000086000000, 0x0000000086000000| Untracked 
|  69|0x0000000086100000, 0x0000000086100000, 0x0000000086200000|  0%| F|  |TAMS 0x0000000086100000, 0x0000000086100000| Untracked 
|  70|0x0000000086200000, 0x0000000086200000, 0x0000000086300000|  0%| F|  |TAMS 0x0000000086200000, 0x0000000086200000| Untracked 
|  71|0x0000000086300000, 0x0000000086300000, 0x0000000086400000|  0%| F|  |TAMS 0x0000000086300000, 0x0000000086300000| Untracked 
|  72|0x0000000086400000, 0x0000000086400000, 0x0000000086500000|  0%| F|  |TAMS 0x0000000086400000, 0x0000000086400000| Untracked 
|  73|0x0000000086500000, 0x0000000086500000, 0x0000000086600000|  0%| F|  |TAMS 0x0000000086500000, 0x0000000086500000| Untracked 
|  74|0x0000000086600000, 0x00000000866cbfc0, 0x0000000086700000| 79%| S|CS|TAMS 0x0000000086600000, 0x0000000086600000| Complete 
|  75|0x0000000086700000, 0x0000000086800000, 0x0000000086800000|100%| S|CS|TAMS 0x0000000086700000, 0x0000000086700000| Complete 
|  76|0x0000000086800000, 0x0000000086900000, 0x0000000086900000|100%| S|CS|TAMS 0x0000000086800000, 0x0000000086800000| Complete 
|  77|0x0000000086900000, 0x0000000086900000, 0x0000000086a00000|  0%| F|  |TAMS 0x0000000086900000, 0x0000000086900000| Untracked 
|  78|0x0000000086a00000, 0x0000000086a00000, 0x0000000086b00000|  0%| F|  |TAMS 0x0000000086a00000, 0x0000000086a00000| Untracked 
|  79|0x0000000086b00000, 0x0000000086b00000, 0x0000000086c00000|  0%| F|  |TAMS 0x0000000086b00000, 0x0000000086b00000| Untracked 
|  80|0x0000000086c00000, 0x0000000086c00000, 0x0000000086d00000|  0%| F|  |TAMS 0x0000000086c00000, 0x0000000086c00000| Untracked 
|  81|0x0000000086d00000, 0x0000000086d00000, 0x0000000086e00000|  0%| F|  |TAMS 0x0000000086d00000, 0x0000000086d00000| Untracked 
|  82|0x0000000086e00000, 0x0000000086e00000, 0x0000000086f00000|  0%| F|  |TAMS 0x0000000086e00000, 0x0000000086e00000| Untracked 
|  83|0x0000000086f00000, 0x0000000086f00000, 0x0000000087000000|  0%| F|  |TAMS 0x0000000086f00000, 0x0000000086f00000| Untracked 
|  84|0x0000000087000000, 0x0000000087000000, 0x0000000087100000|  0%| F|  |TAMS 0x0000000087000000, 0x0000000087000000| Untracked 
|  85|0x0000000087100000, 0x0000000087100000, 0x0000000087200000|  0%| F|  |TAMS 0x0000000087100000, 0x0000000087100000| Untracked 
|  86|0x0000000087200000, 0x0000000087200000, 0x0000000087300000|  0%| F|  |TAMS 0x0000000087200000, 0x0000000087200000| Untracked 
|  87|0x0000000087300000, 0x0000000087300000, 0x0000000087400000|  0%| F|  |TAMS 0x0000000087300000, 0x0000000087300000| Untracked 
|  88|0x0000000087400000, 0x0000000087400000, 0x0000000087500000|  0%| F|  |TAMS 0x0000000087400000, 0x0000000087400000| Untracked 
|  89|0x0000000087500000, 0x0000000087500000, 0x0000000087600000|  0%| F|  |TAMS 0x0000000087500000, 0x0000000087500000| Untracked 
|  90|0x0000000087600000, 0x0000000087600000, 0x0000000087700000|  0%| F|  |TAMS 0x0000000087600000, 0x0000000087600000| Untracked 
|  91|0x0000000087700000, 0x0000000087700000, 0x0000000087800000|  0%| F|  |TAMS 0x0000000087700000, 0x0000000087700000| Untracked 
|  92|0x0000000087800000, 0x0000000087800000, 0x0000000087900000|  0%| F|  |TAMS 0x0000000087800000, 0x0000000087800000| Untracked 
|  93|0x0000000087900000, 0x0000000087900000, 0x0000000087a00000|  0%| F|  |TAMS 0x0000000087900000, 0x0000000087900000| Untracked 
|  94|0x0000000087a00000, 0x0000000087a00000, 0x0000000087b00000|  0%| F|  |TAMS 0x0000000087a00000, 0x0000000087a00000| Untracked 
|  95|0x0000000087b00000, 0x0000000087b00000, 0x0000000087c00000|  0%| F|  |TAMS 0x0000000087b00000, 0x0000000087b00000| Untracked 
|  96|0x0000000087c00000, 0x0000000087c00000, 0x0000000087d00000|  0%| F|  |TAMS 0x0000000087c00000, 0x0000000087c00000| Untracked 
|  97|0x0000000087d00000, 0x0000000087d00000, 0x0000000087e00000|  0%| F|  |TAMS 0x0000000087d00000, 0x0000000087d00000| Untracked 
|  98|0x0000000087e00000, 0x0000000087e00000, 0x0000000087f00000|  0%| F|  |TAMS 0x0000000087e00000, 0x0000000087e00000| Untracked 
|  99|0x0000000087f00000, 0x0000000087f00000, 0x0000000088000000|  0%| F|  |TAMS 0x0000000087f00000, 0x0000000087f00000| Untracked 
| 100|0x0000000088000000, 0x0000000088000000, 0x0000000088100000|  0%| F|  |TAMS 0x0000000088000000, 0x0000000088000000| Untracked 
| 101|0x0000000088100000, 0x0000000088100000, 0x0000000088200000|  0%| F|  |TAMS 0x0000000088100000, 0x0000000088100000| Untracked 
| 102|0x0000000088200000, 0x0000000088200000, 0x0000000088300000|  0%| F|  |TAMS 0x0000000088200000, 0x0000000088200000| Untracked 
| 103|0x0000000088300000, 0x0000000088300000, 0x0000000088400000|  0%| F|  |TAMS 0x0000000088300000, 0x0000000088300000| Untracked 
| 104|0x0000000088400000, 0x0000000088400000, 0x0000000088500000|  0%| F|  |TAMS 0x0000000088400000, 0x0000000088400000| Untracked 
| 105|0x0000000088500000, 0x0000000088500000, 0x0000000088600000|  0%| F|  |TAMS 0x0000000088500000, 0x0000000088500000| Untracked 
| 106|0x0000000088600000, 0x0000000088600000, 0x0000000088700000|  0%| F|  |TAMS 0x0000000088600000, 0x0000000088600000| Untracked 
| 107|0x0000000088700000, 0x0000000088700000, 0x0000000088800000|  0%| F|  |TAMS 0x0000000088700000, 0x0000000088700000| Untracked 
| 108|0x0000000088800000, 0x0000000088800000, 0x0000000088900000|  0%| F|  |TAMS 0x0000000088800000, 0x0000000088800000| Untracked 
| 109|0x0000000088900000, 0x0000000088900000, 0x0000000088a00000|  0%| F|  |TAMS 0x0000000088900000, 0x0000000088900000| Untracked 
| 110|0x0000000088a00000, 0x0000000088a00000, 0x0000000088b00000|  0%| F|  |TAMS 0x0000000088a00000, 0x0000000088a00000| Untracked 
| 111|0x0000000088b00000, 0x0000000088b00000, 0x0000000088c00000|  0%| F|  |TAMS 0x0000000088b00000, 0x0000000088b00000| Untracked 
| 112|0x0000000088c00000, 0x0000000088c00000, 0x0000000088d00000|  0%| F|  |TAMS 0x0000000088c00000, 0x0000000088c00000| Untracked 
| 113|0x0000000088d00000, 0x0000000088d00000, 0x0000000088e00000|  0%| F|  |TAMS 0x0000000088d00000, 0x0000000088d00000| Untracked 
| 114|0x0000000088e00000, 0x0000000088e00000, 0x0000000088f00000|  0%| F|  |TAMS 0x0000000088e00000, 0x0000000088e00000| Untracked 
| 115|0x0000000088f00000, 0x0000000088f00000, 0x0000000089000000|  0%| F|  |TAMS 0x0000000088f00000, 0x0000000088f00000| Untracked 
| 116|0x0000000089000000, 0x0000000089000000, 0x0000000089100000|  0%| F|  |TAMS 0x0000000089000000, 0x0000000089000000| Untracked 
| 117|0x0000000089100000, 0x0000000089100000, 0x0000000089200000|  0%| F|  |TAMS 0x0000000089100000, 0x0000000089100000| Untracked 
| 118|0x0000000089200000, 0x0000000089200000, 0x0000000089300000|  0%| F|  |TAMS 0x0000000089200000, 0x0000000089200000| Untracked 
| 119|0x0000000089300000, 0x0000000089300000, 0x0000000089400000|  0%| F|  |TAMS 0x0000000089300000, 0x0000000089300000| Untracked 
| 120|0x0000000089400000, 0x0000000089400000, 0x0000000089500000|  0%| F|  |TAMS 0x0000000089400000, 0x0000000089400000| Untracked 
| 121|0x0000000089500000, 0x0000000089500000, 0x0000000089600000|  0%| F|  |TAMS 0x0000000089500000, 0x0000000089500000| Untracked 
| 122|0x0000000089600000, 0x0000000089600000, 0x0000000089700000|  0%| F|  |TAMS 0x0000000089600000, 0x0000000089600000| Untracked 
| 123|0x0000000089700000, 0x0000000089700000, 0x0000000089800000|  0%| F|  |TAMS 0x0000000089700000, 0x0000000089700000| Untracked 
| 124|0x0000000089800000, 0x0000000089800000, 0x0000000089900000|  0%| F|  |TAMS 0x0000000089800000, 0x0000000089800000| Untracked 
| 125|0x0000000089900000, 0x0000000089900000, 0x0000000089a00000|  0%| F|  |TAMS 0x0000000089900000, 0x0000000089900000| Untracked 
| 126|0x0000000089a00000, 0x0000000089a00000, 0x0000000089b00000|  0%| F|  |TAMS 0x0000000089a00000, 0x0000000089a00000| Untracked 
| 127|0x0000000089b00000, 0x0000000089b00000, 0x0000000089c00000|  0%| F|  |TAMS 0x0000000089b00000, 0x0000000089b00000| Untracked 
| 128|0x0000000089c00000, 0x0000000089c00000, 0x0000000089d00000|  0%| F|  |TAMS 0x0000000089c00000, 0x0000000089c00000| Untracked 
| 129|0x0000000089d00000, 0x0000000089d00000, 0x0000000089e00000|  0%| F|  |TAMS 0x0000000089d00000, 0x0000000089d00000| Untracked 
| 130|0x0000000089e00000, 0x0000000089e00000, 0x0000000089f00000|  0%| F|  |TAMS 0x0000000089e00000, 0x0000000089e00000| Untracked 
| 131|0x0000000089f00000, 0x0000000089f00000, 0x000000008a000000|  0%| F|  |TAMS 0x0000000089f00000, 0x0000000089f00000| Untracked 
| 132|0x000000008a000000, 0x000000008a000000, 0x000000008a100000|  0%| F|  |TAMS 0x000000008a000000, 0x000000008a000000| Untracked 
| 133|0x000000008a100000, 0x000000008a100000, 0x000000008a200000|  0%| F|  |TAMS 0x000000008a100000, 0x000000008a100000| Untracked 
| 134|0x000000008a200000, 0x000000008a200000, 0x000000008a300000|  0%| F|  |TAMS 0x000000008a200000, 0x000000008a200000| Untracked 
| 135|0x000000008a300000, 0x000000008a300000, 0x000000008a400000|  0%| F|  |TAMS 0x000000008a300000, 0x000000008a300000| Untracked 
| 136|0x000000008a400000, 0x000000008a400000, 0x000000008a500000|  0%| F|  |TAMS 0x000000008a400000, 0x000000008a400000| Untracked 
| 137|0x000000008a500000, 0x000000008a500000, 0x000000008a600000|  0%| F|  |TAMS 0x000000008a500000, 0x000000008a500000| Untracked 
| 138|0x000000008a600000, 0x000000008a600000, 0x000000008a700000|  0%| F|  |TAMS 0x000000008a600000, 0x000000008a600000| Untracked 
| 139|0x000000008a700000, 0x000000008a700000, 0x000000008a800000|  0%| F|  |TAMS 0x000000008a700000, 0x000000008a700000| Untracked 
| 140|0x000000008a800000, 0x000000008a800000, 0x000000008a900000|  0%| F|  |TAMS 0x000000008a800000, 0x000000008a800000| Untracked 
| 141|0x000000008a900000, 0x000000008a900000, 0x000000008aa00000|  0%| F|  |TAMS 0x000000008a900000, 0x000000008a900000| Untracked 
| 142|0x000000008aa00000, 0x000000008aa00000, 0x000000008ab00000|  0%| F|  |TAMS 0x000000008aa00000, 0x000000008aa00000| Untracked 
| 143|0x000000008ab00000, 0x000000008ab00000, 0x000000008ac00000|  0%| F|  |TAMS 0x000000008ab00000, 0x000000008ab00000| Untracked 
| 144|0x000000008ac00000, 0x000000008ac00000, 0x000000008ad00000|  0%| F|  |TAMS 0x000000008ac00000, 0x000000008ac00000| Untracked 
| 145|0x000000008ad00000, 0x000000008ad00000, 0x000000008ae00000|  0%| F|  |TAMS 0x000000008ad00000, 0x000000008ad00000| Untracked 
| 146|0x000000008ae00000, 0x000000008ae00000, 0x000000008af00000|  0%| F|  |TAMS 0x000000008ae00000, 0x000000008ae00000| Untracked 
| 147|0x000000008af00000, 0x000000008af00000, 0x000000008b000000|  0%| F|  |TAMS 0x000000008af00000, 0x000000008af00000| Untracked 
| 148|0x000000008b000000, 0x000000008b000000, 0x000000008b100000|  0%| F|  |TAMS 0x000000008b000000, 0x000000008b000000| Untracked 
| 149|0x000000008b100000, 0x000000008b100000, 0x000000008b200000|  0%| F|  |TAMS 0x000000008b100000, 0x000000008b100000| Untracked 
| 150|0x000000008b200000, 0x000000008b200000, 0x000000008b300000|  0%| F|  |TAMS 0x000000008b200000, 0x000000008b200000| Untracked 
| 151|0x000000008b300000, 0x000000008b300000, 0x000000008b400000|  0%| F|  |TAMS 0x000000008b300000, 0x000000008b300000| Untracked 
| 152|0x000000008b400000, 0x000000008b400000, 0x000000008b500000|  0%| F|  |TAMS 0x000000008b400000, 0x000000008b400000| Untracked 
| 153|0x000000008b500000, 0x000000008b500000, 0x000000008b600000|  0%| F|  |TAMS 0x000000008b500000, 0x000000008b500000| Untracked 
| 154|0x000000008b600000, 0x000000008b600000, 0x000000008b700000|  0%| F|  |TAMS 0x000000008b600000, 0x000000008b600000| Untracked 
| 155|0x000000008b700000, 0x000000008b700000, 0x000000008b800000|  0%| F|  |TAMS 0x000000008b700000, 0x000000008b700000| Untracked 

Card table byte_map: [0x00000144bede0000,0x00000144bf1e0000] _byte_map_base: 0x00000144be9d2000

Marking Bits (Prev, Next): (CMBitMap*) 0x00000144ac02fbf0, (CMBitMap*) 0x00000144ac02fc30
 Prev Bits: [0x00000144bf5e0000, 0x00000144c1570000)
 Next Bits: [0x00000144c1570000, 0x00000144c3500000)

Polling page: 0x00000144a9f60000

Metaspace:

Usage:
  Non-class:     36.37 MB used.
      Class:      4.15 MB used.
       Both:     40.53 MB used.

Virtual space:
  Non-class space:       40.00 MB reserved,      36.56 MB ( 91%) committed,  5 nodes.
      Class space:        1.00 GB reserved,       4.31 MB ( <1%) committed,  1 nodes.
             Both:        1.04 GB reserved,      40.88 MB (  4%) committed. 

Chunk freelists:
   Non-Class:  3.38 MB
       Class:  3.69 MB
        Both:  7.06 MB

MaxMetaspaceSize: unlimited
CompressedClassSpaceSize: 1.00 GB
Initial GC threshold: 21.00 MB
Current GC threshold: 58.88 MB
CDS: off
MetaspaceReclaimPolicy: balanced
 - commit_granule_bytes: 65536.
 - commit_granule_words: 8192.
 - virtual_space_node_default_size: 1048576.
 - enlarge_chunks_in_place: 1.
 - new_chunks_are_fully_committed: 0.
 - uncommit_free_chunks: 1.
 - use_allocation_guard: 0.
 - handle_deallocations: 1.


Internal statistics:

num_allocs_failed_limit: 6.
num_arena_births: 242.
num_arena_deaths: 0.
num_vsnodes_births: 6.
num_vsnodes_deaths: 0.
num_space_committed: 654.
num_space_uncommitted: 0.
num_chunks_returned_to_freelist: 6.
num_chunks_taken_from_freelist: 1439.
num_chunk_merges: 6.
num_chunk_splits: 963.
num_chunks_enlarged: 712.
num_purges: 0.
num_inconsistent_stats: 0.

CodeHeap 'non-profiled nmethods': size=120000Kb used=4827Kb max_used=5654Kb free=115172Kb
 bounds [0x00000144b7180000, 0x00000144b7710000, 0x00000144be6b0000]
CodeHeap 'profiled nmethods': size=120000Kb used=14632Kb max_used=16267Kb free=105367Kb
 bounds [0x00000144afc50000, 0x00000144b0c40000, 0x00000144b7180000]
CodeHeap 'non-nmethods': size=5760Kb used=1301Kb max_used=1383Kb free=4458Kb
 bounds [0x00000144af6b0000, 0x00000144af920000, 0x00000144afc50000]
 total_blobs=7143 nmethods=6601 adapters=454
 compilation: enabled
              stopped_count=0, restarted_count=0
 full_count=0

Compilation events (20 events):
Event: 9.993 Thread 0x00000144c5f80230 8041       3       org.apache.maven.RepositoryUtils::toProxy (56 bytes)
Event: 9.993 Thread 0x00000144c5f80230 nmethod 8041 0x00000144b04d1290 code [0x00000144b04d14c0, 0x00000144b04d1b38]
Event: 9.993 Thread 0x00000144c5f80230 8042       3       java.io.BufferedInputStream::<init> (32 bytes)
Event: 9.994 Thread 0x00000144c5f80230 nmethod 8042 0x00000144afd22010 code [0x00000144afd221e0, 0x00000144afd22688]
Event: 9.995 Thread 0x00000144c5f80230 8044       3       org.apache.maven.model.management.DefaultDependencyManagementInjector$ManagementModelMerger::mergeDependency_Exclusions (70 bytes)
Event: 9.996 Thread 0x00000144c5f80230 nmethod 8044 0x00000144b0474910 code [0x00000144b0474be0, 0x00000144b0475d98]
Event: 9.996 Thread 0x00000144c5f80230 8043       3       org.apache.maven.model.management.DefaultDependencyManagementInjector$ManagementModelMerger::mergeDependency_Optional (1 bytes)
Event: 9.997 Thread 0x00000144c5f80230 nmethod 8043 0x00000144afe5a210 code [0x00000144afe5a3a0, 0x00000144afe5a4b8]
Event: 9.997 Thread 0x00000144c5f80230 8045       3       java.lang.Thread::getContextClassLoader (32 bytes)
Event: 9.997 Thread 0x00000144c5f80230 nmethod 8045 0x00000144afd5cc90 code [0x00000144afd5cec0, 0x00000144afd5d878]
Event: 9.998 Thread 0x00000144c5f80230 8046       3       org.codehaus.plexus.interpolation.PrefixedValueSourceWrapper::<init> (37 bytes)
Event: 9.998 Thread 0x00000144c5f80230 nmethod 8046 0x00000144b006d510 code [0x00000144b006d6e0, 0x00000144b006dc18]
Event: 10.000 Thread 0x00000144c5f80230 8047       3       java.util.Arrays$ArrayList::toArray (47 bytes)
Event: 10.000 Thread 0x00000144c5f80230 nmethod 8047 0x00000144b07a7710 code [0x00000144b07a7900, 0x00000144b07a7e98]
Event: 10.000 Thread 0x00000144c5f80230 8048       3       org.codehaus.plexus.interpolation.StringSearchInterpolator::addPostProcessor (12 bytes)
Event: 10.000 Thread 0x00000144c5f80230 nmethod 8048 0x00000144afede990 code [0x00000144afedeb40, 0x00000144afeded28]
Event: 10.001 Thread 0x00000144c5f80230 8049       3       org.apache.maven.bridge.MavenRepositorySystem::createArtifactX (17 bytes)
Event: 10.001 Thread 0x00000144c5f80230 nmethod 8049 0x00000144afe6d010 code [0x00000144afe6d1a0, 0x00000144afe6d348]
Event: 10.001 Thread 0x00000144c5f80230 8050       3       org.apache.maven.bridge.MavenRepositorySystem::createArtifactX (138 bytes)
Event: 10.002 Thread 0x00000144c5f80230 nmethod 8050 0x00000144b0718610 code [0x00000144b0718860, 0x00000144b0718f68]

GC Heap History (20 events):
Event: 2.956 GC heap after
{Heap after GC invocations=9 (full 0):
 garbage-first heap   total 79872K, used 12792K [0x0000000081c00000, 0x0000000100000000)
  region size 1024K, 4 young (4096K), 4 survivors (4096K)
 Metaspace       used 23306K, committed 23552K, reserved 1073152K
  class space    used 2343K, committed 2496K, reserved 1048576K
}
Event: 3.120 GC heap before
{Heap before GC invocations=9 (full 0):
 garbage-first heap   total 79872K, used 42488K [0x0000000081c00000, 0x0000000100000000)
  region size 1024K, 14 young (14336K), 4 survivors (4096K)
 Metaspace       used 24254K, committed 24448K, reserved 1073152K
  class space    used 2440K, committed 2560K, reserved 1048576K
}
Event: 3.125 GC heap after
{Heap after GC invocations=10 (full 0):
 garbage-first heap   total 79872K, used 33669K [0x0000000081c00000, 0x0000000100000000)
  region size 1024K, 4 young (4096K), 4 survivors (4096K)
 Metaspace       used 24254K, committed 24448K, reserved 1073152K
  class space    used 2440K, committed 2560K, reserved 1048576K
}
Event: 3.139 GC heap before
{Heap before GC invocations=10 (full 0):
 garbage-first heap   total 79872K, used 45957K [0x0000000081c00000, 0x0000000100000000)
  region size 1024K, 5 young (5120K), 4 survivors (4096K)
 Metaspace       used 24311K, committed 24512K, reserved 1073152K
  class space    used 2447K, committed 2560K, reserved 1048576K
}
Event: 3.144 GC heap after
{Heap after GC invocations=11 (full 0):
 garbage-first heap   total 79872K, used 13297K [0x0000000081c00000, 0x0000000100000000)
  region size 1024K, 1 young (1024K), 1 survivors (1024K)
 Metaspace       used 24311K, committed 24512K, reserved 1073152K
  class space    used 2447K, committed 2560K, reserved 1048576K
}
Event: 3.146 GC heap before
{Heap before GC invocations=11 (full 0):
 garbage-first heap   total 79872K, used 33777K [0x0000000081c00000, 0x0000000100000000)
  region size 1024K, 2 young (2048K), 1 survivors (1024K)
 Metaspace       used 24311K, committed 24512K, reserved 1073152K
  class space    used 2447K, committed 2560K, reserved 1048576K
}
Event: 3.148 GC heap after
{Heap after GC invocations=12 (full 0):
 garbage-first heap   total 159744K, used 33417K [0x0000000081c00000, 0x0000000100000000)
  region size 1024K, 1 young (1024K), 1 survivors (1024K)
 Metaspace       used 24311K, committed 24512K, reserved 1073152K
  class space    used 2447K, committed 2560K, reserved 1048576K
}
Event: 4.161 GC heap before
{Heap before GC invocations=12 (full 0):
 garbage-first heap   total 159744K, used 140937K [0x0000000081c00000, 0x0000000100000000)
  region size 1024K, 92 young (94208K), 1 survivors (1024K)
 Metaspace       used 31346K, committed 31616K, reserved 1081344K
  class space    used 3279K, committed 3456K, reserved 1048576K
}
Event: 4.164 GC heap after
{Heap after GC invocations=13 (full 0):
 garbage-first heap   total 159744K, used 19074K [0x0000000081c00000, 0x0000000100000000)
  region size 1024K, 6 young (6144K), 6 survivors (6144K)
 Metaspace       used 31346K, committed 31616K, reserved 1081344K
  class space    used 3279K, committed 3456K, reserved 1048576K
}
Event: 5.883 GC heap before
{Heap before GC invocations=13 (full 0):
 garbage-first heap   total 159744K, used 110210K [0x0000000081c00000, 0x0000000100000000)
  region size 1024K, 93 young (95232K), 6 survivors (6144K)
 Metaspace       used 35672K, committed 36032K, reserved 1089536K
  class space    used 3672K, committed 3840K, reserved 1048576K
}
Event: 5.901 GC heap after
{Heap after GC invocations=14 (full 0):
 garbage-first heap   total 159744K, used 34850K [0x0000000081c00000, 0x0000000100000000)
  region size 1024K, 12 young (12288K), 12 survivors (12288K)
 Metaspace       used 35672K, committed 36032K, reserved 1089536K
  class space    used 3672K, committed 3840K, reserved 1048576K
}
Event: 5.932 GC heap before
{Heap before GC invocations=14 (full 0):
 garbage-first heap   total 159744K, used 35874K [0x0000000081c00000, 0x0000000100000000)
  region size 1024K, 14 young (14336K), 12 survivors (12288K)
 Metaspace       used 35798K, committed 36096K, reserved 1089536K
  class space    used 3683K, committed 3840K, reserved 1048576K
}
Event: 5.943 GC heap after
{Heap after GC invocations=15 (full 0):
 garbage-first heap   total 159744K, used 35833K [0x0000000081c00000, 0x0000000100000000)
  region size 1024K, 1 young (1024K), 1 survivors (1024K)
 Metaspace       used 35798K, committed 36096K, reserved 1089536K
  class space    used 3683K, committed 3840K, reserved 1048576K
}
Event: 7.650 GC heap before
{Heap before GC invocations=16 (full 0):
 garbage-first heap   total 122880K, used 111609K [0x0000000081c00000, 0x0000000100000000)
  region size 1024K, 76 young (77824K), 1 survivors (1024K)
 Metaspace       used 37949K, committed 38272K, reserved 1089536K
  class space    used 3921K, committed 4096K, reserved 1048576K
}
Event: 7.657 GC heap after
{Heap after GC invocations=17 (full 0):
 garbage-first heap   total 122880K, used 36582K [0x0000000081c00000, 0x0000000100000000)
  region size 1024K, 2 young (2048K), 2 survivors (2048K)
 Metaspace       used 37949K, committed 38272K, reserved 1089536K
  class space    used 3921K, committed 4096K, reserved 1048576K
}
Event: 8.841 GC heap before
{Heap before GC invocations=17 (full 0):
 garbage-first heap   total 122880K, used 102118K [0x0000000081c00000, 0x0000000100000000)
  region size 1024K, 63 young (64512K), 2 survivors (2048K)
 Metaspace       used 38578K, committed 38976K, reserved 1089536K
  class space    used 3962K, committed 4160K, reserved 1048576K
}
Event: 8.856 GC heap after
{Heap after GC invocations=18 (full 0):
 garbage-first heap   total 122880K, used 53889K [0x0000000081c00000, 0x0000000100000000)
  region size 1024K, 8 young (8192K), 8 survivors (8192K)
 Metaspace       used 38578K, committed 38976K, reserved 1089536K
  class space    used 3962K, committed 4160K, reserved 1048576K
}
Event: 9.609 GC heap before
{Heap before GC invocations=18 (full 0):
 garbage-first heap   total 122880K, used 90753K [0x0000000081c00000, 0x0000000100000000)
  region size 1024K, 45 young (46080K), 8 survivors (8192K)
 Metaspace       used 39995K, committed 40320K, reserved 1089536K
  class space    used 4126K, committed 4288K, reserved 1048576K
}
Event: 9.618 GC heap after
{Heap after GC invocations=19 (full 0):
 garbage-first heap   total 122880K, used 51089K [0x0000000081c00000, 0x0000000100000000)
  region size 1024K, 2 young (2048K), 2 survivors (2048K)
 Metaspace       used 39995K, committed 40320K, reserved 1089536K
  class space    used 4126K, committed 4288K, reserved 1048576K
}
Event: 10.002 GC heap before
{Heap before GC invocations=19 (full 0):
 garbage-first heap   total 122880K, used 93073K [0x0000000081c00000, 0x0000000100000000)
  region size 1024K, 43 young (44032K), 2 survivors (2048K)
 Metaspace       used 41499K, committed 41856K, reserved 1089536K
  class space    used 4252K, committed 4416K, reserved 1048576K
}

Deoptimization events (20 events):
Event: 9.978 Thread 0x00000144abff1ac0 Uncommon trap: trap_request=0xffffffd6 fr.pc=0x00000144b75dd738 relative=0x0000000000000498
Event: 9.978 Thread 0x00000144abff1ac0 Uncommon trap: reason=array_check action=maybe_recompile pc=0x00000144b75dd738 method=java.util.HashMap.keysToArray([Ljava/lang/Object;)[Ljava/lang/Object; @ 62 c2
Event: 9.978 Thread 0x00000144abff1ac0 DEOPT PACKING pc=0x00000144b75dd738 sp=0x00000012306fc220
Event: 9.978 Thread 0x00000144abff1ac0 DEOPT UNPACKING pc=0x00000144af7023a3 sp=0x00000012306fc1b8 mode 2
Event: 9.978 Thread 0x00000144abff1ac0 Uncommon trap: trap_request=0xffffffd6 fr.pc=0x00000144b75dd738 relative=0x0000000000000498
Event: 9.978 Thread 0x00000144abff1ac0 Uncommon trap: reason=array_check action=maybe_recompile pc=0x00000144b75dd738 method=java.util.HashMap.keysToArray([Ljava/lang/Object;)[Ljava/lang/Object; @ 62 c2
Event: 9.978 Thread 0x00000144abff1ac0 DEOPT PACKING pc=0x00000144b75dd738 sp=0x00000012306fc0a0
Event: 9.978 Thread 0x00000144abff1ac0 DEOPT UNPACKING pc=0x00000144af7023a3 sp=0x00000012306fc038 mode 2
Event: 9.978 Thread 0x00000144abff1ac0 Uncommon trap: trap_request=0xffffffd6 fr.pc=0x00000144b75dd738 relative=0x0000000000000498
Event: 9.978 Thread 0x00000144abff1ac0 Uncommon trap: reason=array_check action=maybe_recompile pc=0x00000144b75dd738 method=java.util.HashMap.keysToArray([Ljava/lang/Object;)[Ljava/lang/Object; @ 62 c2
Event: 9.978 Thread 0x00000144abff1ac0 DEOPT PACKING pc=0x00000144b75dd738 sp=0x00000012306fc0a0
Event: 9.978 Thread 0x00000144abff1ac0 DEOPT UNPACKING pc=0x00000144af7023a3 sp=0x00000012306fc038 mode 2
Event: 9.978 Thread 0x00000144abff1ac0 Uncommon trap: trap_request=0xffffffd6 fr.pc=0x00000144b75dd738 relative=0x0000000000000498
Event: 9.978 Thread 0x00000144abff1ac0 Uncommon trap: reason=array_check action=maybe_recompile pc=0x00000144b75dd738 method=java.util.HashMap.keysToArray([Ljava/lang/Object;)[Ljava/lang/Object; @ 62 c2
Event: 9.978 Thread 0x00000144abff1ac0 DEOPT PACKING pc=0x00000144b75dd738 sp=0x00000012306fc0a0
Event: 9.978 Thread 0x00000144abff1ac0 DEOPT UNPACKING pc=0x00000144af7023a3 sp=0x00000012306fc038 mode 2
Event: 10.002 Thread 0x00000144abff1ac0 Uncommon trap: trap_request=0xffffff45 fr.pc=0x00000144b7493b34 relative=0x0000000000000034
Event: 10.002 Thread 0x00000144abff1ac0 Uncommon trap: reason=unstable_if action=reinterpret pc=0x00000144b7493b34 method=java.util.concurrent.locks.AbstractQueuedSynchronizer.signalNext(Ljava/util/concurrent/locks/AbstractQueuedSynchronizer$Node;)V @ 1 c2
Event: 10.002 Thread 0x00000144abff1ac0 DEOPT PACKING pc=0x00000144b7493b34 sp=0x00000012306fd3b0
Event: 10.002 Thread 0x00000144abff1ac0 DEOPT UNPACKING pc=0x00000144af7023a3 sp=0x00000012306fd340 mode 2

Classes unloaded (0 events):
No events

Classes redefined (0 events):
No events

Internal exceptions (20 events):
Event: 9.341 Thread 0x00000144abff1ac0 Exception <a 'sun/nio/fs/WindowsException'{0x000000008791eda0}> (0x000000008791eda0) 
thrown [e:\jenkins\tmp\workspace\build\src\src\hotspot\share\prims\jni.cpp, line 516]
Event: 9.342 Thread 0x00000144abff1ac0 Exception <a 'sun/nio/fs/WindowsException'{0x000000008791fc88}> (0x000000008791fc88) 
thrown [e:\jenkins\tmp\workspace\build\src\src\hotspot\share\prims\jni.cpp, line 516]
Event: 9.342 Thread 0x00000144abff1ac0 Exception <a 'sun/nio/fs/WindowsException'{0x000000008791ffd8}> (0x000000008791ffd8) 
thrown [e:\jenkins\tmp\workspace\build\src\src\hotspot\share\prims\jni.cpp, line 516]
Event: 9.342 Thread 0x00000144abff1ac0 Exception <a 'sun/nio/fs/WindowsException'{0x0000000087920f78}> (0x0000000087920f78) 
thrown [e:\jenkins\tmp\workspace\build\src\src\hotspot\share\prims\jni.cpp, line 516]
Event: 9.342 Thread 0x00000144abff1ac0 Exception <a 'sun/nio/fs/WindowsException'{0x0000000087921230}> (0x0000000087921230) 
thrown [e:\jenkins\tmp\workspace\build\src\src\hotspot\share\prims\jni.cpp, line 516]
Event: 9.351 Thread 0x00000144abff1ac0 Exception <a 'sun/nio/fs/WindowsException'{0x00000000879e7aa8}> (0x00000000879e7aa8) 
thrown [e:\jenkins\tmp\workspace\build\src\src\hotspot\share\prims\jni.cpp, line 516]
Event: 9.353 Thread 0x00000144abff1ac0 Exception <a 'sun/nio/fs/WindowsException'{0x00000000879fe1d8}> (0x00000000879fe1d8) 
thrown [e:\jenkins\tmp\workspace\build\src\src\hotspot\share\prims\jni.cpp, line 516]
Event: 9.356 Thread 0x00000144abff1ac0 Exception <a 'sun/nio/fs/WindowsException'{0x0000000087816dd0}> (0x0000000087816dd0) 
thrown [e:\jenkins\tmp\workspace\build\src\src\hotspot\share\prims\jni.cpp, line 516]
Event: 9.357 Thread 0x00000144abff1ac0 Exception <a 'sun/nio/fs/WindowsException'{0x00000000878174d8}> (0x00000000878174d8) 
thrown [e:\jenkins\tmp\workspace\build\src\src\hotspot\share\prims\jni.cpp, line 516]
Event: 9.357 Thread 0x00000144abff1ac0 Exception <a 'sun/nio/fs/WindowsException'{0x0000000087817a98}> (0x0000000087817a98) 
thrown [e:\jenkins\tmp\workspace\build\src\src\hotspot\share\prims\jni.cpp, line 516]
Event: 9.357 Thread 0x00000144abff1ac0 Exception <a 'sun/nio/fs/WindowsException'{0x0000000087818190}> (0x0000000087818190) 
thrown [e:\jenkins\tmp\workspace\build\src\src\hotspot\share\prims\jni.cpp, line 516]
Event: 9.357 Thread 0x00000144abff1ac0 Exception <a 'sun/nio/fs/WindowsException'{0x0000000087818430}> (0x0000000087818430) 
thrown [e:\jenkins\tmp\workspace\build\src\src\hotspot\share\prims\jni.cpp, line 516]
Event: 9.358 Thread 0x00000144abff1ac0 Exception <a 'sun/nio/fs/WindowsException'{0x0000000087819090}> (0x0000000087819090) 
thrown [e:\jenkins\tmp\workspace\build\src\src\hotspot\share\prims\jni.cpp, line 516]
Event: 9.358 Thread 0x00000144abff1ac0 Exception <a 'sun/nio/fs/WindowsException'{0x00000000878192f0}> (0x00000000878192f0) 
thrown [e:\jenkins\tmp\workspace\build\src\src\hotspot\share\prims\jni.cpp, line 516]
Event: 9.358 Thread 0x00000144abff1ac0 Exception <a 'sun/nio/fs/WindowsException'{0x0000000087819f40}> (0x0000000087819f40) 
thrown [e:\jenkins\tmp\workspace\build\src\src\hotspot\share\prims\jni.cpp, line 516]
Event: 9.838 Thread 0x00000144abff1ac0 Exception <a 'java/lang/NoSuchMethodError'{0x0000000087f531b8}: 'java.lang.String org.apache.maven.execution.MavenExecutionRequest.getFailureBehavior()'> (0x0000000087f531b8) 
thrown [e:\jenkins\tmp\workspace\build\src\src\hotspot\share\interpreter\linkResolver.cpp, line 862]
Event: 9.840 Thread 0x00000144ce0430a0 Exception <a 'java/lang/NoSuchMethodError'{0x000000008806c408}: 'java.lang.Object java.lang.invoke.DirectMethodHandle$Holder.invokeStaticInit(java.lang.Object, java.lang.Object, long, java.lang.Object)'> (0x000000008806c408) 
thrown [e:\jenkins\tmp\workspace\build\src\src\hotspot\share\interpreter\linkResolver.cpp, line 766]
Event: 9.840 Thread 0x00000144ce0430a0 Exception <a 'java/lang/NoSuchMethodError'{0x0000000087f86988}: 'java.lang.Object java.lang.invoke.DirectMethodHandle$Holder.newInvokeSpecial(java.lang.Object, java.lang.Object, long)'> (0x0000000087f86988) 
thrown [e:\jenkins\tmp\workspace\build\src\src\hotspot\share\interpreter\linkResolver.cpp, line 766]
Event: 9.841 Thread 0x00000144ce0430a0 Exception <a 'java/lang/NoSuchMethodError'{0x0000000087f8a4f8}: 'java.lang.Object java.lang.invoke.Invokers$Holder.linkToTargetMethod(java.lang.Object, long, java.lang.Object)'> (0x0000000087f8a4f8) 
thrown [e:\jenkins\tmp\workspace\build\src\src\hotspot\share\interpreter\linkResolver.cpp, line 766]
Event: 9.893 Thread 0x00000144abff1ac0 Exception <a 'java/lang/NoSuchMethodError'{0x0000000087dadd60}: 'java.lang.Object java.lang.invoke.DirectMethodHandle$Holder.invokeStaticInit(java.lang.Object, java.lang.Object, int, int, int, int)'> (0x0000000087dadd60) 
thrown [e:\jenkins\tmp\workspace\build\src\src\hotspot\share\interpreter\linkResolver.cpp, line 766]

VM Operations (20 events):
Event: 8.856 Executing VM operation: G1CollectForAllocation done
Event: 9.109 Executing VM operation: ICBufferFull
Event: 9.110 Executing VM operation: ICBufferFull done
Event: 9.609 Executing VM operation: G1CollectForAllocation
Event: 9.618 Executing VM operation: G1CollectForAllocation done
Event: 9.618 Executing VM operation: Cleanup
Event: 9.618 Executing VM operation: Cleanup done
Event: 9.822 Executing VM operation: HandshakeAllThreads
Event: 9.822 Executing VM operation: HandshakeAllThreads done
Event: 9.828 Executing VM operation: HandshakeAllThreads
Event: 9.828 Executing VM operation: HandshakeAllThreads done
Event: 9.854 Executing VM operation: HandshakeAllThreads
Event: 9.854 Executing VM operation: HandshakeAllThreads done
Event: 9.873 Executing VM operation: HandshakeAllThreads
Event: 9.873 Executing VM operation: HandshakeAllThreads done
Event: 9.873 Executing VM operation: HandshakeAllThreads
Event: 9.874 Executing VM operation: HandshakeAllThreads done
Event: 9.953 Executing VM operation: ICBufferFull
Event: 9.953 Executing VM operation: ICBufferFull done
Event: 10.002 Executing VM operation: G1CollectForAllocation

Events (20 events):
Event: 9.942 loading class java/lang/invoke/VarHandleInts$FieldStaticReadOnly done
Event: 9.942 loading class java/lang/invoke/VarHandleInts$FieldStaticReadWrite done
Event: 9.942 loading class java/util/concurrent/ForkJoinPool$DefaultForkJoinWorkerThreadFactory
Event: 9.942 loading class java/util/concurrent/ForkJoinPool$ForkJoinWorkerThreadFactory
Event: 9.942 loading class java/util/concurrent/ForkJoinPool$ForkJoinWorkerThreadFactory done
Event: 9.943 loading class java/util/concurrent/ForkJoinPool$DefaultForkJoinWorkerThreadFactory done
Event: 9.943 loading class java/util/concurrent/ForkJoinPool$1
Event: 9.943 loading class java/util/jar/JarOutputStream
Event: 9.943 loading class java/util/concurrent/ForkJoinPool$1 done
Event: 9.943 loading class java/util/concurrent/ForkJoinPool$DefaultCommonPoolForkJoinWorkerThreadFactory
Event: 9.943 loading class java/util/concurrent/ForkJoinPool$DefaultCommonPoolForkJoinWorkerThreadFactory done
Event: 9.943 loading class java/util/concurrent/ForkJoinPool$WorkQueue
Event: 9.943 loading class java/util/concurrent/ForkJoinPool$WorkQueue done
Event: 9.943 loading class java/util/concurrent/ForkJoinWorkerThread
Event: 9.943 loading class java/util/concurrent/ForkJoinWorkerThread done
Event: 9.943 loading class java/util/zip/ZipOutputStream
Event: 9.944 loading class java/util/zip/ZipOutputStream done
Event: 9.944 loading class java/util/jar/JarOutputStream done
Event: 10.001 Thread 0x00000144c86a5c20 Thread added: 0x00000144c86a5c20
Event: 10.002 Thread 0x00000144c86aa920 Thread added: 0x00000144c86aa920


Dynamic libraries:
0x00007ff71acf0000 - 0x00007ff71acfe000 	D:\Setup\sts-4.14.1.RELEASE\plugins\org.eclipse.justj.openjdk.hotspot.jre.full.win32.x86_64_17.0.2.v20220201-1208\jre\bin\javaw.exe
0x00007ffbec450000 - 0x00007ffbec648000 	C:\Windows\SYSTEM32\ntdll.dll
0x00007ffbebd70000 - 0x00007ffbebe2d000 	C:\Windows\System32\KERNEL32.DLL
0x00007ffbe9c50000 - 0x00007ffbe9f46000 	C:\Windows\System32\KERNELBASE.dll
0x00007ffbea1a0000 - 0x00007ffbea2a0000 	C:\Windows\System32\ucrtbase.dll
0x00007ffbcfdc0000 - 0x00007ffbcfdd8000 	D:\Setup\sts-4.14.1.RELEASE\plugins\org.eclipse.justj.openjdk.hotspot.jre.full.win32.x86_64_17.0.2.v20220201-1208\jre\bin\jli.dll
0x00007ffbcfde0000 - 0x00007ffbcfdf9000 	D:\Setup\sts-4.14.1.RELEASE\plugins\org.eclipse.justj.openjdk.hotspot.jre.full.win32.x86_64_17.0.2.v20220201-1208\jre\bin\VCRUNTIME140.dll
0x00007ffbec0a0000 - 0x00007ffbec23e000 	C:\Windows\System32\USER32.dll
0x00007ffbd7e50000 - 0x00007ffbd80ea000 	C:\Windows\WinSxS\amd64_microsoft.windows.common-controls_6595b64144ccf1df_6.0.19041.1110_none_60b5254171f9507e\COMCTL32.dll
0x00007ffbea2a0000 - 0x00007ffbea2c2000 	C:\Windows\System32\win32u.dll
0x00007ffbebcc0000 - 0x00007ffbebd5e000 	C:\Windows\System32\msvcrt.dll
0x00007ffbea920000 - 0x00007ffbea94c000 	C:\Windows\System32\GDI32.dll
0x00007ffbea390000 - 0x00007ffbea4aa000 	C:\Windows\System32\gdi32full.dll
0x00007ffbea0b0000 - 0x00007ffbea14d000 	C:\Windows\System32\msvcp_win.dll
0x00007ffbec370000 - 0x00007ffbec3a0000 	C:\Windows\System32\IMM32.DLL
0x00007ffbcfdb0000 - 0x00007ffbcfdbc000 	D:\Setup\sts-4.14.1.RELEASE\plugins\org.eclipse.justj.openjdk.hotspot.jre.full.win32.x86_64_17.0.2.v20220201-1208\jre\bin\vcruntime140_1.dll
0x00007ffbcfc60000 - 0x00007ffbcfcf1000 	D:\Setup\sts-4.14.1.RELEASE\plugins\org.eclipse.justj.openjdk.hotspot.jre.full.win32.x86_64_17.0.2.v20220201-1208\jre\bin\msvcp140.dll
0x00007ffb9ef00000 - 0x00007ffb9fb47000 	D:\Setup\sts-4.14.1.RELEASE\plugins\org.eclipse.justj.openjdk.hotspot.jre.full.win32.x86_64_17.0.2.v20220201-1208\jre\bin\server\jvm.dll
0x00007ffbebc10000 - 0x00007ffbebcbe000 	C:\Windows\System32\ADVAPI32.dll
0x00007ffbeaaf0000 - 0x00007ffbeab8c000 	C:\Windows\System32\sechost.dll
0x00007ffbebef0000 - 0x00007ffbec016000 	C:\Windows\System32\RPCRT4.dll
0x00007ffbeaae0000 - 0x00007ffbeaae8000 	C:\Windows\System32\PSAPI.DLL
0x00007ffbe57a0000 - 0x00007ffbe57a9000 	C:\Windows\SYSTEM32\WSOCK32.dll
0x00007ffbdae90000 - 0x00007ffbdaeb7000 	C:\Windows\SYSTEM32\WINMM.dll
0x00007ffbde8c0000 - 0x00007ffbde8ca000 	C:\Windows\SYSTEM32\VERSION.dll
0x00007ffbeaa70000 - 0x00007ffbeaadb000 	C:\Windows\System32\WS2_32.dll
0x00007ffbe79e0000 - 0x00007ffbe79f2000 	C:\Windows\SYSTEM32\kernel.appcore.dll
0x00007ffbd7730000 - 0x00007ffbd773a000 	D:\Setup\sts-4.14.1.RELEASE\plugins\org.eclipse.justj.openjdk.hotspot.jre.full.win32.x86_64_17.0.2.v20220201-1208\jre\bin\jimage.dll
0x00007ffbdd200000 - 0x00007ffbdd3e4000 	C:\Windows\SYSTEM32\DBGHELP.DLL
0x00007ffbdcde0000 - 0x00007ffbdce14000 	C:\Windows\SYSTEM32\dbgcore.DLL
0x00007ffbea2d0000 - 0x00007ffbea352000 	C:\Windows\System32\bcryptPrimitives.dll
0x00007ffbd83e0000 - 0x00007ffbd841b000 	D:\Setup\sts-4.14.1.RELEASE\plugins\org.eclipse.justj.openjdk.hotspot.jre.full.win32.x86_64_17.0.2.v20220201-1208\jre\bin\jdwp.dll
0x00007ffbe5610000 - 0x00007ffbe561e000 	D:\Setup\sts-4.14.1.RELEASE\plugins\org.eclipse.justj.openjdk.hotspot.jre.full.win32.x86_64_17.0.2.v20220201-1208\jre\bin\instrument.dll
0x00007ffbd7700000 - 0x00007ffbd7725000 	D:\Setup\sts-4.14.1.RELEASE\plugins\org.eclipse.justj.openjdk.hotspot.jre.full.win32.x86_64_17.0.2.v20220201-1208\jre\bin\java.dll
0x00007ffbd3f00000 - 0x00007ffbd3f18000 	D:\Setup\sts-4.14.1.RELEASE\plugins\org.eclipse.justj.openjdk.hotspot.jre.full.win32.x86_64_17.0.2.v20220201-1208\jre\bin\zip.dll
0x00007ffbeb200000 - 0x00007ffbeb945000 	C:\Windows\System32\SHELL32.dll
0x00007ffbe7be0000 - 0x00007ffbe837b000 	C:\Windows\SYSTEM32\windows.storage.dll
0x00007ffbeadf0000 - 0x00007ffbeb144000 	C:\Windows\System32\combase.dll
0x00007ffbe94a0000 - 0x00007ffbe94ce000 	C:\Windows\SYSTEM32\Wldp.dll
0x00007ffbeb150000 - 0x00007ffbeb1fd000 	C:\Windows\System32\SHCORE.dll
0x00007ffbebe90000 - 0x00007ffbebee5000 	C:\Windows\System32\shlwapi.dll
0x00007ffbe9a60000 - 0x00007ffbe9a85000 	C:\Windows\SYSTEM32\profapi.dll
0x00007ffbe55b0000 - 0x00007ffbe55bc000 	D:\Setup\sts-4.14.1.RELEASE\plugins\org.eclipse.justj.openjdk.hotspot.jre.full.win32.x86_64_17.0.2.v20220201-1208\jre\bin\dt_socket.dll
0x00007ffbe8ef0000 - 0x00007ffbe8f2b000 	C:\Windows\SYSTEM32\IPHLPAPI.DLL
0x00007ffbe9200000 - 0x00007ffbe926a000 	C:\Windows\system32\mswsock.dll
0x00007ffbe8f30000 - 0x00007ffbe8ffa000 	C:\Windows\SYSTEM32\DNSAPI.dll
0x00007ffbec400000 - 0x00007ffbec408000 	C:\Windows\System32\NSI.dll
0x00007ffbe3400000 - 0x00007ffbe340a000 	C:\Windows\System32\rasadhlp.dll
0x00007ffbe3310000 - 0x00007ffbe3392000 	C:\Windows\System32\fwpuclnt.dll
0x00007ffbea360000 - 0x00007ffbea387000 	C:\Windows\System32\bcrypt.dll
0x00007ffbd2cb0000 - 0x00007ffbd2cc9000 	D:\Setup\sts-4.14.1.RELEASE\plugins\org.eclipse.justj.openjdk.hotspot.jre.full.win32.x86_64_17.0.2.v20220201-1208\jre\bin\net.dll
0x00007ffbe3510000 - 0x00007ffbe361a000 	C:\Windows\SYSTEM32\WINHTTP.dll
0x00007ffbd2b20000 - 0x00007ffbd2b35000 	D:\Setup\sts-4.14.1.RELEASE\plugins\org.eclipse.justj.openjdk.hotspot.jre.full.win32.x86_64_17.0.2.v20220201-1208\jre\bin\nio.dll
0x00007ffbd3b10000 - 0x00007ffbd3b20000 	D:\Setup\sts-4.14.1.RELEASE\plugins\org.eclipse.justj.openjdk.hotspot.jre.full.win32.x86_64_17.0.2.v20220201-1208\jre\bin\verify.dll
0x0000000069ac0000 - 0x0000000069ae4000 	C:\Users\komodo-pc\AppData\Local\Temp\jansi-2.4.0-cc68183795f07df6-jansi.dll
0x00007ffbe9400000 - 0x00007ffbe9418000 	C:\Windows\SYSTEM32\CRYPTSP.dll
0x00007ffbe8b10000 - 0x00007ffbe8b44000 	C:\Windows\system32\rsaenh.dll
0x00007ffbe9a20000 - 0x00007ffbe9a4e000 	C:\Windows\SYSTEM32\USERENV.dll
0x00007ffbe93f0000 - 0x00007ffbe93fc000 	C:\Windows\SYSTEM32\CRYPTBASE.dll
0x00007ffbe41f0000 - 0x00007ffbe4207000 	C:\Windows\SYSTEM32\dhcpcsvc6.DLL
0x00007ffbe41d0000 - 0x00007ffbe41ed000 	C:\Windows\SYSTEM32\dhcpcsvc.DLL

dbghelp: loaded successfully - version: 4.0.5 - missing functions: none
symbol engine: initialized successfully - sym options: 0x614 - pdb path: .;D:\Setup\sts-4.14.1.RELEASE\plugins\org.eclipse.justj.openjdk.hotspot.jre.full.win32.x86_64_17.0.2.v20220201-1208\jre\bin;C:\Windows\SYSTEM32;C:\Windows\WinSxS\amd64_microsoft.windows.common-controls_6595b64144ccf1df_6.0.19041.1110_none_60b5254171f9507e;D:\Setup\sts-4.14.1.RELEASE\plugins\org.eclipse.justj.openjdk.hotspot.jre.full.win32.x86_64_17.0.2.v20220201-1208\jre\bin\server;C:\Users\komodo-pc\AppData\Local\Temp

VM Arguments:
jvm_args: -XX:+ShowCodeDetailsInExceptionMessages -agentlib:jdwp=transport=dt_socket,suspend=y,address=localhost:53523 -Dmaven.home=EMBEDDED -Dclassworlds.conf=D:\workspaces\.metadata\.plugins\org.eclipse.m2e.launching\launches\m2conf3629337488772504465.tmp -Dmaven.multiModuleProjectDirectory=E:\workspaces\0910\cc-2609 -Djansi.force=true -Djansi.passthrough=true -javaagent:D:\Setup\sts-4.14.1.RELEASE\configuration\org.eclipse.osgi\265\0\.cp\lib\javaagent-shaded.jar -Dfile.encoding=Cp1252 
java_command: org.codehaus.plexus.classworlds.launcher.Launcher -B install -Dstyle.color=always
java_class_path (initial): D:\Setup\sts-4.14.1.RELEASE\plugins\org.eclipse.m2e.maven.runtime_1.18.3.20220227-1319\jars\plexus-classworlds-2.6.0.jar
Launcher Type: SUN_STANDARD

[Global flags]
     intx CICompilerCount                          = 4                                         {product} {ergonomic}
     uint ConcGCThreads                            = 2                                         {product} {ergonomic}
     uint G1ConcRefinementThreads                  = 8                                         {product} {ergonomic}
   size_t G1HeapRegionSize                         = 1048576                                   {product} {ergonomic}
    uintx GCDrainStackTargetSize                   = 64                                        {product} {ergonomic}
   size_t InitialHeapSize                          = 134217728                                 {product} {ergonomic}
   size_t MarkStackSize                            = 4194304                                   {product} {ergonomic}
   size_t MaxHeapSize                              = 2118123520                                {product} {ergonomic}
   size_t MaxNewSize                               = 1270874112                                {product} {ergonomic}
   size_t MinHeapDeltaBytes                        = 1048576                                   {product} {ergonomic}
   size_t MinHeapSize                              = 8388608                                   {product} {ergonomic}
    uintx NonNMethodCodeHeapSize                   = 5839372                                {pd product} {ergonomic}
    uintx NonProfiledCodeHeapSize                  = 122909434                              {pd product} {ergonomic}
    uintx ProfiledCodeHeapSize                     = 122909434                              {pd product} {ergonomic}
    uintx ReservedCodeCacheSize                    = 251658240                              {pd product} {ergonomic}
     bool SegmentedCodeCache                       = true                                      {product} {ergonomic}
     bool ShowCodeDetailsInExceptionMessages       = true                                   {manageable} {command line}
   size_t SoftMaxHeapSize                          = 2118123520                             {manageable} {ergonomic}
     bool UseCompressedClassPointers               = true                           {product lp64_product} {ergonomic}
     bool UseCompressedOops                        = true                           {product lp64_product} {ergonomic}
     bool UseG1GC                                  = true                                      {product} {ergonomic}
     bool UseLargePagesIndividualAllocation        = false                                  {pd product} {ergonomic}

Logging:
Log output configuration:
 #0: stdout all=warning uptime,level,tags
 #1: stderr all=off uptime,level,tags

Environment Variables:
PATH=D:\Setup\sts-4.14.1.RELEASE\plugins\org.eclipse.justj.openjdk.hotspot.jre.full.win32.x86_64_17.0.2.v20220201-1208\jre\bin;D:/Setup/sts-4.14.1.RELEASE//plugins/org.eclipse.justj.openjdk.hotspot.jre.full.win32.x86_64_17.0.2.v20220201-1208/jre/bin/server;D:/Setup/sts-4.14.1.RELEASE//plugins/org.eclipse.justj.openjdk.hotspot.jre.full.win32.x86_64_17.0.2.v20220201-1208/jre/bin;C:\Program Files\Common Files\Oracle\Java\javapath;C:\Windows\system32;C:\Windows;C:\Windows\System32\Wbem;C:\Windows\System32\WindowsPowerShell\v1.0\;C:\Windows\System32\OpenSSH\;C:\Program Files\Git\cmd;C:\Users\komodo-pc\AppData\Local\Microsoft\WindowsApps;;D:\Setup\sts-4.14.1.RELEASE;
USERNAME=komodo-pc
OS=Windows_NT
PROCESSOR_IDENTIFIER=Intel64 Family 6 Model 58 Stepping 9, GenuineIntel



---------------  S Y S T E M  ---------------

OS:
 Windows 10 , 64 bit Build 19041 (10.0.19041.3393)
OS uptime: 0 days 1:22 hours

CPU: total 8 (initial active 8) (4 cores per cpu, 2 threads per core) family 6 model 58 stepping 9 microcode 0x21, cx8, cmov, fxsr, ht, mmx, sse, sse2, sse3, ssse3, sse4.1, sse4.2, popcnt, tsc, tscinvbit, avx, aes, erms, clmul, vzeroupper, clflush

Memory: 4k page, system-wide physical 8078M (495M free)
TotalPageFile size 14818M (AvailPageFile size 22M)
current process WorkingSet (physical memory assigned to process): 332M, peak: 341M
current process commit charge ("private bytes"): 398M, peak: 492M

vm_info: OpenJDK 64-Bit Server VM (17.0.2+8) for windows-amd64 JRE (17.0.2+8), built on Jan 20 2022 04:52:34 by "" with MS VC++ 16.7 (VS2019)

END.
